#-----------------------------------------------------------
# Webtalk v2016.4 (64-bit)
# SW Build 1733598 on Wed Dec 14 22:35:39 MST 2016
# 
# Start of session at: Sun Jul 09 14:19:22 2017
# Process ID: 9168
# Current directory: D:/z-turn_lwip_test_sucessful/mys-xc7z020-trd/mys-xc7z020-trd.sdk/webtalk
# Command line: wbtcv.exe -mode batch -source sdk_webtalk.tcl
# Log file: D:/z-turn_lwip_test_sucessful/mys-xc7z020-trd/mys-xc7z020-trd.sdk/webtalk/webtalk.log
# Journal file: D:/z-turn_lwip_test_sucessful/mys-xc7z020-trd/mys-xc7z020-trd.sdk/webtalk\webtalk.jou
#-----------------------------------------------------------
source sdk_webtalk.tcl
# webtalk_init -webtalk_dir D:\\z-turn_lwip_test_sucessful\\mys-xc7z020-trd\\mys-xc7z020-trd.sdk\\webtalk
# webtalk_register_client -client project
# webtalk_add_data -client project -key date_generated -value "2017-07-09 14:19:18" -context "software_version_and_target_device"
# webtalk_add_data -client project -key product_version -value "SDK v2016.4" -context "software_version_and_target_device"
# webtalk_add_data -client project -key build_version -value "2016.4" -context "software_version_and_target_device"
# webtalk_add_data -client project -key os_platform -value "amd64" -context "software_version_and_target_device"
# webtalk_add_data -client project -key registration_id -value "" -context "software_version_and_target_device"
# webtalk_add_data -client project -key tool_flow -value "SDK" -context "software_version_and_target_device"
# webtalk_add_data -client project -key beta -value "false" -context "software_version_and_target_device"
# webtalk_add_data -client project -key route_design -value "NA" -context "software_version_and_target_device"
# webtalk_add_data -client project -key target_family -value "NA" -context "software_version_and_target_device"
# webtalk_add_data -client project -key target_device -value "NA" -context "software_version_and_target_device"
# webtalk_add_data -client project -key target_package -value "NA" -context "software_version_and_target_device"
# webtalk_add_data -client project -key target_speed -value "NA" -context "software_version_and_target_device"
# webtalk_add_data -client project -key random_id -value "m18iq4cl5sjp91rn007tv8sq2i" -context "software_version_and_target_device"
# webtalk_add_data -client project -key project_id -value "2016.4_2" -context "software_version_and_target_device"
# webtalk_add_data -client project -key project_iteration -value "2" -context "software_version_and_target_device"
# webtalk_add_data -client project -key os_name -value "Microsoft Windows 8 or later , 64-bit" -context "user_environment"
# webtalk_add_data -client project -key os_release -value "major release  (build 9200)" -context "user_environment"
# webtalk_add_data -client project -key cpu_name -value "Intel(R) Celeron(R) CPU 1000M @ 1.80GHz" -context "user_environment"
# webtalk_add_data -client project -key cpu_speed -value "1796 MHz" -context "user_environment"
# webtalk_add_data -client project -key total_processors -value "1" -context "user_environment"
# webtalk_add_data -client project -key system_ram -value "6.000 GB" -context "user_environment"
# webtalk_register_client -client sdk
# webtalk_add_data -client sdk -key uid -value "1499580585247" -context "sdk\\\\bsp/1499580585247"
# webtalk_add_data -client sdk -key hwid -value "1499574969443" -context "sdk\\\\bsp/1499580585247"
# webtalk_add_data -client sdk -key os -value "standalone" -context "sdk\\\\bsp/1499580585247"
# webtalk_add_data -client sdk -key apptemplate -value "hello_world" -context "sdk\\\\bsp/1499580585247"
# webtalk_add_data -client sdk -key RecordType -value "BSPCreation" -context "sdk\\\\bsp/1499580585247"
# webtalk_add_data -client sdk -key uid -value "1499580591114" -context "sdk\\\\application/1499580591114"
# webtalk_add_data -client sdk -key hwid -value "1499574969443" -context "sdk\\\\application/1499580591114"
# webtalk_add_data -client sdk -key bspid -value "1499580585247" -context "sdk\\\\application/1499580591114"
# webtalk_add_data -client sdk -key newbsp -value "true" -context "sdk\\\\application/1499580591114"
# webtalk_add_data -client sdk -key os -value "standalone" -context "sdk\\\\application/1499580591114"
# webtalk_add_data -client sdk -key apptemplate -value "hello_world" -context "sdk\\\\application/1499580591114"
# webtalk_add_data -client sdk -key RecordType -value "APPCreation" -context "sdk\\\\application/1499580591114"
# webtalk_add_data -client sdk -key LangUsed -value "C" -context "sdk\\\\application/1499580591114"
# webtalk_add_data -client sdk -key Procused -value "ps7_cortexa9" -context "sdk\\\\application/1499580591114"
# webtalk_add_data -client sdk -key projSize -value "189.39453125" -context "sdk\\\\application/1499580591114"
# webtalk_add_data -client sdk -key uid -value "NA" -context "sdk\\\\bsp/1499581158399"
# webtalk_add_data -client sdk -key RecordType -value "ToolUsage" -context "sdk\\\\bsp/1499581158399"
# webtalk_add_data -client sdk -key BootgenCount -value "0" -context "sdk\\\\bsp/1499581158399"
# webtalk_add_data -client sdk -key DebugCount -value "6" -context "sdk\\\\bsp/1499581158399"
# webtalk_add_data -client sdk -key PerfCount -value "0" -context "sdk\\\\bsp/1499581158399"
# webtalk_add_data -client sdk -key FlashCount -value "0" -context "sdk\\\\bsp/1499581158399"
# webtalk_add_data -client sdk -key CrossTriggCount -value "0" -context "sdk\\\\bsp/1499581158399"
# webtalk_add_data -client sdk -key QemuDebugCount -value "0" -context "sdk\\\\bsp/1499581158399"
# webtalk_transmit -clientid 3804849783 -regid "" -xml D:\\z-turn_lwip_test_sucessful\\mys-xc7z020-trd\\mys-xc7z020-trd.sdk\\webtalk\\usage_statistics_ext_sdk.xml -html D:\\z-turn_lwip_test_sucessful\\mys-xc7z020-trd\\mys-xc7z020-trd.sdk\\webtalk\\usage_statistics_ext_sdk.html -wdm D:\\z-turn_lwip_test_sucessful\\mys-xc7z020-trd\\mys-xc7z020-trd.sdk\\webtalk\\sdk_webtalk.wdm -intro "<H3>SDK Usage Report</H3><BR>"
INFO: [Common 17-186] 'D:\z-turn_lwip_test_sucessful\mys-xc7z020-trd\mys-xc7z020-trd.sdk\webtalk\usage_statistics_ext_sdk.xml' has been successfully sent to Xilinx on Sun Jul 09 14:19:32 2017. For additional details about this file, please refer to the WebTalk help file at D:/Xilinx/SDK/2016.4/doc/webtalk_introduction.html.
# webtalk_terminate
INFO: [Common 17-206] Exiting Webtalk at Sun Jul 09 14:19:32 2017...
