15:28:05 **** Auto Build of configuration Debug for project fsbl ****
make all 
'Building file: ../src/fsbl_handoff.S'
'Invoking: ARM gcc compiler'
arm-xilinx-eabi-gcc -Wall -O0 -g3 -I"E:\mys-xc7z020-trd\mys-xc7z020-trd.sdk\design_1_wrapper_hw_platform_0" -c -fmessage-length=0 -MT"src/fsbl_handoff.o" -I../../fsbl_bsp/ps7_cortexa9_0/include -MMD -MP -MF"src/fsbl_handoff.d" -MT"src/fsbl_handoff.o" -o "src/fsbl_handoff.o" "../src/fsbl_handoff.S"
'Finished building: ../src/fsbl_handoff.S'
' '
'Building file: ../src/fsbl_hooks.c'
'Invoking: ARM gcc compiler'
arm-xilinx-eabi-gcc -Wall -O0 -g3 -I"E:\mys-xc7z020-trd\mys-xc7z020-trd.sdk\design_1_wrapper_hw_platform_0" -c -fmessage-length=0 -MT"src/fsbl_hooks.o" -I../../fsbl_bsp/ps7_cortexa9_0/include -MMD -MP -MF"src/fsbl_hooks.d" -MT"src/fsbl_hooks.o" -o "src/fsbl_hooks.o" "../src/fsbl_hooks.c"
'Finished building: ../src/fsbl_hooks.c'
' '
'Building file: ../src/image_mover.c'
'Invoking: ARM gcc compiler'
arm-xilinx-eabi-gcc -Wall -O0 -g3 -I"E:\mys-xc7z020-trd\mys-xc7z020-trd.sdk\design_1_wrapper_hw_platform_0" -c -fmessage-length=0 -MT"src/image_mover.o" -I../../fsbl_bsp/ps7_cortexa9_0/include -MMD -MP -MF"src/image_mover.d" -MT"src/image_mover.o" -o "src/image_mover.o" "../src/image_mover.c"
'Finished building: ../src/image_mover.c'
' '
'Building file: ../src/main.c'
'Invoking: ARM gcc compiler'
arm-xilinx-eabi-gcc -Wall -O0 -g3 -I"E:\mys-xc7z020-trd\mys-xc7z020-trd.sdk\design_1_wrapper_hw_platform_0" -c -fmessage-length=0 -MT"src/main.o" -I../../fsbl_bsp/ps7_cortexa9_0/include -MMD -MP -MF"src/main.d" -MT"src/main.o" -o "src/main.o" "../src/main.c"
'Finished building: ../src/main.c'
' '
'Building file: ../src/md5.c'
'Invoking: ARM gcc compiler'
arm-xilinx-eabi-gcc -Wall -O0 -g3 -I"E:\mys-xc7z020-trd\mys-xc7z020-trd.sdk\design_1_wrapper_hw_platform_0" -c -fmessage-length=0 -MT"src/md5.o" -I../../fsbl_bsp/ps7_cortexa9_0/include -MMD -MP -MF"src/md5.d" -MT"src/md5.o" -o "src/md5.o" "../src/md5.c"
'Finished building: ../src/md5.c'
' '
'Building file: ../src/nand.c'
'Invoking: ARM gcc compiler'
arm-xilinx-eabi-gcc -Wall -O0 -g3 -I"E:\mys-xc7z020-trd\mys-xc7z020-trd.sdk\design_1_wrapper_hw_platform_0" -c -fmessage-length=0 -MT"src/nand.o" -I../../fsbl_bsp/ps7_cortexa9_0/include -MMD -MP -MF"src/nand.d" -MT"src/nand.o" -o "src/nand.o" "../src/nand.c"
'Finished building: ../src/nand.c'
' '
'Building file: ../src/nor.c'
'Invoking: ARM gcc compiler'
arm-xilinx-eabi-gcc -Wall -O0 -g3 -I"E:\mys-xc7z020-trd\mys-xc7z020-trd.sdk\design_1_wrapper_hw_platform_0" -c -fmessage-length=0 -MT"src/nor.o" -I../../fsbl_bsp/ps7_cortexa9_0/include -MMD -MP -MF"src/nor.d" -MT"src/nor.o" -o "src/nor.o" "../src/nor.c"
'Finished building: ../src/nor.c'
' '
'Building file: ../src/pcap.c'
'Invoking: ARM gcc compiler'
arm-xilinx-eabi-gcc -Wall -O0 -g3 -I"E:\mys-xc7z020-trd\mys-xc7z020-trd.sdk\design_1_wrapper_hw_platform_0" -c -fmessage-length=0 -MT"src/pcap.o" -I../../fsbl_bsp/ps7_cortexa9_0/include -MMD -MP -MF"src/pcap.d" -MT"src/pcap.o" -o "src/pcap.o" "../src/pcap.c"
'Finished building: ../src/pcap.c'
' '
make: *** 没有规则可以创建“src/ps7_init.o”需要的目标“C:/Users/tw/Desktop/z-turn-lwip/mys-xc7z020-trd/mys-xc7z020-trd/mys-xc7z020-trd/mys-xc7z020-trd.sdk/design_1_wrapper_hw_platform_0/ps7_init.c”。 停止。

15:28:07 Build Finished (took 2s.26ms)

