#
# A fatal error has been detected by the Java Runtime Environment:
#
#  Internal Error (0xc000000d), pid=4780, tid=5328
#
# JRE version: Java(TM) SE Runtime Environment (8.0_66-b18) (build 1.8.0_66-b18)
# Java VM: Java HotSpot(TM) 64-Bit Server VM (25.66-b18 mixed mode windows-amd64 compressed oops)
# Problematic frame:
# C  [ntdll.dll+0x7a291]
#
# Failed to write core dump. Minidumps are not enabled by default on client versions of Windows
#
# If you would like to submit a bug report, please visit:
#   http://bugreport.java.com/bugreport/crash.jsp
#

---------------  T H R E A D  ---------------

Current thread (0x0000000013f0f800):  VMThread [stack: 0x0000000014f70000,0x0000000015070000] [id=5328]

siginfo: ExceptionCode=0xc000000d

Registers:
RAX=0x0000000062016567, RBX=0x0000000000000000, RCX=0x000000001506ef10, RDX=0x0000000000000000
RSP=0x000000001506f520, RBP=0x000000001689d240, RSI=0x000007feeabe7408, RDI=0x000000001506f668
R8 =0x0000000000000000, R9 =0x0000000000000000, R10=0x0000000000000000, R11=0x0000000000000246
R12=0x00000000168a5a50, R13=0x00000000168a5a20, R14=0x000000001689d348, R15=0x0000000000000000
RIP=0x00000000775da291, EFLAGS=0x0000000000000202

Top of Stack: (sp=0x000000001506f520)
0x000000001506f520:   0000000000000000 000007feeabe7408
0x000000001506f530:   000000001506f668 0000000000000000
0x000000001506f540:   0000000000000050 00000000001c0000
0x000000001506f550:   0000000000000000 0000000000000000
0x000000001506f560:   0000000000000002 00000000775b3488
0x000000001506f570:   00000000c000000d 0000000000000000
0x000000001506f580:   00000000775da291 0000000000000000
0x000000001506f590:   0000000000000000 0000000000000000
0x000000001506f5a0:   0000000000000000 0000000000000000
0x000000001506f5b0:   0000000000000000 0000000000000000
0x000000001506f5c0:   0000000000000000 0000000000000000
0x000000001506f5d0:   0000000000000000 0000000000000000
0x000000001506f5e0:   0000000000000000 0000000000000000
0x000000001506f5f0:   0000000000000000 0000000000000000
0x000000001506f600:   0000000000000000 00000000168a5a50
0x000000001506f610:   000000000000061c 0000000077382fe8 

Instructions: (pc=0x00000000775da291)
0x00000000775da271:   5b 8c fd ff b9 57 00 00 00 c7 44 24 50 0d 00 00
0x00000000775da281:   c0 e8 49 8f fd ff 48 8d 4c 24 50 e8 cf f2 f9 ff
0x00000000775da291:   4c 8b 1d 40 81 0b 00 4d 85 db 74 5b 65 48 8b 04
0x00000000775da2a1:   25 30 00 00 00 f6 80 ee 17 00 00 08 74 12 65 48 


Register to memory mapping:

RAX=0x0000000062016567 is an unknown value
RBX=0x0000000000000000 is an unknown value
RCX=0x000000001506ef10 is an unknown value
RDX=0x0000000000000000 is an unknown value
RSP=0x000000001506f520 is an unknown value
RBP=0x000000001689d240 is an unknown value
RSI=0x000007feeabe7408 is an unknown value
RDI=0x000000001506f668 is an unknown value
R8 =0x0000000000000000 is an unknown value
R9 =0x0000000000000000 is an unknown value
R10=0x0000000000000000 is an unknown value
R11=0x0000000000000246 is an unknown value
R12=0x00000000168a5a50 is an unknown value
R13=0x00000000168a5a20 is an unknown value
R14=0x000000001689d348 is an unknown value
R15=0x0000000000000000 is an unknown value


Stack: [0x0000000014f70000,0x0000000015070000],  sp=0x000000001506f520,  free space=1021k
Native frames: (J=compiled Java code, j=interpreted, Vv=VM code, C=native code)
C  [ntdll.dll+0x7a291]
C  [kernel32.dll+0x42fe8]
C  [MSVCR110.dll+0x752d]
C  [MSVCR110.dll+0x73c6]
C  [MSVCR110.dll+0x14cca]
C  [MSVCR110.dll+0x13edc]
C  [MSVCR110.dll+0x239e]
C  [MSVCR110.dll+0xaf9e]
C  [MSVCP110.dll+0x397b9]
C  [librdi_common.dll+0x183a66]
C  [librdi_common.dll+0x1826fb]
C  0x000007feec062400
C  0x000007feec062682
C  [ntdll.dll+0x24371]
C  [ntdll.dll+0x24180]
C  [MSVCR100.dll+0x20ccd]
V  [jvm.dll+0x210cc5]
V  [jvm.dll+0x249897]
V  [jvm.dll+0x248b36]
V  [jvm.dll+0x248fd1]
V  [jvm.dll+0x2491ee]
V  [jvm.dll+0x29a0fa]
C  [MSVCR100.dll+0x21d9f]
C  [MSVCR100.dll+0x21e3b]
C  [kernel32.dll+0x1652d]
C  [ntdll.dll+0x2c521]

VM_Operation (0x000000000012f4c0): Exit, mode: safepoint, requested by thread 0x0000000002938800


---------------  P R O C E S S  ---------------

Java Threads: ( => current thread )
  0x000000001c22a000 JavaThread "Thread-30" daemon [_thread_blocked, id=5084, stack(0x000000002aba0000,0x000000002aca0000)]
  0x000000001c915000 JavaThread "Output Stream Monitor" daemon [_thread_in_native, id=7352, stack(0x000000002a7a0000,0x000000002a8a0000)]
  0x000000001c914800 JavaThread "Output Stream Monitor" daemon [_thread_in_native, id=3828, stack(0x000000002a6a0000,0x000000002a7a0000)]
  0x000000001c913800 JavaThread "TCF Channel Transmitter" daemon [_thread_blocked, id=5916, stack(0x000000002a3a0000,0x000000002a4a0000)]
  0x000000001c912000 JavaThread "TCF Channel Receiver" daemon [_thread_in_native, id=8096, stack(0x000000002a1a0000,0x000000002a2a0000)]
  0x000000001c910800 JavaThread "Process monitor" daemon [_thread_in_native, id=3600, stack(0x0000000029ca0000,0x0000000029da0000)]
  0x0000000022ecc000 JavaThread "Input Stream Monitor" daemon [_thread_blocked, id=3812, stack(0x0000000029ba0000,0x0000000029ca0000)]
  0x0000000022ecb000 JavaThread "Output Stream Monitor" daemon [_thread_in_native, id=776, stack(0x0000000029aa0000,0x0000000029ba0000)]
  0x0000000022eca800 JavaThread "Output Stream Monitor" daemon [_thread_in_native, id=7092, stack(0x00000000299a0000,0x0000000029aa0000)]
  0x000000001640f800 JavaThread "TCF Locator DNS Lookup" daemon [_thread_blocked, id=5828, stack(0x0000000025e60000,0x0000000025f60000)]
  0x000000001640e000 JavaThread "TCF Locator Receiver" daemon [_thread_in_native, id=8156, stack(0x00000000259b0000,0x0000000025ab0000)]
  0x000000001640c800 JavaThread "TCF Timer Dispatcher" daemon [_thread_blocked, id=4576, stack(0x00000000255b0000,0x00000000256b0000)]
  0x0000000016403800 JavaThread "EMF Reference Cleaner" daemon [_thread_blocked, id=7012, stack(0x000000001d950000,0x000000001da50000)]
  0x000000001530d000 JavaThread "Service Thread" daemon [_thread_blocked, id=7412, stack(0x0000000015b70000,0x0000000015c70000)]
  0x00000000152a1000 JavaThread "C1 CompilerThread2" daemon [_thread_blocked, id=1624, stack(0x0000000015a70000,0x0000000015b70000)]
  0x0000000015290000 JavaThread "C2 CompilerThread1" daemon [_thread_blocked, id=3564, stack(0x0000000015970000,0x0000000015a70000)]
  0x0000000013f7c000 JavaThread "C2 CompilerThread0" daemon [_thread_blocked, id=6984, stack(0x0000000015870000,0x0000000015970000)]
  0x0000000015283000 JavaThread "Attach Listener" daemon [_thread_blocked, id=4264, stack(0x0000000015770000,0x0000000015870000)]
  0x0000000015280800 JavaThread "Signal Dispatcher" daemon [_thread_blocked, id=6596, stack(0x0000000015670000,0x0000000015770000)]
  0x0000000013f1c000 JavaThread "Finalizer" daemon [_thread_blocked, id=6804, stack(0x0000000015170000,0x0000000015270000)]
  0x0000000013f15000 JavaThread "Reference Handler" daemon [_thread_blocked, id=2004, stack(0x0000000015070000,0x0000000015170000)]
  0x0000000002938800 JavaThread "main" [_thread_blocked, id=2620, stack(0x0000000000030000,0x0000000000130000)]

Other Threads:
=>0x0000000013f0f800 VMThread [stack: 0x0000000014f70000,0x0000000015070000] [id=5328]

VM state:at safepoint (shutting down)

VM Mutex/Monitor currently owned by a thread:  ([mutex/lock_event])
[0x0000000002a7e4a0] Threads_lock - owner thread: 0x0000000013f0f800

Heap:
 PSYoungGen      total 120320K, used 51553K [0x00000000f5580000, 0x00000000fcc00000, 0x0000000100000000)
  eden space 119808K, 43% used [0x00000000f5580000,0x00000000f87d8440,0x00000000fca80000)
  from space 512K, 0% used [0x00000000fcb00000,0x00000000fcb00000,0x00000000fcb80000)
  to   space 512K, 0% used [0x00000000fcb80000,0x00000000fcb80000,0x00000000fcc00000)
 ParOldGen       total 98816K, used 50887K [0x00000000e0000000, 0x00000000e6080000, 0x00000000f5580000)
  object space 98816K, 51% used [0x00000000e0000000,0x00000000e31b1ca0,0x00000000e6080000)
 Metaspace       used 91591K, capacity 99368K, committed 99584K, reserved 1134592K
  class space    used 11037K, capacity 13447K, committed 13568K, reserved 1048576K

Card table byte_map: [0x0000000011ec0000,0x0000000011fd0000] byte_map_base: 0x00000000117c0000

Marking Bits: (ParMarkBitMap*) 0x000000006142a5b0
 Begin Bits: [0x0000000012480000, 0x0000000012c80000)
 End Bits:   [0x0000000012c80000, 0x0000000013480000)

Polling page: 0x0000000000350000

CodeCache: size=245760Kb used=40407Kb max_used=40419Kb free=205352Kb
 bounds [0x0000000002b00000, 0x00000000052c0000, 0x0000000011b00000]
 total_blobs=11704 nmethods=10798 adapters=812
 compilation: enabled

Compilation events (10 events):
Event: 30697.771 Thread 0x00000000152a1000 13750   !   3       org.eclipse.osgi.container.ModuleDatabase::getRevisionsTimestamp (25 bytes)
Event: 30697.772 Thread 0x00000000152a1000 nmethod 13750 0x00000000052b5110 code [0x00000000052b5320, 0x00000000052b6058]
Event: 30697.772 Thread 0x00000000152a1000 13751       3       org.eclipse.osgi.internal.framework.EquinoxContainerAdaptor::clearManifestCache (84 bytes)
Event: 30697.773 Thread 0x00000000152a1000 nmethod 13751 0x00000000052b6710 code [0x00000000052b6960, 0x00000000052b8078]
Event: 30697.798 Thread 0x0000000015290000 13752       4       java.util.concurrent.locks.ReentrantReadWriteLock$Sync::tryReleaseShared (147 bytes)
Event: 30697.798 Thread 0x00000000152a1000 13753  s    3       java.util.Hashtable::clear (38 bytes)
Event: 30697.799 Thread 0x00000000152a1000 nmethod 13753 0x00000000052b89d0 code [0x00000000052b8b40, 0x00000000052b9010]
Event: 30697.799 Thread 0x00000000152a1000 13754   !   3       org.eclipse.osgi.internal.loader.BundleLoader::close (74 bytes)
Event: 30697.799 Thread 0x00000000152a1000 nmethod 13754 0x00000000052b9190 code [0x00000000052b9380, 0x00000000052b9d78]
Event: 30697.801 Thread 0x0000000015290000 nmethod 13752 0x00000000052bd0d0 code [0x00000000052bd240, 0x00000000052bd478]

GC Heap History (10 events):
Event: 30490.212 GC heap before
{Heap before GC invocations=1024 (full 507):
 PSYoungGen      total 120832K, used 160K [0x00000000f5580000, 0x00000000fcc80000, 0x0000000100000000)
  eden space 119808K, 0% used [0x00000000f5580000,0x00000000f5580000,0x00000000fca80000)
  from space 1024K, 15% used [0x00000000fca80000,0x00000000fcaa8000,0x00000000fcb80000)
  to   space 1024K, 0% used [0x00000000fcb80000,0x00000000fcb80000,0x00000000fcc80000)
 ParOldGen       total 98816K, used 50887K [0x00000000e0000000, 0x00000000e6080000, 0x00000000f5580000)
  object space 98816K, 51% used [0x00000000e0000000,0x00000000e31b1ca0,0x00000000e6080000)
 Metaspace       used 90808K, capacity 98702K, committed 98944K, reserved 1134592K
  class space    used 10950K, capacity 13380K, committed 13440K, reserved 1048576K
Event: 30490.305 GC heap after
Heap after GC invocations=1024 (full 507):
 PSYoungGen      total 120832K, used 0K [0x00000000f5580000, 0x00000000fcc80000, 0x0000000100000000)
  eden space 119808K, 0% used [0x00000000f5580000,0x00000000f5580000,0x00000000fca80000)
  from space 1024K, 0% used [0x00000000fca80000,0x00000000fca80000,0x00000000fcb80000)
  to   space 1024K, 0% used [0x00000000fcb80000,0x00000000fcb80000,0x00000000fcc80000)
 ParOldGen       total 98816K, used 50887K [0x00000000e0000000, 0x00000000e6080000, 0x00000000f5580000)
  object space 98816K, 51% used [0x00000000e0000000,0x00000000e31b1ca0,0x00000000e6080000)
 Metaspace       used 90808K, capacity 98702K, committed 98944K, reserved 1134592K
  class space    used 10950K, capacity 13380K, committed 13440K, reserved 1048576K
}
Event: 30550.220 GC heap before
{Heap before GC invocations=1025 (full 507):
 PSYoungGen      total 120832K, used 4129K [0x00000000f5580000, 0x00000000fcc80000, 0x0000000100000000)
  eden space 119808K, 3% used [0x00000000f5580000,0x00000000f59887a0,0x00000000fca80000)
  from space 1024K, 0% used [0x00000000fca80000,0x00000000fca80000,0x00000000fcb80000)
  to   space 1024K, 0% used [0x00000000fcb80000,0x00000000fcb80000,0x00000000fcc80000)
 ParOldGen       total 98816K, used 50887K [0x00000000e0000000, 0x00000000e6080000, 0x00000000f5580000)
  object space 98816K, 51% used [0x00000000e0000000,0x00000000e31b1ca0,0x00000000e6080000)
 Metaspace       used 90808K, capacity 98702K, committed 98944K, reserved 1134592K
  class space    used 10950K, capacity 13380K, committed 13440K, reserved 1048576K
Event: 30550.223 GC heap after
Heap after GC invocations=1025 (full 507):
 PSYoungGen      total 120320K, used 192K [0x00000000f5580000, 0x00000000fcc00000, 0x0000000100000000)
  eden space 119808K, 0% used [0x00000000f5580000,0x00000000f5580000,0x00000000fca80000)
  from space 512K, 37% used [0x00000000fcb80000,0x00000000fcbb0000,0x00000000fcc00000)
  to   space 512K, 0% used [0x00000000fcb00000,0x00000000fcb00000,0x00000000fcb80000)
 ParOldGen       total 98816K, used 50887K [0x00000000e0000000, 0x00000000e6080000, 0x00000000f5580000)
  object space 98816K, 51% used [0x00000000e0000000,0x00000000e31b1ca0,0x00000000e6080000)
 Metaspace       used 90808K, capacity 98702K, committed 98944K, reserved 1134592K
  class space    used 10950K, capacity 13380K, committed 13440K, reserved 1048576K
}
Event: 30550.223 GC heap before
{Heap before GC invocations=1026 (full 508):
 PSYoungGen      total 120320K, used 192K [0x00000000f5580000, 0x00000000fcc00000, 0x0000000100000000)
  eden space 119808K, 0% used [0x00000000f5580000,0x00000000f5580000,0x00000000fca80000)
  from space 512K, 37% used [0x00000000fcb80000,0x00000000fcbb0000,0x00000000fcc00000)
  to   space 512K, 0% used [0x00000000fcb00000,0x00000000fcb00000,0x00000000fcb80000)
 ParOldGen       total 98816K, used 50887K [0x00000000e0000000, 0x00000000e6080000, 0x00000000f5580000)
  object space 98816K, 51% used [0x00000000e0000000,0x00000000e31b1ca0,0x00000000e6080000)
 Metaspace       used 90808K, capacity 98702K, committed 98944K, reserved 1134592K
  class space    used 10950K, capacity 13380K, committed 13440K, reserved 1048576K
Event: 30550.318 GC heap after
Heap after GC invocations=1026 (full 508):
 PSYoungGen      total 120320K, used 0K [0x00000000f5580000, 0x00000000fcc00000, 0x0000000100000000)
  eden space 119808K, 0% used [0x00000000f5580000,0x00000000f5580000,0x00000000fca80000)
  from space 512K, 0% used [0x00000000fcb80000,0x00000000fcb80000,0x00000000fcc00000)
  to   space 512K, 0% used [0x00000000fcb00000,0x00000000fcb00000,0x00000000fcb80000)
 ParOldGen       total 98816K, used 50887K [0x00000000e0000000, 0x00000000e6080000, 0x00000000f5580000)
  object space 98816K, 51% used [0x00000000e0000000,0x00000000e31b1ca0,0x00000000e6080000)
 Metaspace       used 90808K, capacity 98702K, committed 98944K, reserved 1134592K
  class space    used 10950K, capacity 13380K, committed 13440K, reserved 1048576K
}
Event: 30610.230 GC heap before
{Heap before GC invocations=1027 (full 508):
 PSYoungGen      total 120320K, used 4121K [0x00000000f5580000, 0x00000000fcc00000, 0x0000000100000000)
  eden space 119808K, 3% used [0x00000000f5580000,0x00000000f59866c0,0x00000000fca80000)
  from space 512K, 0% used [0x00000000fcb80000,0x00000000fcb80000,0x00000000fcc00000)
  to   space 512K, 0% used [0x00000000fcb00000,0x00000000fcb00000,0x00000000fcb80000)
 ParOldGen       total 98816K, used 50887K [0x00000000e0000000, 0x00000000e6080000, 0x00000000f5580000)
  object space 98816K, 51% used [0x00000000e0000000,0x00000000e31b1ca0,0x00000000e6080000)
 Metaspace       used 90808K, capacity 98702K, committed 98944K, reserved 1134592K
  class space    used 10950K, capacity 13380K, committed 13440K, reserved 1048576K
Event: 30610.233 GC heap after
Heap after GC invocations=1027 (full 508):
 PSYoungGen      total 120320K, used 128K [0x00000000f5580000, 0x00000000fcc00000, 0x0000000100000000)
  eden space 119808K, 0% used [0x00000000f5580000,0x00000000f5580000,0x00000000fca80000)
  from space 512K, 25% used [0x00000000fcb00000,0x00000000fcb20000,0x00000000fcb80000)
  to   space 512K, 0% used [0x00000000fcb80000,0x00000000fcb80000,0x00000000fcc00000)
 ParOldGen       total 98816K, used 50887K [0x00000000e0000000, 0x00000000e6080000, 0x00000000f5580000)
  object space 98816K, 51% used [0x00000000e0000000,0x00000000e31b1ca0,0x00000000e6080000)
 Metaspace       used 90808K, capacity 98702K, committed 98944K, reserved 1134592K
  class space    used 10950K, capacity 13380K, committed 13440K, reserved 1048576K
}
Event: 30610.233 GC heap before
{Heap before GC invocations=1028 (full 509):
 PSYoungGen      total 120320K, used 128K [0x00000000f5580000, 0x00000000fcc00000, 0x0000000100000000)
  eden space 119808K, 0% used [0x00000000f5580000,0x00000000f5580000,0x00000000fca80000)
  from space 512K, 25% used [0x00000000fcb00000,0x00000000fcb20000,0x00000000fcb80000)
  to   space 512K, 0% used [0x00000000fcb80000,0x00000000fcb80000,0x00000000fcc00000)
 ParOldGen       total 98816K, used 50887K [0x00000000e0000000, 0x00000000e6080000, 0x00000000f5580000)
  object space 98816K, 51% used [0x00000000e0000000,0x00000000e31b1ca0,0x00000000e6080000)
 Metaspace       used 90808K, capacity 98702K, committed 98944K, reserved 1134592K
  class space    used 10950K, capacity 13380K, committed 13440K, reserved 1048576K
Event: 30610.326 GC heap after
Heap after GC invocations=1028 (full 509):
 PSYoungGen      total 120320K, used 0K [0x00000000f5580000, 0x00000000fcc00000, 0x0000000100000000)
  eden space 119808K, 0% used [0x00000000f5580000,0x00000000f5580000,0x00000000fca80000)
  from space 512K, 0% used [0x00000000fcb00000,0x00000000fcb00000,0x00000000fcb80000)
  to   space 512K, 0% used [0x00000000fcb80000,0x00000000fcb80000,0x00000000fcc00000)
 ParOldGen       total 98816K, used 50887K [0x00000000e0000000, 0x00000000e6080000, 0x00000000f5580000)
  object space 98816K, 51% used [0x00000000e0000000,0x00000000e31b1ca0,0x00000000e6080000)
 Metaspace       used 90808K, capacity 98702K, committed 98944K, reserved 1134592K
  class space    used 10950K, capacity 13380K, committed 13440K, reserved 1048576K
}

Deoptimization events (10 events):
Event: 30694.377 Thread 0x0000000022ec9000 Uncommon trap: reason=unstable_if action=reinterpret pc=0x0000000004b1d7ec method=org.eclipse.core.internal.jobs.DeadlockDetector.reduceGraph(ILorg/eclipse/core/runtime/jobs/ISchedulingRule;)V @ 341
Event: 30694.517 Thread 0x000000001bb00800 Uncommon trap: reason=null_check action=make_not_entrant pc=0x00000000038d2084 method=org.eclipse.core.internal.runtime.Log.isLoggable(Lorg/osgi/framework/Bundle;Ljava/lang/String;I)Z @ 3
Event: 30695.980 Thread 0x0000000022ec7800 Uncommon trap: reason=unstable_if action=reinterpret pc=0x0000000005023db8 method=org.eclipse.core.internal.jobs.JobManager.nextJob()Lorg/eclipse/core/runtime/jobs/Job; @ 80
Event: 30695.980 Thread 0x0000000022ec7800 Uncommon trap: reason=unstable_if action=reinterpret pc=0x0000000003461fd8 method=org.eclipse.core.internal.jobs.WorkerPool.startJob(Lorg/eclipse/core/internal/jobs/Worker;)Lorg/eclipse/core/internal/jobs/InternalJob; @ 177
Event: 30695.980 Thread 0x0000000022ec8000 Uncommon trap: reason=unstable_if action=reinterpret pc=0x0000000005023db8 method=org.eclipse.core.internal.jobs.JobManager.nextJob()Lorg/eclipse/core/runtime/jobs/Job; @ 80
Event: 30695.980 Thread 0x0000000022ec8000 Uncommon trap: reason=unstable_if action=reinterpret pc=0x0000000003461fd8 method=org.eclipse.core.internal.jobs.WorkerPool.startJob(Lorg/eclipse/core/internal/jobs/Worker;)Lorg/eclipse/core/internal/jobs/InternalJob; @ 177
Event: 30695.980 Thread 0x000000001640a800 Uncommon trap: reason=unstable_if action=reinterpret pc=0x0000000003461fd8 method=org.eclipse.core.internal.jobs.WorkerPool.startJob(Lorg/eclipse/core/internal/jobs/Worker;)Lorg/eclipse/core/internal/jobs/InternalJob; @ 177
Event: 30695.981 Thread 0x0000000016407800 Uncommon trap: reason=unstable_if action=reinterpret pc=0x0000000003461fd8 method=org.eclipse.core.internal.jobs.WorkerPool.startJob(Lorg/eclipse/core/internal/jobs/Worker;)Lorg/eclipse/core/internal/jobs/InternalJob; @ 177
Event: 30696.460 Thread 0x000000001640f000 Uncommon trap: reason=unstable_if action=reinterpret pc=0x00000000050baa28 method=org.eclipse.tcf.EventQueue.invokeLater(Ljava/lang/Runnable;)V @ 22
Event: 30696.824 Thread 0x0000000022ec9000 Uncommon trap: reason=unstable_if action=reinterpret pc=0x000000000329a89c method=sun.reflect.UnsafeStaticObjectFieldAccessorImpl.set(Ljava/lang/Object;Ljava/lang/Object;)V @ 13

Internal exceptions (10 events):
Event: 30664.820 Thread 0x0000000002938800 Implicit null exception at 0x0000000002c67a53 to 0x0000000002c67aee
Event: 30674.616 Thread 0x0000000002938800 Implicit null exception at 0x0000000004759204 to 0x0000000004759a1d
Event: 30680.628 Thread 0x0000000002938800 Implicit null exception at 0x000000000311f9ac to 0x00000000031227bd
Event: 30683.488 Thread 0x000000001c916000 Exception <a 'java/lang/InterruptedException'> (0x00000000f81ba458) thrown at [C:\re\workspace\8-2-build-windows-amd64-cygwin\jdk8u66\5298\hotspot\src\share\vm\runtime\objectMonitor.cpp, line 1683]
Event: 30694.517 Thread 0x000000001bb00800 Implicit null exception at 0x00000000038d1f22 to 0x00000000038d2075
Event: 30695.955 Thread 0x0000000016409800 Exception <a 'java/lang/InterruptedException'> (0x00000000f6365860) thrown at [C:\re\workspace\8-2-build-windows-amd64-cygwin\jdk8u66\5298\hotspot\src\share\vm\runtime\objectMonitor.cpp, line 1683]
Event: 30696.824 Thread 0x0000000022ec9000 Implicit null exception at 0x000000000329a496 to 0x000000000329a889
Event: 30696.896 Thread 0x000000001bb00800 Exception <a 'java/lang/InterruptedException'> (0x00000000f857b108) thrown at [C:\re\workspace\8-2-build-windows-amd64-cygwin\jdk8u66\5298\hotspot\src\share\vm\runtime\objectMonitor.cpp, line 1683]
Event: 30697.630 Thread 0x0000000016408000 Exception <a 'java/lang/InterruptedException'> (0x00000000f72f62c8) thrown at [C:\re\workspace\8-2-build-windows-amd64-cygwin\jdk8u66\5298\hotspot\src\share\vm\runtime\objectMonitor.cpp, line 1683]
Event: 30697.748 Thread 0x000000001c058000 Exception <a 'java/lang/InterruptedException'> (0x00000000f872f640) thrown at [C:\re\workspace\8-2-build-windows-amd64-cygwin\jdk8u66\5298\hotspot\src\share\vm\runtime\objectMonitor.cpp, line 1683]

Events (10 events):
Event: 30697.798 Executing VM operation: RevokeBias
Event: 30697.798 Executing VM operation: RevokeBias done
Event: 30697.799 Thread 0x0000000022ec9000 Thread exited: 0x0000000022ec9000
Event: 30697.949 loading class java/util/IdentityHashMap$KeyIterator
Event: 30698.014 loading class java/util/IdentityHashMap$IdentityHashMapIterator
Event: 30698.021 loading class java/util/IdentityHashMap$IdentityHashMapIterator done
Event: 30698.021 loading class java/util/IdentityHashMap$KeyIterator done
Event: 30698.022 Thread 0x0000000022ec9000 Thread added: 0x0000000022ec9000
Event: 30698.094 Thread 0x0000000022ec9000 Thread exited: 0x0000000022ec9000
Event: 30698.220 Executing VM operation: Exit


Dynamic libraries:
0x0000000000400000 - 0x000000000044f000 	D:\Program\Xilinx\SDK\2016.4\eclipse\win64.o\eclipse.exe
0x0000000077560000 - 0x0000000077709000 	C:\Windows\SYSTEM32\ntdll.dll
0x0000000077340000 - 0x000000007745f000 	C:\Windows\system32\kernel32.dll
0x000007fefd560000 - 0x000007fefd5cb000 	C:\Windows\system32\KERNELBASE.dll
0x0000000077460000 - 0x000000007755a000 	C:\Windows\system32\USER32.dll
0x000007fefd9b0000 - 0x000007fefda17000 	C:\Windows\system32\GDI32.dll
0x000007feff5c0000 - 0x000007feff5ce000 	C:\Windows\system32\LPK.dll
0x000007fefed90000 - 0x000007fefee59000 	C:\Windows\system32\USP10.dll
0x000007fefda20000 - 0x000007fefdabf000 	C:\Windows\system32\msvcrt.dll
0x000007fefbec0000 - 0x000007fefc0b4000 	C:\Windows\WinSxS\amd64_microsoft.windows.common-controls_6595b64144ccf1df_6.0.7601.17514_none_fa396087175ac9ac\COMCTL32.dll
0x000007feff540000 - 0x000007feff5b1000 	C:\Windows\system32\SHLWAPI.dll
0x000007fefd3f0000 - 0x000007fefd447000 	C:\Windows\system32\apphelp.dll
0x000007fef9870000 - 0x000007fef98c1000 	C:\Windows\AppPatch\AppPatch64\AcGenral.DLL
0x000007fefd170000 - 0x000007fefd195000 	C:\Windows\system32\SspiCli.dll
0x000007fefd880000 - 0x000007fefd9ad000 	C:\Windows\system32\RPCRT4.dll
0x000007feff050000 - 0x000007feff253000 	C:\Windows\system32\ole32.dll
0x000007fefe000000 - 0x000007fefed88000 	C:\Windows\system32\SHELL32.dll
0x00000000707a0000 - 0x00000000707a3000 	C:\Windows\system32\sfc.dll
0x000007fef9840000 - 0x000007fef9850000 	C:\Windows\system32\sfc_os.DLL
0x000007fefc7e0000 - 0x000007fefc7fe000 	C:\Windows\system32\USERENV.dll
0x000007fefd4b0000 - 0x000007fefd4bf000 	C:\Windows\system32\profapi.dll
0x000007fefc650000 - 0x000007fefc668000 	C:\Windows\system32\dwmapi.dll
0x000007feff790000 - 0x000007feff86b000 	C:\Windows\system32\ADVAPI32.dll
0x000007feff520000 - 0x000007feff53f000 	C:\Windows\SYSTEM32\sechost.dll
0x000007fef9820000 - 0x000007fef9838000 	C:\Windows\system32\MPR.dll
0x000007feff760000 - 0x000007feff78e000 	C:\Windows\system32\IMM32.DLL
0x000007feff260000 - 0x000007feff369000 	C:\Windows\system32\MSCTF.dll
0x0000000072000000 - 0x0000000072012000 	D:\Program\Xilinx\SDK\2016.4\eclipse\win64.o\plugins\org.eclipse.equinox.launcher.win32.win32.x86_64_1.1.300.v20150602-1417\eclipse_1611.dll
0x000007fefc580000 - 0x000007fefc58c000 	C:\Windows\system32\VERSION.dll
0x000007fefbb30000 - 0x000007fefbb86000 	C:\Windows\system32\uxtheme.dll
0x000007fef6f70000 - 0x000007fef735c000 	C:\Windows\system32\GOOGLEPINYIN2.IME
0x000007fefd710000 - 0x000007fefd877000 	C:\Windows\system32\CRYPT32.dll
0x000007fefd550000 - 0x000007fefd55f000 	C:\Windows\system32\MSASN1.dll
0x000007fefd5f0000 - 0x000007fefd62a000 	C:\Windows\system32\WINTRUST.dll
0x000007feff680000 - 0x000007feff757000 	C:\Windows\system32\OLEAUT32.dll
0x000007fef9fc0000 - 0x000007fef9fc7000 	C:\Windows\system32\MSIMG32.dll
0x000007fefb740000 - 0x000007fefb955000 	C:\Windows\WinSxS\amd64_microsoft.windows.gdiplus_6595b64144ccf1df_1.1.7601.17514_none_2b24536c71ed437a\gdiplus.dll
0x000007fef6e40000 - 0x000007fef6f65000 	C:\Windows\system32\dbghelp.dll
0x000007feff370000 - 0x000007feff49a000 	C:\Windows\system32\WININET.dll
0x000007fefdb80000 - 0x000007fefdcf8000 	C:\Windows\system32\urlmon.dll
0x000007fefdd00000 - 0x000007fefdf59000 	C:\Windows\system32\iertutil.dll
0x000007fefbbd0000 - 0x000007fefbc0b000 	C:\Windows\system32\WINMM.dll
0x000007fefd340000 - 0x000007fefd34f000 	C:\Windows\system32\CRYPTBASE.dll
0x0000000060c20000 - 0x00000000614a9000 	D:\Program\Xilinx\SDK\2016.4\tps\win64\jre\bin\server\jvm.dll
0x000007fefaf80000 - 0x000007fefaf89000 	C:\Windows\system32\WSOCK32.dll
0x000007feff5d0000 - 0x000007feff61d000 	C:\Windows\system32\WS2_32.dll
0x000007fefee60000 - 0x000007fefee68000 	C:\Windows\system32\NSI.dll
0x0000000077730000 - 0x0000000077737000 	C:\Windows\system32\PSAPI.DLL
0x0000000071040000 - 0x0000000071112000 	C:\Windows\system32\MSVCR100.dll
0x0000000073280000 - 0x000000007328f000 	D:\Program\Xilinx\SDK\2016.4\tps\win64\jre\bin\verify.dll
0x0000000070b40000 - 0x0000000070b69000 	D:\Program\Xilinx\SDK\2016.4\tps\win64\jre\bin\java.dll
0x0000000072860000 - 0x0000000072876000 	D:\Program\Xilinx\SDK\2016.4\tps\win64\jre\bin\zip.dll
0x000007fefcd20000 - 0x000007fefcd37000 	C:\Windows\system32\CRYPTSP.dll
0x000007fefca20000 - 0x000007fefca67000 	C:\Windows\system32\rsaenh.dll
0x0000000072670000 - 0x000000007268a000 	D:\Program\Xilinx\SDK\2016.4\tps\win64\jre\bin\net.dll
0x000007fefccc0000 - 0x000007fefcd15000 	C:\Windows\system32\mswsock.dll
0x000007fefccb0000 - 0x000007fefccb7000 	C:\Windows\System32\wship6.dll
0x000007fefaec0000 - 0x000007fefaee7000 	C:\Windows\system32\IPHLPAPI.DLL
0x000007fefaea0000 - 0x000007fefaeab000 	C:\Windows\system32\WINNSI.DLL
0x000007fefaaa0000 - 0x000007fefaab1000 	C:\Windows\system32\dhcpcsvc6.DLL
0x000007fefacb0000 - 0x000007fefacc8000 	C:\Windows\system32\dhcpcsvc.DLL
0x0000000070c70000 - 0x0000000070c81000 	D:\Program\Xilinx\SDK\2016.4\tps\win64\jre\bin\nio.dll
0x000007fefc550000 - 0x000007fefc57d000 	C:\Windows\system32\ntmarta.dll
0x000007feff620000 - 0x000007feff672000 	C:\Windows\system32\WLDAP32.dll
0x000007fefdac0000 - 0x000007fefdb59000 	C:\Windows\system32\CLBCatQ.DLL
0x000007fefb090000 - 0x000007fefb1ba000 	C:\Windows\system32\WindowsCodecs.dll
0x000007fefb990000 - 0x000007fefb9a5000 	C:\Windows\system32\NLAapi.dll
0x000007fef8150000 - 0x000007fef8165000 	C:\Windows\system32\napinsp.dll
0x000007fef8130000 - 0x000007fef8149000 	C:\Windows\system32\pnrpnsp.dll
0x000007fefcb40000 - 0x000007fefcb9b000 	C:\Windows\system32\DNSAPI.dll
0x000007fef8120000 - 0x000007fef812b000 	C:\Windows\System32\winrnr.dll
0x0000000063560000 - 0x0000000063569000 	C:\Program Files\National Instruments\Shared\mDNS Responder\nimdnsNSP.dll
0x0000000063550000 - 0x000000006355e000 	C:\Windows\system32\nimdnsResponder.dll
0x00000000751d0000 - 0x0000000075273000 	C:\Windows\WinSxS\amd64_microsoft.vc90.crt_1fc8b3b9a1e18e3b_9.0.30729.6161_none_08e61857a83bc251\MSVCR90.dll
0x000007fefc6c0000 - 0x000007fefc6c7000 	C:\Windows\System32\wshtcpip.dll
0x000007fef9b90000 - 0x000007fef9b98000 	C:\Windows\system32\rasadhlp.dll
0x000007fefad50000 - 0x000007fefada3000 	C:\Windows\System32\fwpuclnt.dll
0x000000001a350000 - 0x000000001a3f8000 	C:\Users\dell\.Xilinx\SDK\2016.4\org.eclipse.osgi\319\0\.cp\swt-win32-4527.dll
0x000007fefdf60000 - 0x000007fefdff7000 	C:\Windows\system32\comdlg32.dll
0x000007fef97a0000 - 0x000007fef9811000 	C:\Windows\system32\WINSPOOL.DRV
0x000007fefbc10000 - 0x000007fefbd3c000 	C:\Windows\system32\propsys.dll
0x0000000019990000 - 0x00000000199ae000 	C:\Users\dell\.Xilinx\SDK\2016.4\org.eclipse.osgi\319\0\.cp\swt-gdip-win32-4527.dll
0x0000000180000000 - 0x0000000180012000 	C:\Users\dell\.Xilinx\SDK\2016.4\org.eclipse.osgi\133\0\.cp\os\win32\x86_64\localfile_1_0_0.dll
0x000007fefa090000 - 0x000007fefa0e4000 	C:\Windows\system32\oleacc.dll
0x000007fef1320000 - 0x000007fef135b000 	C:\Windows\system32\mlang.dll
0x000007fefd490000 - 0x000007fefd4a4000 	C:\Windows\system32\RpcRtRemote.dll
0x000007fef7c90000 - 0x000007fef7ca1000 	C:\Users\dell\.Xilinx\SDK\2016.4\org.eclipse.osgi\136\0\.cp\jWinHttp-1.0.0.dll
0x000007fef9100000 - 0x000007fef9171000 	C:\Windows\system32\WINHTTP.dll
0x000007fef9090000 - 0x000007fef90f4000 	C:\Windows\system32\webio.dll
0x000007fefc8f0000 - 0x000007fefc8fa000 	C:\Windows\system32\credssp.dll
0x000007fefd630000 - 0x000007fefd666000 	C:\Windows\system32\CFGMGR32.dll
0x000007fefa000000 - 0x000007fefa00f000 	D:\Program\Xilinx\SDK\2016.4\lib\win64.o\librdi_repo_manager.dll
0x000007fef78a0000 - 0x000007fef78ca000 	D:\Program\Xilinx\SDK\2016.4\lib\win64.o\libisl_sysinfo.dll
0x000007feeabe0000 - 0x000007feeacb4000 	C:\Windows\system32\MSVCR110.dll
0x000007feeab00000 - 0x000007feeaba7000 	C:\Windows\system32\MSVCP110.dll
0x000007febb380000 - 0x000007febbe2a000 	D:\Program\Xilinx\SDK\2016.4\lib\win64.o\librdi_common.dll
0x000007febc700000 - 0x000007febca6e000 	D:\Program\Xilinx\SDK\2016.4\lib\win64.o\libCOIN-all.dll
0x000007febbff0000 - 0x000007febc20f000 	D:\Program\Xilinx\SDK\2016.4\lib\win64.o\libXil_lmgr11.dll
0x000007fefa6c0000 - 0x000007fefa6d6000 	C:\Windows\system32\NETAPI32.dll
0x000007fefa6b0000 - 0x000007fefa6bc000 	C:\Windows\system32\netutils.dll
0x000007fefce70000 - 0x000007fefce93000 	C:\Windows\system32\srvcli.dll
0x000007fefa690000 - 0x000007fefa6a5000 	C:\Windows\system32\wkscli.dll
0x000007fef7c60000 - 0x000007fef7c70000 	D:\Program\Xilinx\SDK\2016.4\lib\win64.o\libboost_date_time.dll
0x000007fef76a0000 - 0x000007fef76c4000 	D:\Program\Xilinx\SDK\2016.4\lib\win64.o\libboost_filesystem.dll
0x000007fef7c50000 - 0x000007fef7c59000 	D:\Program\Xilinx\SDK\2016.4\lib\win64.o\libboost_system.dll
0x000007feebca0000 - 0x000007feebd17000 	D:\Program\Xilinx\SDK\2016.4\lib\win64.o\libboost_program_options.dll
0x000007febc5f0000 - 0x000007febc6f6000 	D:\Program\Xilinx\SDK\2016.4\lib\win64.o\libboost_regex.dll
0x000007feec190000 - 0x000007feec1a3000 	D:\Program\Xilinx\SDK\2016.4\lib\win64.o\libboost_signals.dll
0x000007feec170000 - 0x000007feec18d000 	D:\Program\Xilinx\SDK\2016.4\lib\win64.o\libboost_thread.dll
0x000007feec280000 - 0x000007feec28b000 	D:\Program\Xilinx\SDK\2016.4\lib\win64.o\libboost_chrono.dll
0x000007feec260000 - 0x000007feec26b000 	D:\Program\Xilinx\SDK\2016.4\lib\win64.o\libboost_xilinx.dll
0x000007feec090000 - 0x000007feec110000 	D:\Program\Xilinx\SDK\2016.4\lib\win64.o\libhdlpsolve.dll
0x000007febc330000 - 0x000007febc3ca000 	D:\Program\Xilinx\SDK\2016.4\lib\win64.o\libhdxml.dll
0x000007febafb0000 - 0x000007febb379000 	D:\Program\Xilinx\SDK\2016.4\lib\win64.o\libisl_iostreams.dll
0x000007feebd70000 - 0x000007feebd86000 	D:\Program\Xilinx\SDK\2016.4\lib\win64.o\libboost_iostreams.dll
0x000007feebd50000 - 0x000007feebd6f000 	D:\Program\Xilinx\SDK\2016.4\lib\win64.o\librdizlib.dll
0x000007feebc70000 - 0x000007feebc93000 	D:\Program\Xilinx\SDK\2016.4\lib\win64.o\libisl_iosutils.dll
0x000007fec6b10000 - 0x000007fec6b25000 	D:\Program\Xilinx\SDK\2016.4\lib\win64.o\pthreadVC2.dll
0x000007fec6ab0000 - 0x000007fec6b03000 	D:\Program\Xilinx\SDK\2016.4\lib\win64.o\librdi_commonxillic.dll
0x000007febae80000 - 0x000007febafb0000 	D:\Program\Xilinx\SDK\2016.4\lib\win64.o\librdi_curl.dll
0x000007fec6a10000 - 0x000007fec6a28000 	D:\Program\Xilinx\SDK\2016.4\lib\win64.o\librdiconfig.dll
0x000000006cff0000 - 0x000000006d117000 	D:\Program\Xilinx\SDK\2016.4\lib\win64.o\tcl85t.dll
0x0000000029730000 - 0x0000000029993000 	D:\Program\Xilinx\SDK\2016.4\lib\win64.o\xerces-c_3_1.dll
0x000007fee93a0000 - 0x000007fee93c3000 	C:\Windows\system32\VCOMP110.DLL
0x000007febac80000 - 0x000007febae78000 	D:\Program\Xilinx\SDK\2016.4\lib\win64.o\librdi_hsm.dll
0x000007fec0c80000 - 0x000007fec0cc3000 	D:\Program\Xilinx\SDK\2016.4\lib\win64.o\librdi_hdf.dll
0x000007feba9b0000 - 0x000007febac78000 	D:\Program\Xilinx\SDK\2016.4\lib\win64.o\librdi_ippcw.dll
0x000007feec160000 - 0x000007feec16a000 	D:\Program\Xilinx\SDK\2016.4\lib\win64.o\librdi_jtag_settings.dll

VM Arguments:
jvm_args: -Dcom.xilinx.sdk.args.hwspec=C:/Users/dell/Desktop/mys-xc7z020-trd.xpr/mys-xc7z020-trd/mys-xc7z020-trd.sdk/design_1_wrapper.hdf -Xms64m -Xmx512m & 
java_command: <unknown>
java_class_path (initial): D:\Program\Xilinx\SDK\2016.4\eclipse\win64.o\\plugins/org.eclipse.equinox.launcher_1.3.100.v20150511-1540.jar
Launcher Type: generic

Environment Variables:
USERNAME=dell
OS=Windows_NT
PROCESSOR_IDENTIFIER=Intel64 Family 6 Model 94 Stepping 3, GenuineIntel



---------------  S Y S T E M  ---------------

OS: Windows 7 , 64 bit Build 7601 (6.1.7601.17514)

CPU:total 4 (4 cores per cpu, 1 threads per core) family 6 model 94 stepping 3, cmov, cx8, fxsr, mmx, sse, sse2, sse3, ssse3, sse4.1, sse4.2, popcnt, avx, avx2, aes, clmul, erms, rtm, 3dnowpref, lzcnt, tsc, tscinvbit, bmi1, bmi2, adx

Memory: 4k page, physical 8250356k(788004k free), swap 16498868k(4603260k free)

vm_info: Java HotSpot(TM) 64-Bit Server VM (25.66-b18) for windows-amd64 JRE (1.8.0_66-b18), built on Nov  9 2015 10:51:13 by "java_re" with MS VC++ 10.0 (VS2010)

time: Tue Jul 11 18:13:30 2017
elapsed time: 30702 seconds (0d 8h 31m 42s)

