#
# A fatal error has been detected by the Java Runtime Environment:
#
#  EXCEPTION_UNCAUGHT_CXX_EXCEPTION (0xe06d7363) at pc=0x000007fefd62a49d, pid=6520, tid=6836
#
# JRE version: Java(TM) SE Runtime Environment (8.0_66-b18) (build 1.8.0_66-b18)
# Java VM: Java HotSpot(TM) 64-Bit Server VM (25.66-b18 mixed mode windows-amd64 compressed oops)
# Problematic frame:
# C  [KERNELBASE.dll+0xa49d]
#
# Failed to write core dump. Minidumps are not enabled by default on client versions of Windows
#
# If you would like to submit a bug report, please visit:
#   http://bugreport.java.com/bugreport/crash.jsp
#

---------------  T H R E A D  ---------------

Current thread (0x00000000140a0000):  VMThread [stack: 0x0000000015100000,0x0000000015200000] [id=6836]

siginfo: ExceptionCode=0xe06d7363, ExceptionInformation=0x0000000019930520 0x00000000151ff4c8 0x000007feeb3b2cb8 0x000007feeb300000 

Registers:
RAX=0x00000000626676e9, RBX=0x000007feeb3b2cb8, RCX=0x00000000151fed10, RDX=0x00000000000000d0
RSP=0x00000000151ff320, RBP=0x00000000151ff450, RSI=0x00000000ffffffff, RDI=0x000000002f6120c0
R8 =0x0000000000000000, R9 =0x0000000000000000, R10=0x000007feeb300000, R11=0x00000000151ff360
R12=0x0000000000000001, R13=0x0000000000000008, R14=0x0000000000000000, R15=0xffffffffffffffff
RIP=0x000007fefd62a49d, EFLAGS=0x0000000000000202

Top of Stack: (sp=0x00000000151ff320)
0x00000000151ff320:   000007feeb3b2cb8 00000000ffffffff
0x00000000151ff330:   000000002f6120c0 0000000000662640
0x00000000151ff340:   00000001e06d7363 0000000000000000
0x00000000151ff350:   000007fefd62a49d 000007fe00000004
0x00000000151ff360:   0000000019930520 00000000151ff4c8
0x00000000151ff370:   000007feeb3b2cb8 000007feeb300000
0x00000000151ff380:   0000000000000000 00000000151ff408
0x00000000151ff390:   0000000000000028 000000002f6120b0
0x00000000151ff3a0:   00000000168fcdb0 0000000000000000
0x00000000151ff3b0:   000007fffff9e000 0000000077575133
0x00000000151ff3c0:   0000000000000000 0000000000000008
0x00000000151ff3d0:   0000000000000001 000000002f6120c0
0x00000000151ff3e0:   00000000ffffffff 000007feeb35e92c
0x00000000151ff3f0:   000007feeb3b2cb8 00000000151ff460
0x00000000151ff400:   0000000000000001 000007feeb3000f8
0x00000000151ff410:   00000001e06d7363 0000000000000000 

Instructions: (pc=0x000007fefd62a49d)
0x000007fefd62a47d:   54 24 24 48 89 4c 24 28 4d 85 c9 0f 85 a0 04 00
0x000007fefd62a48d:   00 89 4c 24 38 48 8d 4c 24 20 ff 15 23 fe 03 00
0x000007fefd62a49d:   48 81 c4 c8 00 00 00 c3 48 85 f6 74 08 83 3b 00
0x000007fefd62a4ad:   76 03 66 89 16 bd 01 00 00 00 3b fd 0f 84 d6 02 


Register to memory mapping:

RAX=0x00000000626676e9 is an unknown value
RBX=0x000007feeb3b2cb8 is an unknown value
RCX=0x00000000151fed10 is an unknown value
RDX=0x00000000000000d0 is an unknown value
RSP=0x00000000151ff320 is an unknown value
RBP=0x00000000151ff450 is an unknown value
RSI=0x00000000ffffffff is an unallocated location in the heap
RDI=0x000000002f6120c0 is an unknown value
R8 =0x0000000000000000 is an unknown value
R9 =0x0000000000000000 is an unknown value
R10=0x000007feeb300000 is an unknown value
R11=0x00000000151ff360 is an unknown value
R12=0x0000000000000001 is an unknown value
R13=0x0000000000000008 is an unknown value
R14=0x0000000000000000 is an unknown value
R15=0xffffffffffffffff is an unknown value


Stack: [0x0000000015100000,0x0000000015200000],  sp=0x00000000151ff320,  free space=1020k
Native frames: (J=compiled Java code, j=interpreted, Vv=VM code, C=native code)
C  [KERNELBASE.dll+0xa49d]
C  [MSVCR110.dll+0x5e92c]
C  [MSVCR110.dll+0x1315c]
C  [MSVCR110.dll+0x136a9]
C  [MSVCR110.dll+0x13e9c]
C  [MSVCR110.dll+0x239e]
C  [MSVCR110.dll+0xaf9e]
C  [MSVCP110.dll+0x397b9]
C  [librdi_common.dll+0x183a66]
C  [librdi_common.dll+0x1826fb]
C  0x000007fef7aa2400
C  0x000007fef7aa2682
C  [ntdll.dll+0x24371]
C  [ntdll.dll+0x24180]
C  [MSVCR100.dll+0x20ccd]
V  [jvm.dll+0x210cc5]
V  [jvm.dll+0x249897]
V  [jvm.dll+0x248b36]
V  [jvm.dll+0x248fd1]
V  [jvm.dll+0x2491ee]
V  [jvm.dll+0x29a0fa]
C  [MSVCR100.dll+0x21d9f]
C  [MSVCR100.dll+0x21e3b]
C  [kernel32.dll+0x1652d]
C  [ntdll.dll+0x2c521]

VM_Operation (0x000000000012f4c0): Exit, mode: safepoint, requested by thread 0x0000000002bb8800


---------------  P R O C E S S  ---------------

Java Threads: ( => current thread )
  0x000000001bf4f800 JavaThread "Thread-30" daemon [_thread_blocked, id=4948, stack(0x000000002ca00000,0x000000002cb00000)]
  0x000000001eb34000 JavaThread "Output Stream Monitor" daemon [_thread_in_native, id=3108, stack(0x000000002a220000,0x000000002a320000)]
  0x000000001eb35000 JavaThread "Output Stream Monitor" daemon [_thread_in_native, id=7620, stack(0x000000002a120000,0x000000002a220000)]
  0x000000001eb37000 JavaThread "TCF Channel Transmitter" daemon [_thread_blocked, id=7940, stack(0x000000002a890000,0x000000002a990000)]
  0x000000001eb36800 JavaThread "TCF Channel Receiver" daemon [_thread_in_native, id=7888, stack(0x000000002a570000,0x000000002a670000)]
  0x000000001eb33800 JavaThread "Process monitor" daemon [_thread_in_native, id=8188, stack(0x0000000029530000,0x0000000029630000)]
  0x000000001eb32800 JavaThread "Input Stream Monitor" daemon [_thread_blocked, id=5684, stack(0x0000000029430000,0x0000000029530000)]
  0x000000001eb32000 JavaThread "Output Stream Monitor" daemon [_thread_in_native, id=7892, stack(0x0000000029330000,0x0000000029430000)]
  0x00000000167e7800 JavaThread "Output Stream Monitor" daemon [_thread_in_native, id=5760, stack(0x0000000029230000,0x0000000029330000)]
  0x00000000167e3000 JavaThread "TCF Locator DNS Lookup" daemon [_thread_blocked, id=3844, stack(0x0000000021490000,0x0000000021590000)]
  0x00000000167e2000 JavaThread "TCF Locator Timer" daemon [_thread_blocked, id=3912, stack(0x0000000021390000,0x0000000021490000)]
  0x00000000167de800 JavaThread "TCF Locator Receiver" daemon [_thread_in_native, id=7392, stack(0x0000000021290000,0x0000000021390000)]
  0x00000000167e0800 JavaThread "TCF Timer Dispatcher" daemon [_thread_blocked, id=6876, stack(0x0000000021090000,0x0000000021190000)]
  0x00000000167dc000 JavaThread "EMF Reference Cleaner" daemon [_thread_blocked, id=1896, stack(0x000000001d630000,0x000000001d730000)]
  0x0000000015495000 JavaThread "Service Thread" daemon [_thread_blocked, id=6872, stack(0x0000000015d00000,0x0000000015e00000)]
  0x0000000015425000 JavaThread "C1 CompilerThread2" daemon [_thread_blocked, id=748, stack(0x0000000015c00000,0x0000000015d00000)]
  0x0000000015420000 JavaThread "C2 CompilerThread1" daemon [_thread_blocked, id=7472, stack(0x0000000015b00000,0x0000000015c00000)]
  0x000000001410c800 JavaThread "C2 CompilerThread0" daemon [_thread_blocked, id=6512, stack(0x0000000015a00000,0x0000000015b00000)]
  0x0000000015413800 JavaThread "Attach Listener" daemon [_thread_blocked, id=7864, stack(0x0000000015900000,0x0000000015a00000)]
  0x0000000015410800 JavaThread "Signal Dispatcher" daemon [_thread_blocked, id=5500, stack(0x0000000015800000,0x0000000015900000)]
  0x00000000140ac000 JavaThread "Finalizer" daemon [_thread_blocked, id=4464, stack(0x0000000015300000,0x0000000015400000)]
  0x00000000140a5000 JavaThread "Reference Handler" daemon [_thread_blocked, id=3932, stack(0x0000000015200000,0x0000000015300000)]
  0x0000000002bb8800 JavaThread "main" [_thread_blocked, id=3784, stack(0x0000000000030000,0x0000000000130000)]

Other Threads:
=>0x00000000140a0000 VMThread [stack: 0x0000000015100000,0x0000000015200000] [id=6836]

VM state:at safepoint (shutting down)

VM Mutex/Monitor currently owned by a thread:  ([mutex/lock_event])
[0x0000000002d3e4a0] Threads_lock - owner thread: 0x00000000140a0000

Heap:
 PSYoungGen      total 84480K, used 38839K [0x00000000f5580000, 0x00000000faf80000, 0x0000000100000000)
  eden space 83456K, 45% used [0x00000000f5580000,0x00000000f7a71e90,0x00000000fa700000)
  from space 1024K, 98% used [0x00000000fa700000,0x00000000fa7fc010,0x00000000fa800000)
  to   space 1536K, 0% used [0x00000000fae00000,0x00000000fae00000,0x00000000faf80000)
 ParOldGen       total 166400K, used 78297K [0x00000000e0000000, 0x00000000ea280000, 0x00000000f5580000)
  object space 166400K, 47% used [0x00000000e0000000,0x00000000e4c765c0,0x00000000ea280000)
 Metaspace       used 111865K, capacity 119924K, committed 120360K, reserved 1155072K
  class space    used 12709K, capacity 15307K, committed 15400K, reserved 1048576K

Card table byte_map: [0x0000000012100000,0x0000000012210000] byte_map_base: 0x0000000011a00000

Marking Bits: (ParMarkBitMap*) 0x0000000051e4a5b0
 Begin Bits: [0x0000000012610000, 0x0000000012e10000)
 End Bits:   [0x0000000012e10000, 0x0000000013610000)

Polling page: 0x0000000000340000

CodeCache: size=245760Kb used=97073Kb max_used=97447Kb free=148686Kb
 bounds [0x0000000002d40000, 0x0000000008d40000, 0x0000000011d40000]
 total_blobs=24620 nmethods=23686 adapters=836
 compilation: enabled

Compilation events (10 events):
Event: 37977.741 Thread 0x0000000015425000 33011       3       sun.misc.Unsafe::getAndSetObject (24 bytes)
Event: 37977.741 Thread 0x0000000015425000 nmethod 33011 0x000000000470fe90 code [0x0000000004710000, 0x0000000004710210]
Event: 37977.743 Thread 0x0000000015425000 33012       3       org.eclipse.osgi.internal.framework.EquinoxContainerAdaptor::invalidateWiring (186 bytes)
Event: 37977.745 Thread 0x0000000015425000 nmethod 33012 0x000000000669fa10 code [0x000000000669fde0, 0x00000000066a2758]
Event: 37977.747 Thread 0x0000000015425000 33013   !   3       org.eclipse.osgi.container.ModuleDatabase::getRevisionsTimestamp (25 bytes)
Event: 37977.748 Thread 0x0000000015425000 nmethod 33013 0x00000000054d8790 code [0x00000000054d89a0, 0x00000000054d96d8]
Event: 37977.751 Thread 0x0000000015425000 33014       3       org.eclipse.osgi.internal.framework.EquinoxContainerAdaptor::clearManifestCache (84 bytes)
Event: 37977.752 Thread 0x0000000015425000 nmethod 33014 0x0000000004672390 code [0x00000000046725e0, 0x0000000004673cf8]
Event: 37977.752 Thread 0x0000000015425000 33016   !   3       org.eclipse.osgi.storage.BundleInfo$Generation::clearManifestCache (30 bytes)
Event: 37977.753 Thread 0x0000000015425000 nmethod 33016 0x000000000814c250 code [0x000000000814c3e0, 0x000000000814ca28]

GC Heap History (10 events):
Event: 37849.847 GC heap before
{Heap before GC invocations=1294 (full 551):
 PSYoungGen      total 84480K, used 8562K [0x00000000f5580000, 0x00000000fa900000, 0x0000000100000000)
  eden space 83456K, 10% used [0x00000000f5580000,0x00000000f5ddc9c0,0x00000000fa700000)
  from space 1024K, 0% used [0x00000000fa800000,0x00000000fa800000,0x00000000fa900000)
  to   space 1024K, 0% used [0x00000000fa700000,0x00000000fa700000,0x00000000fa800000)
 ParOldGen       total 166400K, used 76504K [0x00000000e0000000, 0x00000000ea280000, 0x00000000f5580000)
  object space 166400K, 45% used [0x00000000e0000000,0x00000000e4ab6338,0x00000000ea280000)
 Metaspace       used 111368K, capacity 119620K, committed 120104K, reserved 1155072K
  class space    used 12653K, capacity 15273K, committed 15400K, reserved 1048576K
Event: 37849.850 GC heap after
Heap after GC invocations=1294 (full 551):
 PSYoungGen      total 84480K, used 512K [0x00000000f5580000, 0x00000000fa900000, 0x0000000100000000)
  eden space 83456K, 0% used [0x00000000f5580000,0x00000000f5580000,0x00000000fa700000)
  from space 1024K, 50% used [0x00000000fa700000,0x00000000fa780000,0x00000000fa800000)
  to   space 1024K, 0% used [0x00000000fa800000,0x00000000fa800000,0x00000000fa900000)
 ParOldGen       total 166400K, used 76504K [0x00000000e0000000, 0x00000000ea280000, 0x00000000f5580000)
  object space 166400K, 45% used [0x00000000e0000000,0x00000000e4ab6338,0x00000000ea280000)
 Metaspace       used 111368K, capacity 119620K, committed 120104K, reserved 1155072K
  class space    used 12653K, capacity 15273K, committed 15400K, reserved 1048576K
}
Event: 37849.850 GC heap before
{Heap before GC invocations=1295 (full 552):
 PSYoungGen      total 84480K, used 512K [0x00000000f5580000, 0x00000000fa900000, 0x0000000100000000)
  eden space 83456K, 0% used [0x00000000f5580000,0x00000000f5580000,0x00000000fa700000)
  from space 1024K, 50% used [0x00000000fa700000,0x00000000fa780000,0x00000000fa800000)
  to   space 1024K, 0% used [0x00000000fa800000,0x00000000fa800000,0x00000000fa900000)
 ParOldGen       total 166400K, used 76504K [0x00000000e0000000, 0x00000000ea280000, 0x00000000f5580000)
  object space 166400K, 45% used [0x00000000e0000000,0x00000000e4ab6338,0x00000000ea280000)
 Metaspace       used 111368K, capacity 119620K, committed 120104K, reserved 1155072K
  class space    used 12653K, capacity 15273K, committed 15400K, reserved 1048576K
Event: 37849.982 GC heap after
Heap after GC invocations=1295 (full 552):
 PSYoungGen      total 84480K, used 0K [0x00000000f5580000, 0x00000000fa900000, 0x0000000100000000)
  eden space 83456K, 0% used [0x00000000f5580000,0x00000000f5580000,0x00000000fa700000)
  from space 1024K, 0% used [0x00000000fa700000,0x00000000fa700000,0x00000000fa800000)
  to   space 1024K, 0% used [0x00000000fa800000,0x00000000fa800000,0x00000000fa900000)
 ParOldGen       total 166400K, used 76664K [0x00000000e0000000, 0x00000000ea280000, 0x00000000f5580000)
  object space 166400K, 46% used [0x00000000e0000000,0x00000000e4ade3e8,0x00000000ea280000)
 Metaspace       used 111368K, capacity 119620K, committed 120104K, reserved 1155072K
  class space    used 12653K, capacity 15273K, committed 15400K, reserved 1048576K
}
Event: 37909.856 GC heap before
{Heap before GC invocations=1296 (full 552):
 PSYoungGen      total 84480K, used 2568K [0x00000000f5580000, 0x00000000fa900000, 0x0000000100000000)
  eden space 83456K, 3% used [0x00000000f5580000,0x00000000f5802230,0x00000000fa700000)
  from space 1024K, 0% used [0x00000000fa700000,0x00000000fa700000,0x00000000fa800000)
  to   space 1024K, 0% used [0x00000000fa800000,0x00000000fa800000,0x00000000fa900000)
 ParOldGen       total 166400K, used 76664K [0x00000000e0000000, 0x00000000ea280000, 0x00000000f5580000)
  object space 166400K, 46% used [0x00000000e0000000,0x00000000e4ade3e8,0x00000000ea280000)
 Metaspace       used 111368K, capacity 119620K, committed 120104K, reserved 1155072K
  class space    used 12653K, capacity 15273K, committed 15400K, reserved 1048576K
Event: 37909.860 GC heap after
Heap after GC invocations=1296 (full 552):
 PSYoungGen      total 84480K, used 160K [0x00000000f5580000, 0x00000000fa900000, 0x0000000100000000)
  eden space 83456K, 0% used [0x00000000f5580000,0x00000000f5580000,0x00000000fa700000)
  from space 1024K, 15% used [0x00000000fa800000,0x00000000fa828000,0x00000000fa900000)
  to   space 1024K, 0% used [0x00000000fa700000,0x00000000fa700000,0x00000000fa800000)
 ParOldGen       total 166400K, used 76664K [0x00000000e0000000, 0x00000000ea280000, 0x00000000f5580000)
  object space 166400K, 46% used [0x00000000e0000000,0x00000000e4ade3e8,0x00000000ea280000)
 Metaspace       used 111368K, capacity 119620K, committed 120104K, reserved 1155072K
  class space    used 12653K, capacity 15273K, committed 15400K, reserved 1048576K
}
Event: 37909.860 GC heap before
{Heap before GC invocations=1297 (full 553):
 PSYoungGen      total 84480K, used 160K [0x00000000f5580000, 0x00000000fa900000, 0x0000000100000000)
  eden space 83456K, 0% used [0x00000000f5580000,0x00000000f5580000,0x00000000fa700000)
  from space 1024K, 15% used [0x00000000fa800000,0x00000000fa828000,0x00000000fa900000)
  to   space 1024K, 0% used [0x00000000fa700000,0x00000000fa700000,0x00000000fa800000)
 ParOldGen       total 166400K, used 76664K [0x00000000e0000000, 0x00000000ea280000, 0x00000000f5580000)
  object space 166400K, 46% used [0x00000000e0000000,0x00000000e4ade3e8,0x00000000ea280000)
 Metaspace       used 111368K, capacity 119620K, committed 120104K, reserved 1155072K
  class space    used 12653K, capacity 15273K, committed 15400K, reserved 1048576K
Event: 37909.988 GC heap after
Heap after GC invocations=1297 (full 553):
 PSYoungGen      total 84480K, used 0K [0x00000000f5580000, 0x00000000fa900000, 0x0000000100000000)
  eden space 83456K, 0% used [0x00000000f5580000,0x00000000f5580000,0x00000000fa700000)
  from space 1024K, 0% used [0x00000000fa800000,0x00000000fa800000,0x00000000fa900000)
  to   space 1024K, 0% used [0x00000000fa700000,0x00000000fa700000,0x00000000fa800000)
 ParOldGen       total 166400K, used 76504K [0x00000000e0000000, 0x00000000ea280000, 0x00000000f5580000)
  object space 166400K, 45% used [0x00000000e0000000,0x00000000e4ab6338,0x00000000ea280000)
 Metaspace       used 111368K, capacity 119620K, committed 120104K, reserved 1155072K
  class space    used 12653K, capacity 15273K, committed 15400K, reserved 1048576K
}
Event: 37970.462 GC heap before
{Heap before GC invocations=1298 (full 553):
 PSYoungGen      total 84480K, used 83456K [0x00000000f5580000, 0x00000000fa900000, 0x0000000100000000)
  eden space 83456K, 100% used [0x00000000f5580000,0x00000000fa700000,0x00000000fa700000)
  from space 1024K, 0% used [0x00000000fa800000,0x00000000fa800000,0x00000000fa900000)
  to   space 1024K, 0% used [0x00000000fa700000,0x00000000fa700000,0x00000000fa800000)
 ParOldGen       total 166400K, used 76504K [0x00000000e0000000, 0x00000000ea280000, 0x00000000f5580000)
  object space 166400K, 45% used [0x00000000e0000000,0x00000000e4ab6338,0x00000000ea280000)
 Metaspace       used 111454K, capacity 119626K, committed 120104K, reserved 1155072K
  class space    used 12662K, capacity 15274K, committed 15400K, reserved 1048576K
Event: 37970.486 GC heap after
Heap after GC invocations=1298 (full 553):
 PSYoungGen      total 84480K, used 1008K [0x00000000f5580000, 0x00000000faf80000, 0x0000000100000000)
  eden space 83456K, 0% used [0x00000000f5580000,0x00000000f5580000,0x00000000fa700000)
  from space 1024K, 98% used [0x00000000fa700000,0x00000000fa7fc010,0x00000000fa800000)
  to   space 1536K, 0% used [0x00000000fae00000,0x00000000fae00000,0x00000000faf80000)
 ParOldGen       total 166400K, used 78297K [0x00000000e0000000, 0x00000000ea280000, 0x00000000f5580000)
  object space 166400K, 47% used [0x00000000e0000000,0x00000000e4c765c0,0x00000000ea280000)
 Metaspace       used 111454K, capacity 119626K, committed 120104K, reserved 1155072K
  class space    used 12662K, capacity 15274K, committed 15400K, reserved 1048576K
}

Deoptimization events (10 events):
Event: 37977.680 Thread 0x00000000157f5000 Uncommon trap: reason=unstable_if action=reinterpret pc=0x0000000006768d24 method=org.eclipse.core.internal.jobs.WorkerPool.startJob(Lorg/eclipse/core/internal/jobs/Worker;)Lorg/eclipse/core/internal/jobs/InternalJob; @ 177
Event: 37977.680 Thread 0x000000002c17b000 Uncommon trap: reason=unstable_if action=reinterpret pc=0x0000000006768d24 method=org.eclipse.core.internal.jobs.WorkerPool.startJob(Lorg/eclipse/core/internal/jobs/Worker;)Lorg/eclipse/core/internal/jobs/InternalJob; @ 177
Event: 37977.681 Thread 0x000000002c17d800 Uncommon trap: reason=unstable_if action=reinterpret pc=0x0000000006768d24 method=org.eclipse.core.internal.jobs.WorkerPool.startJob(Lorg/eclipse/core/internal/jobs/Worker;)Lorg/eclipse/core/internal/jobs/InternalJob; @ 177
Event: 37977.681 Thread 0x000000002c17a800 Uncommon trap: reason=unstable_if action=reinterpret pc=0x0000000006768d24 method=org.eclipse.core.internal.jobs.WorkerPool.startJob(Lorg/eclipse/core/internal/jobs/Worker;)Lorg/eclipse/core/internal/jobs/InternalJob; @ 177
Event: 37977.681 Thread 0x000000002c17e000 Uncommon trap: reason=unstable_if action=reinterpret pc=0x0000000006768d24 method=org.eclipse.core.internal.jobs.WorkerPool.startJob(Lorg/eclipse/core/internal/jobs/Worker;)Lorg/eclipse/core/internal/jobs/InternalJob; @ 177
Event: 37977.681 Thread 0x00000000157f6800 Uncommon trap: reason=unstable_if action=reinterpret pc=0x0000000006768d24 method=org.eclipse.core.internal.jobs.WorkerPool.startJob(Lorg/eclipse/core/internal/jobs/Worker;)Lorg/eclipse/core/internal/jobs/InternalJob; @ 177
Event: 37977.681 Thread 0x000000001f181000 Uncommon trap: reason=unstable_if action=reinterpret pc=0x0000000006768d24 method=org.eclipse.core.internal.jobs.WorkerPool.startJob(Lorg/eclipse/core/internal/jobs/Worker;)Lorg/eclipse/core/internal/jobs/InternalJob; @ 177
Event: 37977.708 Thread 0x000000001f181800 Uncommon trap: reason=unstable_if action=reinterpret pc=0x0000000004e63b80 method=sun.reflect.UnsafeStaticObjectFieldAccessorImpl.set(Ljava/lang/Object;Ljava/lang/Object;)V @ 13
Event: 37977.725 Thread 0x000000001f181800 Uncommon trap: reason=unstable_if action=reinterpret pc=0x0000000004b3b5c0 method=java.util.concurrent.locks.ReentrantLock$Sync.tryRelease(I)Z @ 28
Event: 37977.725 Thread 0x00000000167df000 Uncommon trap: reason=unstable_if action=reinterpret pc=0x000000000391eee0 method=org.eclipse.osgi.framework.eventmgr.EventManager$EventThread.getNextEvent()Lorg/eclipse/osgi/framework/eventmgr/EventManager$EventThread$Queued; @ 15

Internal exceptions (10 events):
Event: 37975.711 Thread 0x000000001f181800 Implicit null exception at 0x000000000669391d to 0x0000000006693e11
Event: 37975.768 Thread 0x000000001bf4a800 Exception <a 'java/lang/InterruptedException'> (0x00000000f7505b58) thrown at [C:\re\workspace\8-2-build-windows-amd64-cygwin\jdk8u66\5298\hotspot\src\share\vm\runtime\objectMonitor.cpp, line 1683]
Event: 37975.836 Thread 0x000000002c17e000 Implicit null exception at 0x000000000873ee40 to 0x0000000008740c45
Event: 37977.318 Thread 0x000000001f181800 Implicit null exception at 0x0000000008c35f21 to 0x0000000008c36d85
Event: 37977.318 Thread 0x000000001f181800 Implicit null exception at 0x00000000068d1edd to 0x00000000068d3875
Event: 37977.679 Thread 0x00000000167dd800 Exception <a 'java/lang/InterruptedException'> (0x00000000f70b90e0) thrown at [C:\re\workspace\8-2-build-windows-amd64-cygwin\jdk8u66\5298\hotspot\src\share\vm\runtime\objectMonitor.cpp, line 1683]
Event: 37977.707 Thread 0x000000001f181800 Implicit null exception at 0x0000000004e63837 to 0x0000000004e63b6d
Event: 37977.708 Thread 0x000000001678d000 Exception <a 'java/lang/InterruptedException'> (0x00000000f7874230) thrown at [C:\re\workspace\8-2-build-windows-amd64-cygwin\jdk8u66\5298\hotspot\src\share\vm\runtime\objectMonitor.cpp, line 1683]
Event: 37977.725 Thread 0x00000000167df000 Exception <a 'java/lang/InterruptedException'> (0x00000000f6812f58) thrown at [C:\re\workspace\8-2-build-windows-amd64-cygwin\jdk8u66\5298\hotspot\src\share\vm\runtime\objectMonitor.cpp, line 1683]
Event: 37977.737 Thread 0x00000000167d8000 Exception <a 'java/lang/InterruptedException'> (0x00000000f7a02460) thrown at [C:\re\workspace\8-2-build-windows-amd64-cygwin\jdk8u66\5298\hotspot\src\share\vm\runtime\objectMonitor.cpp, line 1683]

Events (10 events):
Event: 37977.750 Thread 0x0000000015425000 flushing nmethod 0x000000000865bbd0
Event: 37977.750 Thread 0x0000000015425000 flushing nmethod 0x000000000874af10
Event: 37977.750 Thread 0x0000000015425000 flushing nmethod 0x00000000089cc710
Event: 37977.813 loading class java/util/IdentityHashMap$KeyIterator
Event: 37977.835 loading class java/util/IdentityHashMap$IdentityHashMapIterator
Event: 37977.841 loading class java/util/IdentityHashMap$IdentityHashMapIterator done
Event: 37977.841 loading class java/util/IdentityHashMap$KeyIterator done
Event: 37977.842 Thread 0x00000000167d8000 Thread added: 0x00000000167d8000
Event: 37977.842 Thread 0x00000000167d8000 Thread exited: 0x00000000167d8000
Event: 37977.917 Executing VM operation: Exit


Dynamic libraries:
0x0000000000400000 - 0x000000000044f000 	D:\Program\Xilinx\SDK\2016.4\eclipse\win64.o\eclipse.exe
0x0000000077520000 - 0x00000000776c9000 	C:\Windows\SYSTEM32\ntdll.dll
0x0000000077400000 - 0x000000007751f000 	C:\Windows\system32\kernel32.dll
0x000007fefd620000 - 0x000007fefd68b000 	C:\Windows\system32\KERNELBASE.dll
0x0000000077300000 - 0x00000000773fa000 	C:\Windows\system32\USER32.dll
0x000007feff660000 - 0x000007feff6c7000 	C:\Windows\system32\GDI32.dll
0x000007fefeff0000 - 0x000007fefeffe000 	C:\Windows\system32\LPK.dll
0x000007fefedf0000 - 0x000007fefeeb9000 	C:\Windows\system32\USP10.dll
0x000007fefed40000 - 0x000007fefeddf000 	C:\Windows\system32\msvcrt.dll
0x000007fefc020000 - 0x000007fefc214000 	C:\Windows\WinSxS\amd64_microsoft.windows.common-controls_6595b64144ccf1df_6.0.7601.17514_none_fa396087175ac9ac\COMCTL32.dll
0x000007feff590000 - 0x000007feff601000 	C:\Windows\system32\SHLWAPI.dll
0x000007fefd3b0000 - 0x000007fefd407000 	C:\Windows\system32\apphelp.dll
0x000007fef9810000 - 0x000007fef9861000 	C:\Windows\AppPatch\AppPatch64\AcGenral.DLL
0x000007fefd2b0000 - 0x000007fefd2d5000 	C:\Windows\system32\SspiCli.dll
0x000007fefeec0000 - 0x000007fefefed000 	C:\Windows\system32\RPCRT4.dll
0x000007fefdb30000 - 0x000007fefdd33000 	C:\Windows\system32\ole32.dll
0x000007fefdf10000 - 0x000007fefec98000 	C:\Windows\system32\SHELL32.dll
0x0000000073880000 - 0x0000000073883000 	C:\Windows\system32\sfc.dll
0x000007fef9800000 - 0x000007fef9810000 	C:\Windows\system32\sfc_os.DLL
0x000007fefc7a0000 - 0x000007fefc7be000 	C:\Windows\system32\USERENV.dll
0x000007fefd470000 - 0x000007fefd47f000 	C:\Windows\system32\profapi.dll
0x000007fefc220000 - 0x000007fefc238000 	C:\Windows\system32\dwmapi.dll
0x000007feff750000 - 0x000007feff82b000 	C:\Windows\system32\ADVAPI32.dll
0x000007feff490000 - 0x000007feff4af000 	C:\Windows\SYSTEM32\sechost.dll
0x000007fef97e0000 - 0x000007fef97f8000 	C:\Windows\system32\MPR.dll
0x000007fefdb00000 - 0x000007fefdb2e000 	C:\Windows\system32\IMM32.DLL
0x000007fefde00000 - 0x000007fefdf09000 	C:\Windows\system32\MSCTF.dll
0x0000000072000000 - 0x0000000072012000 	D:\Program\Xilinx\SDK\2016.4\eclipse\win64.o\plugins\org.eclipse.equinox.launcher.win32.win32.x86_64_1.1.300.v20150602-1417\eclipse_1611.dll
0x000007fefc5b0000 - 0x000007fefc5bc000 	C:\Windows\system32\VERSION.dll
0x000007fefbb70000 - 0x000007fefbbc6000 	C:\Windows\system32\uxtheme.dll
0x000007fef70d0000 - 0x000007fef74bc000 	C:\Windows\system32\GOOGLEPINYIN2.IME
0x000007fefd6d0000 - 0x000007fefd837000 	C:\Windows\system32\CRYPT32.dll
0x000007fefd510000 - 0x000007fefd51f000 	C:\Windows\system32\MSASN1.dll
0x000007fefd690000 - 0x000007fefd6ca000 	C:\Windows\system32\WINTRUST.dll
0x000007feff4b0000 - 0x000007feff587000 	C:\Windows\system32\OLEAUT32.dll
0x000007fef9b60000 - 0x000007fef9b67000 	C:\Windows\system32\MSIMG32.dll
0x000007fefb950000 - 0x000007fefbb65000 	C:\Windows\WinSxS\amd64_microsoft.windows.gdiplus_6595b64144ccf1df_1.1.7601.17514_none_2b24536c71ed437a\gdiplus.dll
0x000007fef6fa0000 - 0x000007fef70c5000 	C:\Windows\system32\dbghelp.dll
0x000007feff1e0000 - 0x000007feff30a000 	C:\Windows\system32\WININET.dll
0x000007feff310000 - 0x000007feff488000 	C:\Windows\system32\urlmon.dll
0x000007fefd8a0000 - 0x000007fefdaf9000 	C:\Windows\system32\iertutil.dll
0x000007fefb5b0000 - 0x000007fefb5eb000 	C:\Windows\system32\WINMM.dll
0x000007fefd300000 - 0x000007fefd30f000 	C:\Windows\system32\CRYPTBASE.dll
0x0000000051640000 - 0x0000000051ec9000 	D:\Program\Xilinx\SDK\2016.4\tps\win64\jre\bin\server\jvm.dll
0x000007feece60000 - 0x000007feece69000 	C:\Windows\system32\WSOCK32.dll
0x000007feff610000 - 0x000007feff65d000 	C:\Windows\system32\WS2_32.dll
0x000007fefede0000 - 0x000007fefede8000 	C:\Windows\system32\NSI.dll
0x00000000776e0000 - 0x00000000776e7000 	C:\Windows\system32\PSAPI.DLL
0x000000006e1f0000 - 0x000000006e2c2000 	C:\Windows\system32\MSVCR100.dll
0x0000000072720000 - 0x000000007272f000 	D:\Program\Xilinx\SDK\2016.4\tps\win64\jre\bin\verify.dll
0x00000000726f0000 - 0x0000000072719000 	D:\Program\Xilinx\SDK\2016.4\tps\win64\jre\bin\java.dll
0x00000000726d0000 - 0x00000000726e6000 	D:\Program\Xilinx\SDK\2016.4\tps\win64\jre\bin\zip.dll
0x000007fefcce0000 - 0x000007fefccf7000 	C:\Windows\system32\CRYPTSP.dll
0x000007fefc9e0000 - 0x000007fefca27000 	C:\Windows\system32\rsaenh.dll
0x00000000726b0000 - 0x00000000726ca000 	D:\Program\Xilinx\SDK\2016.4\tps\win64\jre\bin\net.dll
0x000007fefcc80000 - 0x000007fefccd5000 	C:\Windows\system32\mswsock.dll
0x000007fefcc70000 - 0x000007fefcc77000 	C:\Windows\System32\wship6.dll
0x000007fefae20000 - 0x000007fefae47000 	C:\Windows\system32\IPHLPAPI.DLL
0x000007fefae10000 - 0x000007fefae1b000 	C:\Windows\system32\WINNSI.DLL
0x000007fefab20000 - 0x000007fefab38000 	C:\Windows\system32\dhcpcsvc.DLL
0x000007fefab00000 - 0x000007fefab11000 	C:\Windows\system32\dhcpcsvc6.DLL
0x0000000072690000 - 0x00000000726a1000 	D:\Program\Xilinx\SDK\2016.4\tps\win64\jre\bin\nio.dll
0x000007fefc580000 - 0x000007fefc5ad000 	C:\Windows\system32\ntmarta.dll
0x000007fefd840000 - 0x000007fefd892000 	C:\Windows\system32\WLDAP32.dll
0x000007fefeca0000 - 0x000007fefed39000 	C:\Windows\system32\CLBCatQ.DLL
0x000007fefb160000 - 0x000007fefb28a000 	C:\Windows\system32\WindowsCodecs.dll
0x000007fefb590000 - 0x000007fefb5a5000 	C:\Windows\system32\NLAapi.dll
0x000007fef7db0000 - 0x000007fef7dc5000 	C:\Windows\system32\napinsp.dll
0x000007fef7d90000 - 0x000007fef7da9000 	C:\Windows\system32\pnrpnsp.dll
0x000007fefcb00000 - 0x000007fefcb5b000 	C:\Windows\system32\DNSAPI.dll
0x000007fef7d80000 - 0x000007fef7d8b000 	C:\Windows\System32\winrnr.dll
0x0000000063560000 - 0x0000000063569000 	C:\Program Files\National Instruments\Shared\mDNS Responder\nimdnsNSP.dll
0x0000000063550000 - 0x000000006355e000 	C:\Windows\system32\nimdnsResponder.dll
0x0000000075170000 - 0x0000000075213000 	C:\Windows\WinSxS\amd64_microsoft.vc90.crt_1fc8b3b9a1e18e3b_9.0.30729.6161_none_08e61857a83bc251\MSVCR90.dll
0x000007fefc680000 - 0x000007fefc687000 	C:\Windows\System32\wshtcpip.dll
0x000007fef9b50000 - 0x000007fef9b58000 	C:\Windows\system32\rasadhlp.dll
0x000007feface0000 - 0x000007fefad33000 	C:\Windows\System32\fwpuclnt.dll
0x000000001d530000 - 0x000000001d5d8000 	C:\Users\dell\.Xilinx\SDK\2016.4\org.eclipse.osgi\319\0\.cp\swt-win32-4527.dll
0x000007fefdd60000 - 0x000007fefddf7000 	C:\Windows\system32\comdlg32.dll
0x000007fef9760000 - 0x000007fef97d1000 	C:\Windows\system32\WINSPOOL.DRV
0x000007fefbd00000 - 0x000007fefbe2c000 	C:\Windows\system32\propsys.dll
0x0000000019d30000 - 0x0000000019d4e000 	C:\Users\dell\.Xilinx\SDK\2016.4\org.eclipse.osgi\319\0\.cp\swt-gdip-win32-4527.dll
0x0000000180000000 - 0x0000000180012000 	C:\Users\dell\.Xilinx\SDK\2016.4\org.eclipse.osgi\133\0\.cp\os\win32\x86_64\localfile_1_0_0.dll
0x000007fef9f40000 - 0x000007fef9f94000 	C:\Windows\system32\oleacc.dll
0x000007fef1240000 - 0x000007fef127b000 	C:\Windows\system32\mlang.dll
0x000007fefd450000 - 0x000007fefd464000 	C:\Windows\system32\RpcRtRemote.dll
0x000007fefbe60000 - 0x000007fefbe71000 	C:\Users\dell\.Xilinx\SDK\2016.4\org.eclipse.osgi\136\0\.cp\jWinHttp-1.0.0.dll
0x000007fef90c0000 - 0x000007fef9131000 	C:\Windows\system32\WINHTTP.dll
0x000007fef9050000 - 0x000007fef90b4000 	C:\Windows\system32\webio.dll
0x000007fefc8b0000 - 0x000007fefc8ba000 	C:\Windows\system32\credssp.dll
0x000007fefd520000 - 0x000007fefd556000 	C:\Windows\system32\CFGMGR32.dll
0x000007fefbcf0000 - 0x000007fefbcff000 	D:\Program\Xilinx\SDK\2016.4\lib\win64.o\librdi_repo_manager.dll
0x000007fefb000000 - 0x000007fefb02a000 	D:\Program\Xilinx\SDK\2016.4\lib\win64.o\libisl_sysinfo.dll
0x000007feeb300000 - 0x000007feeb3d4000 	C:\Windows\system32\MSVCR110.dll
0x000007feeb1d0000 - 0x000007feeb277000 	C:\Windows\system32\MSVCP110.dll
0x000007feba160000 - 0x000007febac0a000 	D:\Program\Xilinx\SDK\2016.4\lib\win64.o\librdi_common.dll
0x000007febc160000 - 0x000007febc4ce000 	D:\Program\Xilinx\SDK\2016.4\lib\win64.o\libCOIN-all.dll
0x000007febb4d0000 - 0x000007febb6ef000 	D:\Program\Xilinx\SDK\2016.4\lib\win64.o\libXil_lmgr11.dll
0x000007fefa920000 - 0x000007fefa936000 	C:\Windows\system32\NETAPI32.dll
0x000007fefa910000 - 0x000007fefa91c000 	C:\Windows\system32\netutils.dll
0x000007fefd040000 - 0x000007fefd063000 	C:\Windows\system32\srvcli.dll
0x000007fefa8f0000 - 0x000007fefa905000 	C:\Windows\system32\wkscli.dll
0x000007fefbce0000 - 0x000007fefbcf0000 	D:\Program\Xilinx\SDK\2016.4\lib\win64.o\libboost_date_time.dll
0x000007fef7bb0000 - 0x000007fef7bd4000 	D:\Program\Xilinx\SDK\2016.4\lib\win64.o\libboost_filesystem.dll
0x000007fefaff0000 - 0x000007fefaff9000 	D:\Program\Xilinx\SDK\2016.4\lib\win64.o\libboost_system.dll
0x000007feebb00000 - 0x000007feebb77000 	D:\Program\Xilinx\SDK\2016.4\lib\win64.o\libboost_program_options.dll
0x000007febc930000 - 0x000007febca36000 	D:\Program\Xilinx\SDK\2016.4\lib\win64.o\libboost_regex.dll
0x000007fefafd0000 - 0x000007fefafe3000 	D:\Program\Xilinx\SDK\2016.4\lib\win64.o\libboost_signals.dll
0x000007fef7ad0000 - 0x000007fef7aed000 	D:\Program\Xilinx\SDK\2016.4\lib\win64.o\libboost_thread.dll
0x000007fefaf60000 - 0x000007fefaf6b000 	D:\Program\Xilinx\SDK\2016.4\lib\win64.o\libboost_chrono.dll
0x000007fefa9c0000 - 0x000007fefa9cb000 	D:\Program\Xilinx\SDK\2016.4\lib\win64.o\libboost_xilinx.dll
0x000007febc0e0000 - 0x000007febc160000 	D:\Program\Xilinx\SDK\2016.4\lib\win64.o\libhdlpsolve.dll
0x000007febc040000 - 0x000007febc0da000 	D:\Program\Xilinx\SDK\2016.4\lib\win64.o\libhdxml.dll
0x000007febb100000 - 0x000007febb4c9000 	D:\Program\Xilinx\SDK\2016.4\lib\win64.o\libisl_iostreams.dll
0x000007fef7ab0000 - 0x000007fef7ac6000 	D:\Program\Xilinx\SDK\2016.4\lib\win64.o\libboost_iostreams.dll
0x000007feec030000 - 0x000007feec04f000 	D:\Program\Xilinx\SDK\2016.4\lib\win64.o\librdizlib.dll
0x000007feec000000 - 0x000007feec023000 	D:\Program\Xilinx\SDK\2016.4\lib\win64.o\libisl_iosutils.dll
0x000007feebf50000 - 0x000007feebf65000 	D:\Program\Xilinx\SDK\2016.4\lib\win64.o\pthreadVC2.dll
0x000007feebaa0000 - 0x000007feebaf3000 	D:\Program\Xilinx\SDK\2016.4\lib\win64.o\librdi_commonxillic.dll
0x000007febafd0000 - 0x000007febb100000 	D:\Program\Xilinx\SDK\2016.4\lib\win64.o\librdi_curl.dll
0x000007feebd50000 - 0x000007feebd68000 	D:\Program\Xilinx\SDK\2016.4\lib\win64.o\librdiconfig.dll
0x00000000658b0000 - 0x00000000659d7000 	D:\Program\Xilinx\SDK\2016.4\lib\win64.o\tcl85t.dll
0x0000000028ec0000 - 0x0000000029123000 	D:\Program\Xilinx\SDK\2016.4\lib\win64.o\xerces-c_3_1.dll
0x000007fee6620000 - 0x000007fee6643000 	C:\Windows\system32\VCOMP110.DLL
0x000007febadd0000 - 0x000007febafc8000 	D:\Program\Xilinx\SDK\2016.4\lib\win64.o\librdi_hsm.dll
0x000007febbff0000 - 0x000007febc033000 	D:\Program\Xilinx\SDK\2016.4\lib\win64.o\librdi_hdf.dll
0x000007feb9e90000 - 0x000007feba158000 	D:\Program\Xilinx\SDK\2016.4\lib\win64.o\librdi_ippcw.dll
0x000007fee8890000 - 0x000007fee88a6000 	D:\Program\Xilinx\SDK\2016.4\eclipse\win64.o\plugins\org.eclipse.cdt.core.win32.x86_64_5.4.0.201509131935\os\win32\x86_64\spawner.dll

VM Arguments:
jvm_args: -Dcom.xilinx.sdk.args.hwspec=C:/Users/dell/Desktop/mys-xc7z020-trd.xpr/mys-xc7z020-trd/mys-xc7z020-trd.sdk/design_1_wrapper.hdf -Xms64m -Xmx512m & 
java_command: <unknown>
java_class_path (initial): D:\Program\Xilinx\SDK\2016.4\eclipse\win64.o\\plugins/org.eclipse.equinox.launcher_1.3.100.v20150511-1540.jar
Launcher Type: generic

Environment Variables:
USERNAME=dell
OS=Windows_NT
PROCESSOR_IDENTIFIER=Intel64 Family 6 Model 94 Stepping 3, GenuineIntel



---------------  S Y S T E M  ---------------

OS: Windows 7 , 64 bit Build 7601 (6.1.7601.17514)

CPU:total 4 (4 cores per cpu, 1 threads per core) family 6 model 94 stepping 3, cmov, cx8, fxsr, mmx, sse, sse2, sse3, ssse3, sse4.1, sse4.2, popcnt, avx, avx2, aes, clmul, erms, rtm, 3dnowpref, lzcnt, tsc, tscinvbit, bmi1, bmi2, adx

Memory: 4k page, physical 8250356k(1755624k free), swap 16498868k(8902504k free)

vm_info: Java HotSpot(TM) 64-Bit Server VM (25.66-b18) for windows-amd64 JRE (1.8.0_66-b18), built on Nov  9 2015 10:51:13 by "java_re" with MS VC++ 10.0 (VS2010)

time: Wed Jul 12 17:46:46 2017
elapsed time: 37978 seconds (0d 10h 32m 58s)

