#-----------------------------------------------------------
# Vivado v2016.4 (64-bit)
# SW Build 1733598 on Wed Dec 14 22:35:39 MST 2016
# IP Build 1731160 on Wed Dec 14 23:47:21 MST 2016
# Start of session at: Thu Jul 13 06:23:21 2017
# Process ID: 6420
# Current directory: C:/Users/dell/Desktop/mys-xc7z020-trd.xpr/mys-xc7z020-trd
# Command line: vivado.exe -gui_launcher_event rodinguilauncherevent1952 C:\Users\dell\Desktop\mys-xc7z020-trd.xpr\mys-xc7z020-trd\mys-xc7z020-trd.xpr
# Log file: C:/Users/dell/Desktop/mys-xc7z020-trd.xpr/mys-xc7z020-trd/vivado.log
# Journal file: C:/Users/dell/Desktop/mys-xc7z020-trd.xpr/mys-xc7z020-trd\vivado.jou
#-----------------------------------------------------------
start_gui
open_project C:/Users/dell/Desktop/mys-xc7z020-trd.xpr/mys-xc7z020-trd/mys-xc7z020-trd.xpr
Scanning sources...
Finished scanning sources
INFO: [IP_Flow 19-234] Refreshing IP repositories
INFO: [IP_Flow 19-1700] Loaded user IP repository 'c:/Users/dell/Desktop/mys-xc7z020-trd.xpr/mys-xc7z020-trd/mys-xc7z020-trd.ipdefs/ip_repo_0'.
INFO: [IP_Flow 19-2313] Loaded Vivado IP repository 'D:/Program/Xilinx/Vivado/2016.4/data/ip'.
open_project: Time (s): cpu = 00:00:10 ; elapsed = 00:00:13 . Memory (MB): peak = 857.664 ; gain = 207.094
launch_sdk -workspace C:/Users/dell/Desktop/mys-xc7z020-trd.xpr/mys-xc7z020-trd/mys-xc7z020-trd.sdk -hwspec C:/Users/dell/Desktop/mys-xc7z020-trd.xpr/mys-xc7z020-trd/mys-xc7z020-trd.sdk/design_1_wrapper.hdf
INFO: [Vivado 12-393] Launching SDK...
INFO: [Vivado 12-417] Running xsdk -workspace C:/Users/dell/Desktop/mys-xc7z020-trd.xpr/mys-xc7z020-trd/mys-xc7z020-trd.sdk -hwspec C:/Users/dell/Desktop/mys-xc7z020-trd.xpr/mys-xc7z020-trd/mys-xc7z020-trd.sdk/design_1_wrapper.hdf
INFO: [Vivado 12-3157] SDK launch initiated. Please check console for any further messages.
exit
INFO: [Common 17-206] Exiting Vivado at Thu Jul 13 09:10:15 2017...
