#-----------------------------------------------------------
# Vivado v2016.4 (64-bit)
# SW Build 1733598 on Wed Dec 14 22:35:39 MST 2016
# IP Build 1731160 on Wed Dec 14 23:47:21 MST 2016
# Start of session at: Tue Jul 11 07:44:33 2017
# Process ID: 2836
# Current directory: C:/Users/dell/Desktop/mys-xc7z020-trd.xpr/mys-xc7z020-trd
# Command line: vivado.exe -gui_launcher_event rodinguilauncherevent4012 C:\Users\dell\Desktop\mys-xc7z020-trd.xpr\mys-xc7z020-trd\mys-xc7z020-trd.xpr
# Log file: C:/Users/dell/Desktop/mys-xc7z020-trd.xpr/mys-xc7z020-trd/vivado.log
# Journal file: C:/Users/dell/Desktop/mys-xc7z020-trd.xpr/mys-xc7z020-trd\vivado.jou
#-----------------------------------------------------------
start_gui
open_project C:/Users/dell/Desktop/mys-xc7z020-trd.xpr/mys-xc7z020-trd/mys-xc7z020-trd.xpr
Scanning sources...
Finished scanning sources
INFO: [IP_Flow 19-234] Refreshing IP repositories
INFO: [IP_Flow 19-1700] Loaded user IP repository 'c:/Users/dell/Desktop/mys-xc7z020-trd.xpr/mys-xc7z020-trd/mys-xc7z020-trd.ipdefs/ip_repo_0'.
INFO: [IP_Flow 19-2313] Loaded Vivado IP repository 'D:/Program/Xilinx/Vivado/2016.4/data/ip'.
open_project: Time (s): cpu = 00:00:12 ; elapsed = 00:00:17 . Memory (MB): peak = 883.250 ; gain = 240.316
open_bd_design {C:/Users/dell/Desktop/mys-xc7z020-trd.xpr/mys-xc7z020-trd/mys-xc7z020-trd.srcs/sources_1/bd/design_1/design_1.bd}
Adding cell -- xilinx.com:ip:processing_system7:5.5 - processing_system7_0
Adding cell -- xilinx.com:ip:util_vector_logic:2.0 - util_vector_logic_0
Adding cell -- xilinx.com:ip:util_vector_logic:2.0 - util_vector_logic_1
Adding cell -- xilinx.com:ip:xlconcat:2.1 - xlconcat_0
Adding cell -- xilinx.com:ip:axi_bram_ctrl:4.0 - axi_bram_ctrl_0
Adding cell -- xilinx.com:ip:blk_mem_gen:8.3 - blk_mem_gen_0
Adding cell -- xilinx.com:ip:proc_sys_reset:5.0 - rst_ps7_0_100M
Adding cell -- xilinx.com:ip:xlconcat:2.1 - xlconcat_1
Adding cell -- xilinx.com:ip:xlconstant:1.1 - xlconstant_0
Adding cell -- xilinx.com:ip:xlconstant:1.1 - xlconstant_1
Adding cell -- xilinx.com:ip:xlconstant:1.1 - xlconstant_2
Adding cell -- xilinx.com:ip:ila:6.2 - ila_0
INFO: [xilinx.com:ip:ila:6.2-6] /ila_0: Xilinx recommends using the System ILA IP in IP Integrator. The System ILA IP is functionally equivalent to an ILA and offers additional benefits in debugging interfaces both within IP Integrator and the Hardware Manager. Consult the Programming and Debug User Guide UG908 for further details.
Adding cell -- xilinx.com:user:TLC1543:1.0 - TLC1543_0
Adding cell -- xilinx.com:ip:axi_crossbar:2.1 - xbar
Adding cell -- xilinx.com:ip:axi_protocol_converter:2.1 - auto_pc
Adding cell -- xilinx.com:ip:axi_protocol_converter:2.1 - auto_pc
Successfully read diagram <design_1> from BD file <C:/Users/dell/Desktop/mys-xc7z020-trd.xpr/mys-xc7z020-trd/mys-xc7z020-trd.srcs/sources_1/bd/design_1/design_1.bd>
open_bd_design: Time (s): cpu = 00:00:06 ; elapsed = 00:00:06 . Memory (MB): peak = 928.199 ; gain = 25.426
ipx::edit_ip_in_project -upgrade true -name TLC1543_v1_0_project -directory C:/Users/dell/Desktop/mys-xc7z020-trd.xpr/mys-xc7z020-trd/mys-xc7z020-trd.tmp/TLC1543_v1_0_project c:/Users/dell/Desktop/mys-xc7z020-trd.xpr/mys-xc7z020-trd/mys-xc7z020-trd.ipdefs/ip_repo_0/TLC1543_1.0/component.xml
INFO: [ProjectBase 1-489] The host OS only allows 260 characters in a normal path. The project is stored in a path with more than 80 characters. If you experience issues with IP, Block Designs, or files not being found, please consider moving the project to a location with a shorter path. Alternately consider using the OS subst command to map part of the path to a drive letter.
Current project path is 'c:/users/dell/desktop/mys-xc7z020-trd.xpr/mys-xc7z020-trd/mys-xc7z020-trd.tmp/tlc1543_v1_0_project'
INFO: [IP_Flow 19-234] Refreshing IP repositories
INFO: [IP_Flow 19-1704] No user IP repositories specified
INFO: [IP_Flow 19-2313] Loaded Vivado IP repository 'D:/Program/Xilinx/Vivado/2016.4/data/ip'.
INFO: [IP_Flow 19-234] Refreshing IP repositories
INFO: [IP_Flow 19-1700] Loaded user IP repository 'c:/Users/dell/Desktop/mys-xc7z020-trd.xpr/mys-xc7z020-trd/mys-xc7z020-trd.ipdefs/ip_repo_0'.
INFO: [IP_Flow 19-795] Syncing license key meta-data
INFO: [IP_Flow 19-793] Syncing display name meta-data
INFO: [IP_Flow 19-798] Syncing taxonomy meta-data
ipgui::add_param -name {SYS_CLOCK_FREQ} -component [ipx::current_core] -display_name {Sys Clock Freq} -show_label {true} -show_range {true} -widget {}
WARNING: [IP_Flow 19-4067] Ignoring invalid widget type specified .Providing a default widget
ipgui::add_param -name {SPI_CLOCK_FREQ} -component [ipx::current_core] -display_name {Spi Clock Freq} -show_label {true} -show_range {true} -widget {}
WARNING: [IP_Flow 19-4067] Ignoring invalid widget type specified .Providing a default widget
ipx::merge_project_changes files [ipx::current_core]
set_property core_revision 7 [ipx::current_core]
ipx::create_xgui_files [ipx::current_core]
ipx::update_checksums [ipx::current_core]
ipx::save_core [ipx::current_core]
close_project -delete
update_ip_catalog -rebuild -repo_path c:/Users/dell/Desktop/mys-xc7z020-trd.xpr/mys-xc7z020-trd/mys-xc7z020-trd.ipdefs/ip_repo_0
INFO: [IP_Flow 19-725] Reloaded user IP repository 'c:/Users/dell/Desktop/mys-xc7z020-trd.xpr/mys-xc7z020-trd/mys-xc7z020-trd.ipdefs/ip_repo_0'
report_ip_status -name ip_status 
upgrade_ip -vlnv xilinx.com:user:TLC1543:1.0 [get_ips  design_1_TLC1543_0_0] -log ip_upgrade.log
Upgrading 'C:/Users/dell/Desktop/mys-xc7z020-trd.xpr/mys-xc7z020-trd/mys-xc7z020-trd.srcs/sources_1/bd/design_1/design_1.bd'
INFO: [IP_Flow 19-3422] Upgraded design_1_TLC1543_0_0 (TLC1543_v1.0 1.0) from revision 6 to revision 7
Wrote  : <C:/Users/dell/Desktop/mys-xc7z020-trd.xpr/mys-xc7z020-trd/mys-xc7z020-trd.srcs/sources_1/bd/design_1/design_1.bd> 
INFO: [Coretcl 2-1525] Wrote upgrade log to 'C:/Users/dell/Desktop/mys-xc7z020-trd.xpr/mys-xc7z020-trd/ip_upgrade.log'.
export_ip_user_files -of_objects [get_ips design_1_TLC1543_0_0] -no_script -sync -force -quiet
generate_target all [get_files  C:/Users/dell/Desktop/mys-xc7z020-trd.xpr/mys-xc7z020-trd/mys-xc7z020-trd.srcs/sources_1/bd/design_1/design_1.bd]
INFO: [Device 21-403] Loading part xc7z020clg400-1
WARNING: [BD 41-702] Propagation TCL tries to overwrite USER strength parameter In0_width(30) on '/xlconcat_1' with propagated value(10). Command ignored
WARNING: [BD 41-702] Propagation TCL tries to overwrite USER strength parameter C_PROBE0_WIDTH(32) on '/ila_0' with propagated value(11). Command ignored
WARNING: [BD 41-702] Propagation TCL tries to overwrite USER strength parameter C_PROBE0_WIDTH(32) on '/ila_0' with propagated value(11). Command ignored
WARNING: [BD 41-702] Propagation TCL tries to overwrite USER strength parameter In0_width(30) on '/xlconcat_1' with propagated value(10). Command ignored
WARNING: [BD 41-702] Propagation TCL tries to overwrite USER strength parameter C_PROBE0_WIDTH(32) on '/ila_0' with propagated value(11). Command ignored
CRITICAL WARNING: [BD 41-759] The input pins (listed below) are either not connected or do not have a source port, and they don't have a tie-off specified. These pins are tied-off to all 0's to avoid error in Implementation flow.
Please check your design and connect them as needed: 
/xlconcat_0/In1
/xlconcat_0/In3

WARNING: [BD 41-235] Width mismatch when connecting pin: '/blk_mem_gen_0/addra'(32) to net 'axi_bram_ctrl_0_BRAM_PORTA_ADDR'(13) - Only lower order bits will be connected.
CRITICAL WARNING: [BD 41-1228] Width mismatch when connecting input pin '/blk_mem_gen_0/addrb'(32) to net 'TLC1543_0_RAM_ADDR'(11) - Only lower order bits will be connected, and other input bits of this pin will be left unconnected.
CRITICAL WARNING: [BD 41-1228] Width mismatch when connecting input pin '/ila_0/probe0'(32) to net 'TLC1543_0_RAM_ADDR'(11) - Only lower order bits will be connected, and other input bits of this pin will be left unconnected.
CRITICAL WARNING: [BD 41-1228] Width mismatch when connecting input pin '/xlconcat_1/In0'(30) to net 'TLC1543_0_data'(10) - Only lower order bits will be connected, and other input bits of this pin will be left unconnected.
Verilog Output written to : C:/Users/dell/Desktop/mys-xc7z020-trd.xpr/mys-xc7z020-trd/mys-xc7z020-trd.srcs/sources_1/bd/design_1/hdl/design_1.v
Verilog Output written to : C:/Users/dell/Desktop/mys-xc7z020-trd.xpr/mys-xc7z020-trd/mys-xc7z020-trd.srcs/sources_1/bd/design_1/hdl/design_1_wrapper.v
Wrote  : <C:/Users/dell/Desktop/mys-xc7z020-trd.xpr/mys-xc7z020-trd/mys-xc7z020-trd.srcs/sources_1/bd/design_1/design_1.bd> 
INFO: [BD 41-1029] Generation completed for the IP Integrator block processing_system7_0 .
INFO: [BD 41-1029] Generation completed for the IP Integrator block xlconcat_0 .
INFO: [BD 41-1029] Generation completed for the IP Integrator block util_vector_logic_0 .
INFO: [BD 41-1029] Generation completed for the IP Integrator block util_vector_logic_1 .
INFO: [BD 41-1029] Generation completed for the IP Integrator block TLC1543_0 .
INFO: [BD 41-1029] Generation completed for the IP Integrator block axi_bram_ctrl_0 .
INFO: [BD 41-1029] Generation completed for the IP Integrator block blk_mem_gen_0 .
INFO: [BD 41-1029] Generation completed for the IP Integrator block rst_ps7_0_100M .
INFO: [BD 41-1029] Generation completed for the IP Integrator block ps7_0_axi_periph/xbar .
INFO: [BD 41-1029] Generation completed for the IP Integrator block xlconcat_1 .
INFO: [BD 41-1029] Generation completed for the IP Integrator block xlconstant_0 .
INFO: [BD 41-1029] Generation completed for the IP Integrator block xlconstant_1 .
INFO: [BD 41-1029] Generation completed for the IP Integrator block xlconstant_2 .
INFO: [BD 41-1029] Generation completed for the IP Integrator block ila_0 .
INFO: [BD 41-1029] Generation completed for the IP Integrator block ps7_0_axi_periph/m00_couplers/auto_pc .
INFO: [BD 41-1029] Generation completed for the IP Integrator block ps7_0_axi_periph/s00_couplers/auto_pc .
Exporting to file C:/Users/dell/Desktop/mys-xc7z020-trd.xpr/mys-xc7z020-trd/mys-xc7z020-trd.srcs/sources_1/bd/design_1/hw_handoff/design_1.hwh
INFO: [xilinx.com:ip:axi_bram_ctrl:4.0-2] test_ip: In IP Integrator, please note that memory depth value gets calculated based on the Data Width of the IP and Address range selected in the Address Editor.Incase a validation error occured on the range of this parameter, please check if the selected Data width and the Address Range are valid. For valid Data width and memory depth values, please refer to the AXI BRAM Controller Product Guide.
INFO: [xilinx.com:ip:axi_bram_ctrl:4.0-1] test_ip: In IP Integrator, The Maximum address range supported is 2G. Selecting the address range more than 2G in the address editor may resets the value of Memory depth to default value (1024). please refer to the AXI BRAM Controller Product Guide.
Generated Block Design Tcl file C:/Users/dell/Desktop/mys-xc7z020-trd.xpr/mys-xc7z020-trd/mys-xc7z020-trd.srcs/sources_1/bd/design_1/hw_handoff/design_1_bd.tcl
Generated Hardware Definition File C:/Users/dell/Desktop/mys-xc7z020-trd.xpr/mys-xc7z020-trd/mys-xc7z020-trd.srcs/sources_1/bd/design_1/hdl/design_1.hwdef
generate_target: Time (s): cpu = 00:00:20 ; elapsed = 00:00:19 . Memory (MB): peak = 1337.109 ; gain = 308.668
export_ip_user_files -of_objects [get_files C:/Users/dell/Desktop/mys-xc7z020-trd.xpr/mys-xc7z020-trd/mys-xc7z020-trd.srcs/sources_1/bd/design_1/design_1.bd] -no_script -sync -force -quiet
export_simulation -of_objects [get_files C:/Users/dell/Desktop/mys-xc7z020-trd.xpr/mys-xc7z020-trd/mys-xc7z020-trd.srcs/sources_1/bd/design_1/design_1.bd] -directory C:/Users/dell/Desktop/mys-xc7z020-trd.xpr/mys-xc7z020-trd/mys-xc7z020-trd.ip_user_files/sim_scripts -ip_user_files_dir C:/Users/dell/Desktop/mys-xc7z020-trd.xpr/mys-xc7z020-trd/mys-xc7z020-trd.ip_user_files -ipstatic_source_dir C:/Users/dell/Desktop/mys-xc7z020-trd.xpr/mys-xc7z020-trd/mys-xc7z020-trd.ip_user_files/ipstatic -lib_map_path [list {modelsim=C:/Users/dell/Desktop/mys-xc7z020-trd.xpr/mys-xc7z020-trd/mys-xc7z020-trd.cache/compile_simlib/modelsim} {questa=C:/Users/dell/Desktop/mys-xc7z020-trd.xpr/mys-xc7z020-trd/mys-xc7z020-trd.cache/compile_simlib/questa} {riviera=C:/Users/dell/Desktop/mys-xc7z020-trd.xpr/mys-xc7z020-trd/mys-xc7z020-trd.cache/compile_simlib/riviera} {activehdl=C:/Users/dell/Desktop/mys-xc7z020-trd.xpr/mys-xc7z020-trd/mys-xc7z020-trd.cache/compile_simlib/activehdl}] -use_ip_compiled_libs -force -quiet
report_ip_status -name ip_status 
regenerate_bd_layout
ipx::edit_ip_in_project -upgrade true -name TLC1543_v1_0_v1_0_project -directory C:/Users/dell/Desktop/mys-xc7z020-trd.xpr/mys-xc7z020-trd/mys-xc7z020-trd.tmp/TLC1543_v1_0_v1_0_project c:/Users/dell/Desktop/mys-xc7z020-trd.xpr/mys-xc7z020-trd/mys-xc7z020-trd.ipdefs/ip_repo_0/TLC1543_1.0/component.xml
INFO: [ProjectBase 1-489] The host OS only allows 260 characters in a normal path. The project is stored in a path with more than 80 characters. If you experience issues with IP, Block Designs, or files not being found, please consider moving the project to a location with a shorter path. Alternately consider using the OS subst command to map part of the path to a drive letter.
Current project path is 'c:/users/dell/desktop/mys-xc7z020-trd.xpr/mys-xc7z020-trd/mys-xc7z020-trd.tmp/tlc1543_v1_0_v1_0_project'
INFO: [IP_Flow 19-234] Refreshing IP repositories
INFO: [IP_Flow 19-1704] No user IP repositories specified
INFO: [IP_Flow 19-2313] Loaded Vivado IP repository 'D:/Program/Xilinx/Vivado/2016.4/data/ip'.
INFO: [IP_Flow 19-234] Refreshing IP repositories
INFO: [IP_Flow 19-1700] Loaded user IP repository 'c:/Users/dell/Desktop/mys-xc7z020-trd.xpr/mys-xc7z020-trd/mys-xc7z020-trd.ipdefs/ip_repo_0'.
INFO: [IP_Flow 19-795] Syncing license key meta-data
INFO: [IP_Flow 19-793] Syncing display name meta-data
INFO: [IP_Flow 19-798] Syncing taxonomy meta-data
set_property widget {textEdit} [ipgui::get_guiparamspec -name "SYS_CLOCK_FREQ" -component [ipx::current_core] ]
set_property value_validation_type range_long [ipx::get_user_parameters SYS_CLOCK_FREQ -of_objects [ipx::current_core]]
set_property value_validation_range_minimum 0 [ipx::get_user_parameters SYS_CLOCK_FREQ -of_objects [ipx::current_core]]
set_property value_validation_range_maximum 100000000 [ipx::get_user_parameters SYS_CLOCK_FREQ -of_objects [ipx::current_core]]
ipx::merge_project_changes files [ipx::current_core]
set_property core_revision 8 [ipx::current_core]
ipx::create_xgui_files [ipx::current_core]
ipx::update_checksums [ipx::current_core]
ipx::save_core [ipx::current_core]
close_project -delete
update_ip_catalog -rebuild -repo_path c:/Users/dell/Desktop/mys-xc7z020-trd.xpr/mys-xc7z020-trd/mys-xc7z020-trd.ipdefs/ip_repo_0
INFO: [IP_Flow 19-725] Reloaded user IP repository 'c:/Users/dell/Desktop/mys-xc7z020-trd.xpr/mys-xc7z020-trd/mys-xc7z020-trd.ipdefs/ip_repo_0'
report_ip_status -name ip_status 
upgrade_ip -vlnv xilinx.com:user:TLC1543:1.0 [get_ips  design_1_TLC1543_0_0] -log ip_upgrade.log
Upgrading 'C:/Users/dell/Desktop/mys-xc7z020-trd.xpr/mys-xc7z020-trd/mys-xc7z020-trd.srcs/sources_1/bd/design_1/design_1.bd'
INFO: [IP_Flow 19-3422] Upgraded design_1_TLC1543_0_0 (TLC1543_v1.0 1.0) from revision 7 to revision 8
Wrote  : <C:/Users/dell/Desktop/mys-xc7z020-trd.xpr/mys-xc7z020-trd/mys-xc7z020-trd.srcs/sources_1/bd/design_1/design_1.bd> 
Wrote  : <C:/Users/dell/Desktop/mys-xc7z020-trd.xpr/mys-xc7z020-trd/mys-xc7z020-trd.srcs/sources_1/bd/design_1/ui/bd_1f5defd0.ui> 
INFO: [Coretcl 2-1525] Wrote upgrade log to 'C:/Users/dell/Desktop/mys-xc7z020-trd.xpr/mys-xc7z020-trd/ip_upgrade.log'.
export_ip_user_files -of_objects [get_ips design_1_TLC1543_0_0] -no_script -sync -force -quiet
generate_target all [get_files  C:/Users/dell/Desktop/mys-xc7z020-trd.xpr/mys-xc7z020-trd/mys-xc7z020-trd.srcs/sources_1/bd/design_1/design_1.bd]
WARNING: [BD 41-702] Propagation TCL tries to overwrite USER strength parameter In0_width(30) on '/xlconcat_1' with propagated value(10). Command ignored
WARNING: [BD 41-702] Propagation TCL tries to overwrite USER strength parameter C_PROBE0_WIDTH(32) on '/ila_0' with propagated value(11). Command ignored
WARNING: [BD 41-702] Propagation TCL tries to overwrite USER strength parameter In0_width(30) on '/xlconcat_1' with propagated value(10). Command ignored
WARNING: [BD 41-702] Propagation TCL tries to overwrite USER strength parameter C_PROBE0_WIDTH(32) on '/ila_0' with propagated value(11). Command ignored
CRITICAL WARNING: [BD 41-759] The input pins (listed below) are either not connected or do not have a source port, and they don't have a tie-off specified. These pins are tied-off to all 0's to avoid error in Implementation flow.
Please check your design and connect them as needed: 
/xlconcat_0/In1
/xlconcat_0/In3

WARNING: [BD 41-235] Width mismatch when connecting pin: '/blk_mem_gen_0/addra'(32) to net 'axi_bram_ctrl_0_BRAM_PORTA_ADDR'(13) - Only lower order bits will be connected.
CRITICAL WARNING: [BD 41-1228] Width mismatch when connecting input pin '/blk_mem_gen_0/addrb'(32) to net 'TLC1543_0_RAM_ADDR'(11) - Only lower order bits will be connected, and other input bits of this pin will be left unconnected.
CRITICAL WARNING: [BD 41-1228] Width mismatch when connecting input pin '/ila_0/probe0'(32) to net 'TLC1543_0_RAM_ADDR'(11) - Only lower order bits will be connected, and other input bits of this pin will be left unconnected.
CRITICAL WARNING: [BD 41-1228] Width mismatch when connecting input pin '/xlconcat_1/In0'(30) to net 'TLC1543_0_data'(10) - Only lower order bits will be connected, and other input bits of this pin will be left unconnected.
Verilog Output written to : C:/Users/dell/Desktop/mys-xc7z020-trd.xpr/mys-xc7z020-trd/mys-xc7z020-trd.srcs/sources_1/bd/design_1/hdl/design_1.v
Verilog Output written to : C:/Users/dell/Desktop/mys-xc7z020-trd.xpr/mys-xc7z020-trd/mys-xc7z020-trd.srcs/sources_1/bd/design_1/hdl/design_1_wrapper.v
Wrote  : <C:/Users/dell/Desktop/mys-xc7z020-trd.xpr/mys-xc7z020-trd/mys-xc7z020-trd.srcs/sources_1/bd/design_1/design_1.bd> 
INFO: [BD 41-1029] Generation completed for the IP Integrator block processing_system7_0 .
INFO: [BD 41-1029] Generation completed for the IP Integrator block xlconcat_0 .
INFO: [BD 41-1029] Generation completed for the IP Integrator block util_vector_logic_0 .
INFO: [BD 41-1029] Generation completed for the IP Integrator block util_vector_logic_1 .
INFO: [BD 41-1029] Generation completed for the IP Integrator block TLC1543_0 .
INFO: [BD 41-1029] Generation completed for the IP Integrator block axi_bram_ctrl_0 .
INFO: [BD 41-1029] Generation completed for the IP Integrator block blk_mem_gen_0 .
INFO: [BD 41-1029] Generation completed for the IP Integrator block rst_ps7_0_100M .
INFO: [BD 41-1029] Generation completed for the IP Integrator block ps7_0_axi_periph/xbar .
INFO: [BD 41-1029] Generation completed for the IP Integrator block xlconcat_1 .
INFO: [BD 41-1029] Generation completed for the IP Integrator block xlconstant_0 .
INFO: [BD 41-1029] Generation completed for the IP Integrator block xlconstant_1 .
INFO: [BD 41-1029] Generation completed for the IP Integrator block xlconstant_2 .
INFO: [BD 41-1029] Generation completed for the IP Integrator block ila_0 .
INFO: [BD 41-1029] Generation completed for the IP Integrator block ps7_0_axi_periph/m00_couplers/auto_pc .
INFO: [BD 41-1029] Generation completed for the IP Integrator block ps7_0_axi_periph/s00_couplers/auto_pc .
Exporting to file C:/Users/dell/Desktop/mys-xc7z020-trd.xpr/mys-xc7z020-trd/mys-xc7z020-trd.srcs/sources_1/bd/design_1/hw_handoff/design_1.hwh
INFO: [xilinx.com:ip:axi_bram_ctrl:4.0-2] test_ip: In IP Integrator, please note that memory depth value gets calculated based on the Data Width of the IP and Address range selected in the Address Editor.Incase a validation error occured on the range of this parameter, please check if the selected Data width and the Address Range are valid. For valid Data width and memory depth values, please refer to the AXI BRAM Controller Product Guide.
INFO: [xilinx.com:ip:axi_bram_ctrl:4.0-1] test_ip: In IP Integrator, The Maximum address range supported is 2G. Selecting the address range more than 2G in the address editor may resets the value of Memory depth to default value (1024). please refer to the AXI BRAM Controller Product Guide.
Generated Block Design Tcl file C:/Users/dell/Desktop/mys-xc7z020-trd.xpr/mys-xc7z020-trd/mys-xc7z020-trd.srcs/sources_1/bd/design_1/hw_handoff/design_1_bd.tcl
Generated Hardware Definition File C:/Users/dell/Desktop/mys-xc7z020-trd.xpr/mys-xc7z020-trd/mys-xc7z020-trd.srcs/sources_1/bd/design_1/hdl/design_1.hwdef
generate_target: Time (s): cpu = 00:00:09 ; elapsed = 00:00:09 . Memory (MB): peak = 1417.504 ; gain = 0.000
export_ip_user_files -of_objects [get_files C:/Users/dell/Desktop/mys-xc7z020-trd.xpr/mys-xc7z020-trd/mys-xc7z020-trd.srcs/sources_1/bd/design_1/design_1.bd] -no_script -sync -force -quiet
export_simulation -of_objects [get_files C:/Users/dell/Desktop/mys-xc7z020-trd.xpr/mys-xc7z020-trd/mys-xc7z020-trd.srcs/sources_1/bd/design_1/design_1.bd] -directory C:/Users/dell/Desktop/mys-xc7z020-trd.xpr/mys-xc7z020-trd/mys-xc7z020-trd.ip_user_files/sim_scripts -ip_user_files_dir C:/Users/dell/Desktop/mys-xc7z020-trd.xpr/mys-xc7z020-trd/mys-xc7z020-trd.ip_user_files -ipstatic_source_dir C:/Users/dell/Desktop/mys-xc7z020-trd.xpr/mys-xc7z020-trd/mys-xc7z020-trd.ip_user_files/ipstatic -lib_map_path [list {modelsim=C:/Users/dell/Desktop/mys-xc7z020-trd.xpr/mys-xc7z020-trd/mys-xc7z020-trd.cache/compile_simlib/modelsim} {questa=C:/Users/dell/Desktop/mys-xc7z020-trd.xpr/mys-xc7z020-trd/mys-xc7z020-trd.cache/compile_simlib/questa} {riviera=C:/Users/dell/Desktop/mys-xc7z020-trd.xpr/mys-xc7z020-trd/mys-xc7z020-trd.cache/compile_simlib/riviera} {activehdl=C:/Users/dell/Desktop/mys-xc7z020-trd.xpr/mys-xc7z020-trd/mys-xc7z020-trd.cache/compile_simlib/activehdl}] -use_ip_compiled_libs -force -quiet
report_ip_status -name ip_status 
make_wrapper -files [get_files C:/Users/dell/Desktop/mys-xc7z020-trd.xpr/mys-xc7z020-trd/mys-xc7z020-trd.srcs/sources_1/bd/design_1/design_1.bd] -top
reset_run synth_1
launch_runs impl_1 -to_step write_bitstream -jobs 4
[Tue Jul 11 09:02:31 2017] Launched synth_1...
Run output will be captured here: C:/Users/dell/Desktop/mys-xc7z020-trd.xpr/mys-xc7z020-trd/mys-xc7z020-trd.runs/synth_1/runme.log
[Tue Jul 11 09:02:31 2017] Launched impl_1...
Run output will be captured here: C:/Users/dell/Desktop/mys-xc7z020-trd.xpr/mys-xc7z020-trd/mys-xc7z020-trd.runs/impl_1/runme.log
reset_run impl_1
ipx::edit_ip_in_project -upgrade true -name TLC1543_v1_0_v1_0_project -directory C:/Users/dell/Desktop/mys-xc7z020-trd.xpr/mys-xc7z020-trd/mys-xc7z020-trd.tmp/TLC1543_v1_0_v1_0_project c:/Users/dell/Desktop/mys-xc7z020-trd.xpr/mys-xc7z020-trd/mys-xc7z020-trd.ipdefs/ip_repo_0/TLC1543_1.0/component.xml
INFO: [ProjectBase 1-489] The host OS only allows 260 characters in a normal path. The project is stored in a path with more than 80 characters. If you experience issues with IP, Block Designs, or files not being found, please consider moving the project to a location with a shorter path. Alternately consider using the OS subst command to map part of the path to a drive letter.
Current project path is 'c:/users/dell/desktop/mys-xc7z020-trd.xpr/mys-xc7z020-trd/mys-xc7z020-trd.tmp/tlc1543_v1_0_v1_0_project'
INFO: [IP_Flow 19-234] Refreshing IP repositories
INFO: [IP_Flow 19-1704] No user IP repositories specified
INFO: [IP_Flow 19-2313] Loaded Vivado IP repository 'D:/Program/Xilinx/Vivado/2016.4/data/ip'.
INFO: [IP_Flow 19-234] Refreshing IP repositories
INFO: [IP_Flow 19-1700] Loaded user IP repository 'c:/Users/dell/Desktop/mys-xc7z020-trd.xpr/mys-xc7z020-trd/mys-xc7z020-trd.ipdefs/ip_repo_0'.
INFO: [IP_Flow 19-795] Syncing license key meta-data
INFO: [IP_Flow 19-793] Syncing display name meta-data
INFO: [IP_Flow 19-798] Syncing taxonomy meta-data
ipgui::add_page -name {CLock Freq Settings} -component [ipx::current_core] -display_name {CLock Freq Settings}
ipgui::move_param -component [ipx::current_core] -order 0 [ipgui::get_guiparamspec -name "SYS_CLOCK_FREQ" -component [ipx::current_core]] -parent [ipgui::get_pagespec -name "CLock Freq Settings" -component [ipx::current_core]]
ipgui::move_param -component [ipx::current_core] -order 0 [ipgui::get_guiparamspec -name "SPI_CLOCK_FREQ" -component [ipx::current_core]] -parent [ipgui::get_pagespec -name "CLock Freq Settings" -component [ipx::current_core]]
ipgui::move_param -component [ipx::current_core] -order 1 [ipgui::get_guiparamspec -name "SPI_CLOCK_FREQ" -component [ipx::current_core]] -parent [ipgui::get_pagespec -name "CLock Freq Settings" -component [ipx::current_core]]
set_property display_name {AXI Lite Settings} [ipgui::get_pagespec -name "Page 0" -component [ipx::current_core] ]
ipx::merge_project_changes files [ipx::current_core]
set_property core_revision 9 [ipx::current_core]
ipx::create_xgui_files [ipx::current_core]
ipx::update_checksums [ipx::current_core]
ipx::save_core [ipx::current_core]
close_project -delete
update_ip_catalog -rebuild -repo_path c:/Users/dell/Desktop/mys-xc7z020-trd.xpr/mys-xc7z020-trd/mys-xc7z020-trd.ipdefs/ip_repo_0
INFO: [IP_Flow 19-725] Reloaded user IP repository 'c:/Users/dell/Desktop/mys-xc7z020-trd.xpr/mys-xc7z020-trd/mys-xc7z020-trd.ipdefs/ip_repo_0'
report_ip_status -name ip_status 
upgrade_ip -vlnv xilinx.com:user:TLC1543:1.0 [get_ips  design_1_TLC1543_0_0] -log ip_upgrade.log
Upgrading 'C:/Users/dell/Desktop/mys-xc7z020-trd.xpr/mys-xc7z020-trd/mys-xc7z020-trd.srcs/sources_1/bd/design_1/design_1.bd'
INFO: [IP_Flow 19-3422] Upgraded design_1_TLC1543_0_0 (TLC1543_v1.0 1.0) from revision 8 to revision 9
Wrote  : <C:/Users/dell/Desktop/mys-xc7z020-trd.xpr/mys-xc7z020-trd/mys-xc7z020-trd.srcs/sources_1/bd/design_1/design_1.bd> 
INFO: [Coretcl 2-1525] Wrote upgrade log to 'C:/Users/dell/Desktop/mys-xc7z020-trd.xpr/mys-xc7z020-trd/ip_upgrade.log'.
export_ip_user_files -of_objects [get_ips design_1_TLC1543_0_0] -no_script -sync -force -quiet
generate_target all [get_files  C:/Users/dell/Desktop/mys-xc7z020-trd.xpr/mys-xc7z020-trd/mys-xc7z020-trd.srcs/sources_1/bd/design_1/design_1.bd]
WARNING: [BD 41-702] Propagation TCL tries to overwrite USER strength parameter In0_width(30) on '/xlconcat_1' with propagated value(10). Command ignored
WARNING: [BD 41-702] Propagation TCL tries to overwrite USER strength parameter C_PROBE0_WIDTH(32) on '/ila_0' with propagated value(11). Command ignored
WARNING: [BD 41-702] Propagation TCL tries to overwrite USER strength parameter In0_width(30) on '/xlconcat_1' with propagated value(10). Command ignored
WARNING: [BD 41-702] Propagation TCL tries to overwrite USER strength parameter C_PROBE0_WIDTH(32) on '/ila_0' with propagated value(11). Command ignored
CRITICAL WARNING: [BD 41-759] The input pins (listed below) are either not connected or do not have a source port, and they don't have a tie-off specified. These pins are tied-off to all 0's to avoid error in Implementation flow.
Please check your design and connect them as needed: 
/xlconcat_0/In1
/xlconcat_0/In3

WARNING: [BD 41-235] Width mismatch when connecting pin: '/blk_mem_gen_0/addra'(32) to net 'axi_bram_ctrl_0_BRAM_PORTA_ADDR'(13) - Only lower order bits will be connected.
CRITICAL WARNING: [BD 41-1228] Width mismatch when connecting input pin '/blk_mem_gen_0/addrb'(32) to net 'TLC1543_0_RAM_ADDR'(11) - Only lower order bits will be connected, and other input bits of this pin will be left unconnected.
CRITICAL WARNING: [BD 41-1228] Width mismatch when connecting input pin '/ila_0/probe0'(32) to net 'TLC1543_0_RAM_ADDR'(11) - Only lower order bits will be connected, and other input bits of this pin will be left unconnected.
CRITICAL WARNING: [BD 41-1228] Width mismatch when connecting input pin '/xlconcat_1/In0'(30) to net 'TLC1543_0_data'(10) - Only lower order bits will be connected, and other input bits of this pin will be left unconnected.
Verilog Output written to : C:/Users/dell/Desktop/mys-xc7z020-trd.xpr/mys-xc7z020-trd/mys-xc7z020-trd.srcs/sources_1/bd/design_1/hdl/design_1.v
Verilog Output written to : C:/Users/dell/Desktop/mys-xc7z020-trd.xpr/mys-xc7z020-trd/mys-xc7z020-trd.srcs/sources_1/bd/design_1/hdl/design_1_wrapper.v
Wrote  : <C:/Users/dell/Desktop/mys-xc7z020-trd.xpr/mys-xc7z020-trd/mys-xc7z020-trd.srcs/sources_1/bd/design_1/design_1.bd> 
INFO: [BD 41-1029] Generation completed for the IP Integrator block processing_system7_0 .
INFO: [BD 41-1029] Generation completed for the IP Integrator block xlconcat_0 .
INFO: [BD 41-1029] Generation completed for the IP Integrator block util_vector_logic_0 .
INFO: [BD 41-1029] Generation completed for the IP Integrator block util_vector_logic_1 .
INFO: [BD 41-1029] Generation completed for the IP Integrator block TLC1543_0 .
INFO: [BD 41-1029] Generation completed for the IP Integrator block axi_bram_ctrl_0 .
INFO: [BD 41-1029] Generation completed for the IP Integrator block blk_mem_gen_0 .
INFO: [BD 41-1029] Generation completed for the IP Integrator block rst_ps7_0_100M .
INFO: [BD 41-1029] Generation completed for the IP Integrator block ps7_0_axi_periph/xbar .
INFO: [BD 41-1029] Generation completed for the IP Integrator block xlconcat_1 .
INFO: [BD 41-1029] Generation completed for the IP Integrator block xlconstant_0 .
INFO: [BD 41-1029] Generation completed for the IP Integrator block xlconstant_1 .
INFO: [BD 41-1029] Generation completed for the IP Integrator block xlconstant_2 .
INFO: [BD 41-1029] Generation completed for the IP Integrator block ila_0 .
INFO: [BD 41-1029] Generation completed for the IP Integrator block ps7_0_axi_periph/m00_couplers/auto_pc .
INFO: [BD 41-1029] Generation completed for the IP Integrator block ps7_0_axi_periph/s00_couplers/auto_pc .
Exporting to file C:/Users/dell/Desktop/mys-xc7z020-trd.xpr/mys-xc7z020-trd/mys-xc7z020-trd.srcs/sources_1/bd/design_1/hw_handoff/design_1.hwh
INFO: [xilinx.com:ip:axi_bram_ctrl:4.0-2] test_ip: In IP Integrator, please note that memory depth value gets calculated based on the Data Width of the IP and Address range selected in the Address Editor.Incase a validation error occured on the range of this parameter, please check if the selected Data width and the Address Range are valid. For valid Data width and memory depth values, please refer to the AXI BRAM Controller Product Guide.
INFO: [xilinx.com:ip:axi_bram_ctrl:4.0-1] test_ip: In IP Integrator, The Maximum address range supported is 2G. Selecting the address range more than 2G in the address editor may resets the value of Memory depth to default value (1024). please refer to the AXI BRAM Controller Product Guide.
Generated Block Design Tcl file C:/Users/dell/Desktop/mys-xc7z020-trd.xpr/mys-xc7z020-trd/mys-xc7z020-trd.srcs/sources_1/bd/design_1/hw_handoff/design_1_bd.tcl
Generated Hardware Definition File C:/Users/dell/Desktop/mys-xc7z020-trd.xpr/mys-xc7z020-trd/mys-xc7z020-trd.srcs/sources_1/bd/design_1/hdl/design_1.hwdef
generate_target: Time (s): cpu = 00:00:09 ; elapsed = 00:00:09 . Memory (MB): peak = 1506.668 ; gain = 43.820
export_ip_user_files -of_objects [get_files C:/Users/dell/Desktop/mys-xc7z020-trd.xpr/mys-xc7z020-trd/mys-xc7z020-trd.srcs/sources_1/bd/design_1/design_1.bd] -no_script -sync -force -quiet
export_simulation -of_objects [get_files C:/Users/dell/Desktop/mys-xc7z020-trd.xpr/mys-xc7z020-trd/mys-xc7z020-trd.srcs/sources_1/bd/design_1/design_1.bd] -directory C:/Users/dell/Desktop/mys-xc7z020-trd.xpr/mys-xc7z020-trd/mys-xc7z020-trd.ip_user_files/sim_scripts -ip_user_files_dir C:/Users/dell/Desktop/mys-xc7z020-trd.xpr/mys-xc7z020-trd/mys-xc7z020-trd.ip_user_files -ipstatic_source_dir C:/Users/dell/Desktop/mys-xc7z020-trd.xpr/mys-xc7z020-trd/mys-xc7z020-trd.ip_user_files/ipstatic -lib_map_path [list {modelsim=C:/Users/dell/Desktop/mys-xc7z020-trd.xpr/mys-xc7z020-trd/mys-xc7z020-trd.cache/compile_simlib/modelsim} {questa=C:/Users/dell/Desktop/mys-xc7z020-trd.xpr/mys-xc7z020-trd/mys-xc7z020-trd.cache/compile_simlib/questa} {riviera=C:/Users/dell/Desktop/mys-xc7z020-trd.xpr/mys-xc7z020-trd/mys-xc7z020-trd.cache/compile_simlib/riviera} {activehdl=C:/Users/dell/Desktop/mys-xc7z020-trd.xpr/mys-xc7z020-trd/mys-xc7z020-trd.cache/compile_simlib/activehdl}] -use_ip_compiled_libs -force -quiet
report_ip_status -name ip_status 
ipx::edit_ip_in_project -upgrade true -name TLC1543_v1_0_v1_0_project -directory C:/Users/dell/Desktop/mys-xc7z020-trd.xpr/mys-xc7z020-trd/mys-xc7z020-trd.tmp/TLC1543_v1_0_v1_0_project c:/Users/dell/Desktop/mys-xc7z020-trd.xpr/mys-xc7z020-trd/mys-xc7z020-trd.ipdefs/ip_repo_0/TLC1543_1.0/component.xml
INFO: [ProjectBase 1-489] The host OS only allows 260 characters in a normal path. The project is stored in a path with more than 80 characters. If you experience issues with IP, Block Designs, or files not being found, please consider moving the project to a location with a shorter path. Alternately consider using the OS subst command to map part of the path to a drive letter.
Current project path is 'c:/users/dell/desktop/mys-xc7z020-trd.xpr/mys-xc7z020-trd/mys-xc7z020-trd.tmp/tlc1543_v1_0_v1_0_project'
INFO: [IP_Flow 19-234] Refreshing IP repositories
INFO: [IP_Flow 19-1704] No user IP repositories specified
INFO: [IP_Flow 19-2313] Loaded Vivado IP repository 'D:/Program/Xilinx/Vivado/2016.4/data/ip'.
INFO: [IP_Flow 19-234] Refreshing IP repositories
INFO: [IP_Flow 19-1700] Loaded user IP repository 'c:/Users/dell/Desktop/mys-xc7z020-trd.xpr/mys-xc7z020-trd/mys-xc7z020-trd.ipdefs/ip_repo_0'.
INFO: [IP_Flow 19-795] Syncing license key meta-data
INFO: [IP_Flow 19-793] Syncing display name meta-data
INFO: [IP_Flow 19-798] Syncing taxonomy meta-data
ipx::merge_project_changes files [ipx::current_core]
set_property core_revision 10 [ipx::current_core]
ipx::create_xgui_files [ipx::current_core]
ipx::update_checksums [ipx::current_core]
ipx::save_core [ipx::current_core]
close_project -delete
update_ip_catalog -rebuild -repo_path c:/Users/dell/Desktop/mys-xc7z020-trd.xpr/mys-xc7z020-trd/mys-xc7z020-trd.ipdefs/ip_repo_0
INFO: [IP_Flow 19-725] Reloaded user IP repository 'c:/Users/dell/Desktop/mys-xc7z020-trd.xpr/mys-xc7z020-trd/mys-xc7z020-trd.ipdefs/ip_repo_0'
report_ip_status -name ip_status 
upgrade_ip -vlnv xilinx.com:user:TLC1543:1.0 [get_ips  design_1_TLC1543_0_0] -log ip_upgrade.log
Upgrading 'C:/Users/dell/Desktop/mys-xc7z020-trd.xpr/mys-xc7z020-trd/mys-xc7z020-trd.srcs/sources_1/bd/design_1/design_1.bd'
INFO: [IP_Flow 19-3422] Upgraded design_1_TLC1543_0_0 (TLC1543_v1.0 1.0) from revision 9 to revision 10
Wrote  : <C:/Users/dell/Desktop/mys-xc7z020-trd.xpr/mys-xc7z020-trd/mys-xc7z020-trd.srcs/sources_1/bd/design_1/design_1.bd> 
INFO: [Coretcl 2-1525] Wrote upgrade log to 'C:/Users/dell/Desktop/mys-xc7z020-trd.xpr/mys-xc7z020-trd/ip_upgrade.log'.
export_ip_user_files -of_objects [get_ips design_1_TLC1543_0_0] -no_script -sync -force -quiet
generate_target all [get_files  C:/Users/dell/Desktop/mys-xc7z020-trd.xpr/mys-xc7z020-trd/mys-xc7z020-trd.srcs/sources_1/bd/design_1/design_1.bd]
WARNING: [BD 41-702] Propagation TCL tries to overwrite USER strength parameter In0_width(30) on '/xlconcat_1' with propagated value(10). Command ignored
WARNING: [BD 41-702] Propagation TCL tries to overwrite USER strength parameter C_PROBE0_WIDTH(32) on '/ila_0' with propagated value(11). Command ignored
WARNING: [BD 41-702] Propagation TCL tries to overwrite USER strength parameter In0_width(30) on '/xlconcat_1' with propagated value(10). Command ignored
WARNING: [BD 41-702] Propagation TCL tries to overwrite USER strength parameter C_PROBE0_WIDTH(32) on '/ila_0' with propagated value(11). Command ignored
CRITICAL WARNING: [BD 41-759] The input pins (listed below) are either not connected or do not have a source port, and they don't have a tie-off specified. These pins are tied-off to all 0's to avoid error in Implementation flow.
Please check your design and connect them as needed: 
/xlconcat_0/In1
/xlconcat_0/In3

WARNING: [BD 41-235] Width mismatch when connecting pin: '/blk_mem_gen_0/addra'(32) to net 'axi_bram_ctrl_0_BRAM_PORTA_ADDR'(13) - Only lower order bits will be connected.
CRITICAL WARNING: [BD 41-1228] Width mismatch when connecting input pin '/blk_mem_gen_0/addrb'(32) to net 'TLC1543_0_RAM_ADDR'(11) - Only lower order bits will be connected, and other input bits of this pin will be left unconnected.
CRITICAL WARNING: [BD 41-1228] Width mismatch when connecting input pin '/ila_0/probe0'(32) to net 'TLC1543_0_RAM_ADDR'(11) - Only lower order bits will be connected, and other input bits of this pin will be left unconnected.
CRITICAL WARNING: [BD 41-1228] Width mismatch when connecting input pin '/xlconcat_1/In0'(30) to net 'TLC1543_0_data'(10) - Only lower order bits will be connected, and other input bits of this pin will be left unconnected.
Verilog Output written to : C:/Users/dell/Desktop/mys-xc7z020-trd.xpr/mys-xc7z020-trd/mys-xc7z020-trd.srcs/sources_1/bd/design_1/hdl/design_1.v
Verilog Output written to : C:/Users/dell/Desktop/mys-xc7z020-trd.xpr/mys-xc7z020-trd/mys-xc7z020-trd.srcs/sources_1/bd/design_1/hdl/design_1_wrapper.v
Wrote  : <C:/Users/dell/Desktop/mys-xc7z020-trd.xpr/mys-xc7z020-trd/mys-xc7z020-trd.srcs/sources_1/bd/design_1/design_1.bd> 
INFO: [BD 41-1029] Generation completed for the IP Integrator block processing_system7_0 .
INFO: [BD 41-1029] Generation completed for the IP Integrator block xlconcat_0 .
INFO: [BD 41-1029] Generation completed for the IP Integrator block util_vector_logic_0 .
INFO: [BD 41-1029] Generation completed for the IP Integrator block util_vector_logic_1 .
INFO: [BD 41-1029] Generation completed for the IP Integrator block TLC1543_0 .
INFO: [BD 41-1029] Generation completed for the IP Integrator block axi_bram_ctrl_0 .
INFO: [BD 41-1029] Generation completed for the IP Integrator block blk_mem_gen_0 .
INFO: [BD 41-1029] Generation completed for the IP Integrator block rst_ps7_0_100M .
INFO: [BD 41-1029] Generation completed for the IP Integrator block ps7_0_axi_periph/xbar .
INFO: [BD 41-1029] Generation completed for the IP Integrator block xlconcat_1 .
INFO: [BD 41-1029] Generation completed for the IP Integrator block xlconstant_0 .
INFO: [BD 41-1029] Generation completed for the IP Integrator block xlconstant_1 .
INFO: [BD 41-1029] Generation completed for the IP Integrator block xlconstant_2 .
INFO: [BD 41-1029] Generation completed for the IP Integrator block ila_0 .
INFO: [BD 41-1029] Generation completed for the IP Integrator block ps7_0_axi_periph/m00_couplers/auto_pc .
INFO: [BD 41-1029] Generation completed for the IP Integrator block ps7_0_axi_periph/s00_couplers/auto_pc .
Exporting to file C:/Users/dell/Desktop/mys-xc7z020-trd.xpr/mys-xc7z020-trd/mys-xc7z020-trd.srcs/sources_1/bd/design_1/hw_handoff/design_1.hwh
INFO: [xilinx.com:ip:axi_bram_ctrl:4.0-2] test_ip: In IP Integrator, please note that memory depth value gets calculated based on the Data Width of the IP and Address range selected in the Address Editor.Incase a validation error occured on the range of this parameter, please check if the selected Data width and the Address Range are valid. For valid Data width and memory depth values, please refer to the AXI BRAM Controller Product Guide.
INFO: [xilinx.com:ip:axi_bram_ctrl:4.0-1] test_ip: In IP Integrator, The Maximum address range supported is 2G. Selecting the address range more than 2G in the address editor may resets the value of Memory depth to default value (1024). please refer to the AXI BRAM Controller Product Guide.
Generated Block Design Tcl file C:/Users/dell/Desktop/mys-xc7z020-trd.xpr/mys-xc7z020-trd/mys-xc7z020-trd.srcs/sources_1/bd/design_1/hw_handoff/design_1_bd.tcl
Generated Hardware Definition File C:/Users/dell/Desktop/mys-xc7z020-trd.xpr/mys-xc7z020-trd/mys-xc7z020-trd.srcs/sources_1/bd/design_1/hdl/design_1.hwdef
generate_target: Time (s): cpu = 00:00:09 ; elapsed = 00:00:09 . Memory (MB): peak = 1637.270 ; gain = 54.305
export_ip_user_files -of_objects [get_files C:/Users/dell/Desktop/mys-xc7z020-trd.xpr/mys-xc7z020-trd/mys-xc7z020-trd.srcs/sources_1/bd/design_1/design_1.bd] -no_script -sync -force -quiet
export_simulation -of_objects [get_files C:/Users/dell/Desktop/mys-xc7z020-trd.xpr/mys-xc7z020-trd/mys-xc7z020-trd.srcs/sources_1/bd/design_1/design_1.bd] -directory C:/Users/dell/Desktop/mys-xc7z020-trd.xpr/mys-xc7z020-trd/mys-xc7z020-trd.ip_user_files/sim_scripts -ip_user_files_dir C:/Users/dell/Desktop/mys-xc7z020-trd.xpr/mys-xc7z020-trd/mys-xc7z020-trd.ip_user_files -ipstatic_source_dir C:/Users/dell/Desktop/mys-xc7z020-trd.xpr/mys-xc7z020-trd/mys-xc7z020-trd.ip_user_files/ipstatic -lib_map_path [list {modelsim=C:/Users/dell/Desktop/mys-xc7z020-trd.xpr/mys-xc7z020-trd/mys-xc7z020-trd.cache/compile_simlib/modelsim} {questa=C:/Users/dell/Desktop/mys-xc7z020-trd.xpr/mys-xc7z020-trd/mys-xc7z020-trd.cache/compile_simlib/questa} {riviera=C:/Users/dell/Desktop/mys-xc7z020-trd.xpr/mys-xc7z020-trd/mys-xc7z020-trd.cache/compile_simlib/riviera} {activehdl=C:/Users/dell/Desktop/mys-xc7z020-trd.xpr/mys-xc7z020-trd/mys-xc7z020-trd.cache/compile_simlib/activehdl}] -use_ip_compiled_libs -force -quiet
make_wrapper -files [get_files C:/Users/dell/Desktop/mys-xc7z020-trd.xpr/mys-xc7z020-trd/mys-xc7z020-trd.srcs/sources_1/bd/design_1/design_1.bd] -top
reset_run synth_1
launch_runs impl_1 -to_step write_bitstream -jobs 4
[Tue Jul 11 09:30:02 2017] Launched synth_1...
Run output will be captured here: C:/Users/dell/Desktop/mys-xc7z020-trd.xpr/mys-xc7z020-trd/mys-xc7z020-trd.runs/synth_1/runme.log
[Tue Jul 11 09:30:02 2017] Launched impl_1...
Run output will be captured here: C:/Users/dell/Desktop/mys-xc7z020-trd.xpr/mys-xc7z020-trd/mys-xc7z020-trd.runs/impl_1/runme.log
report_ip_status -name ip_status 
file copy -force C:/Users/dell/Desktop/mys-xc7z020-trd.xpr/mys-xc7z020-trd/mys-xc7z020-trd.runs/impl_1/design_1_wrapper.sysdef C:/Users/dell/Desktop/mys-xc7z020-trd.xpr/mys-xc7z020-trd/mys-xc7z020-trd.sdk/design_1_wrapper.hdf

launch_sdk -workspace C:/Users/dell/Desktop/mys-xc7z020-trd.xpr/mys-xc7z020-trd/mys-xc7z020-trd.sdk -hwspec C:/Users/dell/Desktop/mys-xc7z020-trd.xpr/mys-xc7z020-trd/mys-xc7z020-trd.sdk/design_1_wrapper.hdf
INFO: [Vivado 12-393] Launching SDK...
INFO: [Vivado 12-417] Running xsdk -workspace C:/Users/dell/Desktop/mys-xc7z020-trd.xpr/mys-xc7z020-trd/mys-xc7z020-trd.sdk -hwspec C:/Users/dell/Desktop/mys-xc7z020-trd.xpr/mys-xc7z020-trd/mys-xc7z020-trd.sdk/design_1_wrapper.hdf
INFO: [Vivado 12-3157] SDK launch initiated. Please check console for any further messages.
exit
INFO: [Common 17-206] Exiting Vivado at Tue Jul 11 18:13:32 2017...
