#-----------------------------------------------------------
# Vivado v2016.4 (64-bit)
# SW Build 1733598 on Wed Dec 14 22:35:39 MST 2016
# IP Build 1731160 on Wed Dec 14 23:47:21 MST 2016
# Start of session at: Wed Jul 12 06:57:48 2017
# Process ID: 7424
# Current directory: C:/Users/dell/Desktop/mys-xc7z020-trd.xpr/mys-xc7z020-trd
# Command line: vivado.exe -gui_launcher_event rodinguilauncherevent4852 C:\Users\dell\Desktop\mys-xc7z020-trd.xpr\mys-xc7z020-trd\mys-xc7z020-trd.xpr
# Log file: C:/Users/dell/Desktop/mys-xc7z020-trd.xpr/mys-xc7z020-trd/vivado.log
# Journal file: C:/Users/dell/Desktop/mys-xc7z020-trd.xpr/mys-xc7z020-trd\vivado.jou
#-----------------------------------------------------------
start_gui
open_project C:/Users/dell/Desktop/mys-xc7z020-trd.xpr/mys-xc7z020-trd/mys-xc7z020-trd.xpr
Scanning sources...
Finished scanning sources
INFO: [IP_Flow 19-234] Refreshing IP repositories
INFO: [IP_Flow 19-1700] Loaded user IP repository 'c:/Users/dell/Desktop/mys-xc7z020-trd.xpr/mys-xc7z020-trd/mys-xc7z020-trd.ipdefs/ip_repo_0'.
INFO: [IP_Flow 19-2313] Loaded Vivado IP repository 'D:/Program/Xilinx/Vivado/2016.4/data/ip'.
open_project: Time (s): cpu = 00:00:11 ; elapsed = 00:00:09 . Memory (MB): peak = 898.063 ; gain = 186.012
ipx::edit_ip_in_project -upgrade true -name TLC1543_v1_0_v1_0_project -directory C:/Users/dell/Desktop/mys-xc7z020-trd.xpr/mys-xc7z020-trd/mys-xc7z020-trd.tmp/TLC1543_v1_0_v1_0_project c:/Users/dell/Desktop/mys-xc7z020-trd.xpr/mys-xc7z020-trd/mys-xc7z020-trd.ipdefs/ip_repo_0/TLC1543_1.0/component.xml
INFO: [ProjectBase 1-489] The host OS only allows 260 characters in a normal path. The project is stored in a path with more than 80 characters. If you experience issues with IP, Block Designs, or files not being found, please consider moving the project to a location with a shorter path. Alternately consider using the OS subst command to map part of the path to a drive letter.
Current project path is 'c:/users/dell/desktop/mys-xc7z020-trd.xpr/mys-xc7z020-trd/mys-xc7z020-trd.tmp/tlc1543_v1_0_v1_0_project'
INFO: [IP_Flow 19-234] Refreshing IP repositories
INFO: [IP_Flow 19-1704] No user IP repositories specified
INFO: [IP_Flow 19-2313] Loaded Vivado IP repository 'D:/Program/Xilinx/Vivado/2016.4/data/ip'.
INFO: [IP_Flow 19-234] Refreshing IP repositories
INFO: [IP_Flow 19-1700] Loaded user IP repository 'c:/Users/dell/Desktop/mys-xc7z020-trd.xpr/mys-xc7z020-trd/mys-xc7z020-trd.ipdefs/ip_repo_0'.
INFO: [IP_Flow 19-795] Syncing license key meta-data
INFO: [IP_Flow 19-793] Syncing display name meta-data
INFO: [IP_Flow 19-798] Syncing taxonomy meta-data
set_property core_revision 11 [ipx::current_core]
ipx::create_xgui_files [ipx::current_core]
ipx::update_checksums [ipx::current_core]
ipx::save_core [ipx::current_core]
close_project -delete
update_ip_catalog -rebuild -repo_path c:/Users/dell/Desktop/mys-xc7z020-trd.xpr/mys-xc7z020-trd/mys-xc7z020-trd.ipdefs/ip_repo_0
INFO: [IP_Flow 19-725] Reloaded user IP repository 'c:/Users/dell/Desktop/mys-xc7z020-trd.xpr/mys-xc7z020-trd/mys-xc7z020-trd.ipdefs/ip_repo_0'
report_ip_status -name ip_status 
upgrade_ip -vlnv xilinx.com:user:TLC1543:1.0 [get_ips  design_1_TLC1543_0_0] -log ip_upgrade.log
Upgrading 'C:/Users/dell/Desktop/mys-xc7z020-trd.xpr/mys-xc7z020-trd/mys-xc7z020-trd.srcs/sources_1/bd/design_1/design_1.bd'
Adding cell -- xilinx.com:ip:processing_system7:5.5 - processing_system7_0
Adding cell -- xilinx.com:ip:util_vector_logic:2.0 - util_vector_logic_0
Adding cell -- xilinx.com:ip:util_vector_logic:2.0 - util_vector_logic_1
Adding cell -- xilinx.com:ip:xlconcat:2.1 - xlconcat_0
Adding cell -- xilinx.com:ip:axi_bram_ctrl:4.0 - axi_bram_ctrl_0
Adding cell -- xilinx.com:ip:blk_mem_gen:8.3 - blk_mem_gen_0
Adding cell -- xilinx.com:ip:proc_sys_reset:5.0 - rst_ps7_0_100M
Adding cell -- xilinx.com:ip:xlconcat:2.1 - xlconcat_1
Adding cell -- xilinx.com:ip:xlconstant:1.1 - xlconstant_0
Adding cell -- xilinx.com:ip:xlconstant:1.1 - xlconstant_1
Adding cell -- xilinx.com:ip:xlconstant:1.1 - xlconstant_2
Adding cell -- xilinx.com:ip:ila:6.2 - ila_0
INFO: [xilinx.com:ip:ila:6.2-6] /ila_0: Xilinx recommends using the System ILA IP in IP Integrator. The System ILA IP is functionally equivalent to an ILA and offers additional benefits in debugging interfaces both within IP Integrator and the Hardware Manager. Consult the Programming and Debug User Guide UG908 for further details.
Adding cell -- xilinx.com:user:TLC1543:1.0 - TLC1543_0
Adding cell -- xilinx.com:ip:axi_crossbar:2.1 - xbar
Adding cell -- xilinx.com:ip:axi_protocol_converter:2.1 - auto_pc
Adding cell -- xilinx.com:ip:axi_protocol_converter:2.1 - auto_pc
Successfully read diagram <design_1> from BD file <C:/Users/dell/Desktop/mys-xc7z020-trd.xpr/mys-xc7z020-trd/mys-xc7z020-trd.srcs/sources_1/bd/design_1/design_1.bd>
INFO: [IP_Flow 19-3422] Upgraded design_1_TLC1543_0_0 (TLC1543_v1.0 1.0) from revision 10 to revision 11
Wrote  : <C:/Users/dell/Desktop/mys-xc7z020-trd.xpr/mys-xc7z020-trd/mys-xc7z020-trd.srcs/sources_1/bd/design_1/design_1.bd> 
INFO: [Coretcl 2-1525] Wrote upgrade log to 'C:/Users/dell/Desktop/mys-xc7z020-trd.xpr/mys-xc7z020-trd/ip_upgrade.log'.
upgrade_ip: Time (s): cpu = 00:00:09 ; elapsed = 00:00:06 . Memory (MB): peak = 1018.441 ; gain = 24.699
export_ip_user_files -of_objects [get_ips design_1_TLC1543_0_0] -no_script -sync -force -quiet
generate_target all [get_files  C:/Users/dell/Desktop/mys-xc7z020-trd.xpr/mys-xc7z020-trd/mys-xc7z020-trd.srcs/sources_1/bd/design_1/design_1.bd]
INFO: [Device 21-403] Loading part xc7z020clg400-1
WARNING: [BD 41-702] Propagation TCL tries to overwrite USER strength parameter In0_width(30) on '/xlconcat_1' with propagated value(10). Command ignored
WARNING: [BD 41-702] Propagation TCL tries to overwrite USER strength parameter C_PROBE0_WIDTH(32) on '/ila_0' with propagated value(11). Command ignored
WARNING: [BD 41-702] Propagation TCL tries to overwrite USER strength parameter C_PROBE0_WIDTH(32) on '/ila_0' with propagated value(11). Command ignored
WARNING: [BD 41-702] Propagation TCL tries to overwrite USER strength parameter In0_width(30) on '/xlconcat_1' with propagated value(10). Command ignored
WARNING: [BD 41-702] Propagation TCL tries to overwrite USER strength parameter C_PROBE0_WIDTH(32) on '/ila_0' with propagated value(11). Command ignored
CRITICAL WARNING: [BD 41-759] The input pins (listed below) are either not connected or do not have a source port, and they don't have a tie-off specified. These pins are tied-off to all 0's to avoid error in Implementation flow.
Please check your design and connect them as needed: 
/xlconcat_0/In1
/xlconcat_0/In3

WARNING: [BD 41-235] Width mismatch when connecting pin: '/blk_mem_gen_0/addra'(32) to net 'axi_bram_ctrl_0_BRAM_PORTA_ADDR'(13) - Only lower order bits will be connected.
CRITICAL WARNING: [BD 41-1228] Width mismatch when connecting input pin '/blk_mem_gen_0/addrb'(32) to net 'TLC1543_0_RAM_ADDR'(11) - Only lower order bits will be connected, and other input bits of this pin will be left unconnected.
CRITICAL WARNING: [BD 41-1228] Width mismatch when connecting input pin '/ila_0/probe0'(32) to net 'TLC1543_0_RAM_ADDR'(11) - Only lower order bits will be connected, and other input bits of this pin will be left unconnected.
CRITICAL WARNING: [BD 41-1228] Width mismatch when connecting input pin '/xlconcat_1/In0'(30) to net 'TLC1543_0_data'(10) - Only lower order bits will be connected, and other input bits of this pin will be left unconnected.
Verilog Output written to : C:/Users/dell/Desktop/mys-xc7z020-trd.xpr/mys-xc7z020-trd/mys-xc7z020-trd.srcs/sources_1/bd/design_1/hdl/design_1.v
Verilog Output written to : C:/Users/dell/Desktop/mys-xc7z020-trd.xpr/mys-xc7z020-trd/mys-xc7z020-trd.srcs/sources_1/bd/design_1/hdl/design_1_wrapper.v
Wrote  : <C:/Users/dell/Desktop/mys-xc7z020-trd.xpr/mys-xc7z020-trd/mys-xc7z020-trd.srcs/sources_1/bd/design_1/design_1.bd> 
INFO: [BD 41-1029] Generation completed for the IP Integrator block processing_system7_0 .
INFO: [BD 41-1029] Generation completed for the IP Integrator block xlconcat_0 .
INFO: [BD 41-1029] Generation completed for the IP Integrator block util_vector_logic_0 .
INFO: [BD 41-1029] Generation completed for the IP Integrator block util_vector_logic_1 .
INFO: [BD 41-1029] Generation completed for the IP Integrator block TLC1543_0 .
INFO: [BD 41-1029] Generation completed for the IP Integrator block axi_bram_ctrl_0 .
INFO: [BD 41-1029] Generation completed for the IP Integrator block blk_mem_gen_0 .
INFO: [BD 41-1029] Generation completed for the IP Integrator block rst_ps7_0_100M .
INFO: [BD 41-1029] Generation completed for the IP Integrator block ps7_0_axi_periph/xbar .
INFO: [BD 41-1029] Generation completed for the IP Integrator block xlconcat_1 .
INFO: [BD 41-1029] Generation completed for the IP Integrator block xlconstant_0 .
INFO: [BD 41-1029] Generation completed for the IP Integrator block xlconstant_1 .
INFO: [BD 41-1029] Generation completed for the IP Integrator block xlconstant_2 .
INFO: [BD 41-1029] Generation completed for the IP Integrator block ila_0 .
INFO: [BD 41-1029] Generation completed for the IP Integrator block ps7_0_axi_periph/m00_couplers/auto_pc .
INFO: [BD 41-1029] Generation completed for the IP Integrator block ps7_0_axi_periph/s00_couplers/auto_pc .
Exporting to file C:/Users/dell/Desktop/mys-xc7z020-trd.xpr/mys-xc7z020-trd/mys-xc7z020-trd.srcs/sources_1/bd/design_1/hw_handoff/design_1.hwh
INFO: [xilinx.com:ip:axi_bram_ctrl:4.0-2] test_ip: In IP Integrator, please note that memory depth value gets calculated based on the Data Width of the IP and Address range selected in the Address Editor.Incase a validation error occured on the range of this parameter, please check if the selected Data width and the Address Range are valid. For valid Data width and memory depth values, please refer to the AXI BRAM Controller Product Guide.
INFO: [xilinx.com:ip:axi_bram_ctrl:4.0-1] test_ip: In IP Integrator, The Maximum address range supported is 2G. Selecting the address range more than 2G in the address editor may resets the value of Memory depth to default value (1024). please refer to the AXI BRAM Controller Product Guide.
Generated Block Design Tcl file C:/Users/dell/Desktop/mys-xc7z020-trd.xpr/mys-xc7z020-trd/mys-xc7z020-trd.srcs/sources_1/bd/design_1/hw_handoff/design_1_bd.tcl
Generated Hardware Definition File C:/Users/dell/Desktop/mys-xc7z020-trd.xpr/mys-xc7z020-trd/mys-xc7z020-trd.srcs/sources_1/bd/design_1/hdl/design_1.hwdef
generate_target: Time (s): cpu = 00:00:16 ; elapsed = 00:00:17 . Memory (MB): peak = 1369.805 ; gain = 321.199
export_ip_user_files -of_objects [get_files C:/Users/dell/Desktop/mys-xc7z020-trd.xpr/mys-xc7z020-trd/mys-xc7z020-trd.srcs/sources_1/bd/design_1/design_1.bd] -no_script -sync -force -quiet
export_simulation -of_objects [get_files C:/Users/dell/Desktop/mys-xc7z020-trd.xpr/mys-xc7z020-trd/mys-xc7z020-trd.srcs/sources_1/bd/design_1/design_1.bd] -directory C:/Users/dell/Desktop/mys-xc7z020-trd.xpr/mys-xc7z020-trd/mys-xc7z020-trd.ip_user_files/sim_scripts -ip_user_files_dir C:/Users/dell/Desktop/mys-xc7z020-trd.xpr/mys-xc7z020-trd/mys-xc7z020-trd.ip_user_files -ipstatic_source_dir C:/Users/dell/Desktop/mys-xc7z020-trd.xpr/mys-xc7z020-trd/mys-xc7z020-trd.ip_user_files/ipstatic -lib_map_path [list {modelsim=C:/Users/dell/Desktop/mys-xc7z020-trd.xpr/mys-xc7z020-trd/mys-xc7z020-trd.cache/compile_simlib/modelsim} {questa=C:/Users/dell/Desktop/mys-xc7z020-trd.xpr/mys-xc7z020-trd/mys-xc7z020-trd.cache/compile_simlib/questa} {riviera=C:/Users/dell/Desktop/mys-xc7z020-trd.xpr/mys-xc7z020-trd/mys-xc7z020-trd.cache/compile_simlib/riviera} {activehdl=C:/Users/dell/Desktop/mys-xc7z020-trd.xpr/mys-xc7z020-trd/mys-xc7z020-trd.cache/compile_simlib/activehdl}] -use_ip_compiled_libs -force -quiet
make_wrapper -files [get_files C:/Users/dell/Desktop/mys-xc7z020-trd.xpr/mys-xc7z020-trd/mys-xc7z020-trd.srcs/sources_1/bd/design_1/design_1.bd] -top
reset_run synth_1
launch_runs impl_1 -to_step write_bitstream -jobs 4
[Wed Jul 12 07:01:33 2017] Launched synth_1...
Run output will be captured here: C:/Users/dell/Desktop/mys-xc7z020-trd.xpr/mys-xc7z020-trd/mys-xc7z020-trd.runs/synth_1/runme.log
[Wed Jul 12 07:01:33 2017] Launched impl_1...
Run output will be captured here: C:/Users/dell/Desktop/mys-xc7z020-trd.xpr/mys-xc7z020-trd/mys-xc7z020-trd.runs/impl_1/runme.log
report_ip_status -name ip_status 
file copy -force C:/Users/dell/Desktop/mys-xc7z020-trd.xpr/mys-xc7z020-trd/mys-xc7z020-trd.runs/impl_1/design_1_wrapper.sysdef C:/Users/dell/Desktop/mys-xc7z020-trd.xpr/mys-xc7z020-trd/mys-xc7z020-trd.sdk/design_1_wrapper.hdf

launch_sdk -workspace C:/Users/dell/Desktop/mys-xc7z020-trd.xpr/mys-xc7z020-trd/mys-xc7z020-trd.sdk -hwspec C:/Users/dell/Desktop/mys-xc7z020-trd.xpr/mys-xc7z020-trd/mys-xc7z020-trd.sdk/design_1_wrapper.hdf
INFO: [Vivado 12-393] Launching SDK...
INFO: [Vivado 12-417] Running xsdk -workspace C:/Users/dell/Desktop/mys-xc7z020-trd.xpr/mys-xc7z020-trd/mys-xc7z020-trd.sdk -hwspec C:/Users/dell/Desktop/mys-xc7z020-trd.xpr/mys-xc7z020-trd/mys-xc7z020-trd.sdk/design_1_wrapper.hdf
INFO: [Vivado 12-3157] SDK launch initiated. Please check console for any further messages.
launch_sdk -workspace C:/Users/dell/Desktop/mys-xc7z020-trd.xpr/mys-xc7z020-trd/mys-xc7z020-trd.sdk -hwspec C:/Users/dell/Desktop/mys-xc7z020-trd.xpr/mys-xc7z020-trd/mys-xc7z020-trd.sdk/design_1_wrapper.hdf
INFO: [Vivado 12-393] Launching SDK...
INFO: [Vivado 12-417] Running xsdk -workspace C:/Users/dell/Desktop/mys-xc7z020-trd.xpr/mys-xc7z020-trd/mys-xc7z020-trd.sdk -hwspec C:/Users/dell/Desktop/mys-xc7z020-trd.xpr/mys-xc7z020-trd/mys-xc7z020-trd.sdk/design_1_wrapper.hdf
INFO: [Vivado 12-3157] SDK launch initiated. Please check console for any further messages.
open_bd_design {C:/Users/dell/Desktop/mys-xc7z020-trd.xpr/mys-xc7z020-trd/mys-xc7z020-trd.srcs/sources_1/bd/design_1/design_1.bd}
open_bd_design {C:/Users/dell/Desktop/mys-xc7z020-trd.xpr/mys-xc7z020-trd/mys-xc7z020-trd.srcs/sources_1/bd/design_1/design_1.bd}
delete_bd_objs [get_bd_nets xlconcat_0_dout]
delete_bd_objs [get_bd_nets util_vector_logic_0_Res] [get_bd_nets util_vector_logic_1_Res] [get_bd_cells xlconcat_0]
delete_bd_objs [get_bd_nets Op1_2] [get_bd_cells util_vector_logic_1]
delete_bd_objs [get_bd_nets Op1_1] [get_bd_cells util_vector_logic_0]
delete_bd_objs [get_bd_ports hdmi_intn]
delete_bd_objs [get_bd_ports mems_intn]
regenerate_bd_layout
delete_bd_objs [get_bd_cells ila_0]
delete_bd_objs [get_bd_nets xlconcat_1_dout]
delete_bd_objs [get_bd_nets TLC1543_0_data]
connect_bd_net [get_bd_pins TLC1543_0/data] [get_bd_pins blk_mem_gen_0/dinb]
WARNING: [BD 41-1306] The connection to interface pin /blk_mem_gen_0/dinb is being overridden by the user. This pin will not be connected as a part of interface connection BRAM_PORTB
delete_bd_objs [get_bd_nets TLC1543_0_RAM_ADDR]
delete_bd_objs [get_bd_nets xlconstant_0_dout]
startgroup
set_property -dict [list CONFIG.IN0_WIDTH {2} CONFIG.IN1_WIDTH {29}] [get_bd_cells xlconcat_1]
endgroup
set_property -dict [list CONFIG.IN1_WIDTH {30}] [get_bd_cells xlconcat_1]
connect_bd_net [get_bd_pins xlconstant_0/dout] [get_bd_pins xlconcat_1/In0]
connect_bd_net [get_bd_pins TLC1543_0/RAM_ADDR] [get_bd_pins xlconcat_1/In1]
connect_bd_net [get_bd_pins blk_mem_gen_0/addrb] [get_bd_pins xlconcat_1/dout]
WARNING: [BD 41-1306] The connection to interface pin /blk_mem_gen_0/addrb is being overridden by the user. This pin will not be connected as a part of interface connection BRAM_PORTB
regenerate_bd_layout
WARNING: [IP_Flow 19-4067] Ignoring invalid widget type specified checkbox.Providing a default widget
WARNING: [IP_Flow 19-4067] Ignoring invalid widget type specified checkbox.Providing a default widget
regenerate_bd_layout
save_bd_design
Wrote  : <C:/Users/dell/Desktop/mys-xc7z020-trd.xpr/mys-xc7z020-trd/mys-xc7z020-trd.srcs/sources_1/bd/design_1/design_1.bd> 
Wrote  : <C:/Users/dell/Desktop/mys-xc7z020-trd.xpr/mys-xc7z020-trd/mys-xc7z020-trd.srcs/sources_1/bd/design_1/ui/bd_1f5defd0.ui> 
generate_target all [get_files  C:/Users/dell/Desktop/mys-xc7z020-trd.xpr/mys-xc7z020-trd/mys-xc7z020-trd.srcs/sources_1/bd/design_1/design_1.bd]
WARNING: [BD 41-702] Propagation TCL tries to overwrite USER strength parameter In1_width(30) on '/xlconcat_1' with propagated value(11). Command ignored
WARNING: [BD 41-702] Propagation TCL tries to overwrite USER strength parameter In1_width(30) on '/xlconcat_1' with propagated value(11). Command ignored
WARNING: [BD 41-235] Width mismatch when connecting pin: '/blk_mem_gen_0/addra'(32) to net 'axi_bram_ctrl_0_BRAM_PORTA_ADDR'(13) - Only lower order bits will be connected.
CRITICAL WARNING: [BD 41-1228] Width mismatch when connecting input pin '/blk_mem_gen_0/dinb'(32) to net 'TLC1543_0_data'(10) - Only lower order bits will be connected, and other input bits of this pin will be left unconnected.
CRITICAL WARNING: [BD 41-1228] Width mismatch when connecting input pin '/xlconcat_1/In1'(30) to net 'TLC1543_0_RAM_ADDR'(11) - Only lower order bits will be connected, and other input bits of this pin will be left unconnected.
Verilog Output written to : C:/Users/dell/Desktop/mys-xc7z020-trd.xpr/mys-xc7z020-trd/mys-xc7z020-trd.srcs/sources_1/bd/design_1/hdl/design_1.v
Verilog Output written to : C:/Users/dell/Desktop/mys-xc7z020-trd.xpr/mys-xc7z020-trd/mys-xc7z020-trd.srcs/sources_1/bd/design_1/hdl/design_1_wrapper.v
Wrote  : <C:/Users/dell/Desktop/mys-xc7z020-trd.xpr/mys-xc7z020-trd/mys-xc7z020-trd.srcs/sources_1/bd/design_1/design_1.bd> 
INFO: [BD 41-1029] Generation completed for the IP Integrator block processing_system7_0 .
INFO: [BD 41-1029] Generation completed for the IP Integrator block TLC1543_0 .
INFO: [BD 41-1029] Generation completed for the IP Integrator block axi_bram_ctrl_0 .
INFO: [BD 41-1029] Generation completed for the IP Integrator block blk_mem_gen_0 .
INFO: [BD 41-1029] Generation completed for the IP Integrator block rst_ps7_0_100M .
INFO: [BD 41-1029] Generation completed for the IP Integrator block ps7_0_axi_periph/xbar .
INFO: [BD 41-1029] Generation completed for the IP Integrator block xlconcat_1 .
INFO: [BD 41-1029] Generation completed for the IP Integrator block xlconstant_0 .
INFO: [BD 41-1029] Generation completed for the IP Integrator block xlconstant_1 .
INFO: [BD 41-1029] Generation completed for the IP Integrator block xlconstant_2 .
INFO: [BD 41-1029] Generation completed for the IP Integrator block ps7_0_axi_periph/m00_couplers/auto_pc .
INFO: [BD 41-1029] Generation completed for the IP Integrator block ps7_0_axi_periph/s00_couplers/auto_pc .
Exporting to file C:/Users/dell/Desktop/mys-xc7z020-trd.xpr/mys-xc7z020-trd/mys-xc7z020-trd.srcs/sources_1/bd/design_1/hw_handoff/design_1.hwh
INFO: [xilinx.com:ip:axi_bram_ctrl:4.0-2] test_ip: In IP Integrator, please note that memory depth value gets calculated based on the Data Width of the IP and Address range selected in the Address Editor.Incase a validation error occured on the range of this parameter, please check if the selected Data width and the Address Range are valid. For valid Data width and memory depth values, please refer to the AXI BRAM Controller Product Guide.
INFO: [xilinx.com:ip:axi_bram_ctrl:4.0-1] test_ip: In IP Integrator, The Maximum address range supported is 2G. Selecting the address range more than 2G in the address editor may resets the value of Memory depth to default value (1024). please refer to the AXI BRAM Controller Product Guide.
Generated Block Design Tcl file C:/Users/dell/Desktop/mys-xc7z020-trd.xpr/mys-xc7z020-trd/mys-xc7z020-trd.srcs/sources_1/bd/design_1/hw_handoff/design_1_bd.tcl
Generated Hardware Definition File C:/Users/dell/Desktop/mys-xc7z020-trd.xpr/mys-xc7z020-trd/mys-xc7z020-trd.srcs/sources_1/bd/design_1/hdl/design_1.hwdef
generate_target: Time (s): cpu = 00:00:08 ; elapsed = 00:00:09 . Memory (MB): peak = 1472.492 ; gain = 20.598
export_ip_user_files -of_objects [get_files C:/Users/dell/Desktop/mys-xc7z020-trd.xpr/mys-xc7z020-trd/mys-xc7z020-trd.srcs/sources_1/bd/design_1/design_1.bd] -no_script -sync -force -quiet
export_simulation -of_objects [get_files C:/Users/dell/Desktop/mys-xc7z020-trd.xpr/mys-xc7z020-trd/mys-xc7z020-trd.srcs/sources_1/bd/design_1/design_1.bd] -directory C:/Users/dell/Desktop/mys-xc7z020-trd.xpr/mys-xc7z020-trd/mys-xc7z020-trd.ip_user_files/sim_scripts -ip_user_files_dir C:/Users/dell/Desktop/mys-xc7z020-trd.xpr/mys-xc7z020-trd/mys-xc7z020-trd.ip_user_files -ipstatic_source_dir C:/Users/dell/Desktop/mys-xc7z020-trd.xpr/mys-xc7z020-trd/mys-xc7z020-trd.ip_user_files/ipstatic -lib_map_path [list {modelsim=C:/Users/dell/Desktop/mys-xc7z020-trd.xpr/mys-xc7z020-trd/mys-xc7z020-trd.cache/compile_simlib/modelsim} {questa=C:/Users/dell/Desktop/mys-xc7z020-trd.xpr/mys-xc7z020-trd/mys-xc7z020-trd.cache/compile_simlib/questa} {riviera=C:/Users/dell/Desktop/mys-xc7z020-trd.xpr/mys-xc7z020-trd/mys-xc7z020-trd.cache/compile_simlib/riviera} {activehdl=C:/Users/dell/Desktop/mys-xc7z020-trd.xpr/mys-xc7z020-trd/mys-xc7z020-trd.cache/compile_simlib/activehdl}] -use_ip_compiled_libs -force -quiet
set_property location {4.5 1514 614} [get_bd_cells blk_mem_gen_0]
set_property location {3.5 1315 700} [get_bd_cells xlconstant_1]
set_property location {3.5 1224 692} [get_bd_cells xlconstant_1]
set_property location {4.5 1375 659} [get_bd_cells xlconstant_2]
set_property location {4.5 1320 642} [get_bd_cells xlconstant_2]
regenerate_bd_layout
validate_bd_design -force
WARNING: [BD 41-702] Propagation TCL tries to overwrite USER strength parameter In1_width(30) on '/xlconcat_1' with propagated value(11). Command ignored
WARNING: [BD 41-702] Propagation TCL tries to overwrite USER strength parameter In1_width(30) on '/xlconcat_1' with propagated value(11). Command ignored
save_bd_design
Wrote  : <C:/Users/dell/Desktop/mys-xc7z020-trd.xpr/mys-xc7z020-trd/mys-xc7z020-trd.srcs/sources_1/bd/design_1/design_1.bd> 
Wrote  : <C:/Users/dell/Desktop/mys-xc7z020-trd.xpr/mys-xc7z020-trd/mys-xc7z020-trd.srcs/sources_1/bd/design_1/ui/bd_1f5defd0.ui> 
make_wrapper -files [get_files C:/Users/dell/Desktop/mys-xc7z020-trd.xpr/mys-xc7z020-trd/mys-xc7z020-trd.srcs/sources_1/bd/design_1/design_1.bd] -top
INFO: [BD 41-1662] The design 'design_1.bd' is already validated. Therefore parameter propagation will not be re-run.
WARNING: [BD 41-235] Width mismatch when connecting pin: '/blk_mem_gen_0/addra'(32) to net 'axi_bram_ctrl_0_BRAM_PORTA_ADDR'(13) - Only lower order bits will be connected.
CRITICAL WARNING: [BD 41-1228] Width mismatch when connecting input pin '/blk_mem_gen_0/dinb'(32) to net 'TLC1543_0_data'(10) - Only lower order bits will be connected, and other input bits of this pin will be left unconnected.
CRITICAL WARNING: [BD 41-1228] Width mismatch when connecting input pin '/xlconcat_1/In1'(30) to net 'TLC1543_0_RAM_ADDR'(11) - Only lower order bits will be connected, and other input bits of this pin will be left unconnected.
Verilog Output written to : C:/Users/dell/Desktop/mys-xc7z020-trd.xpr/mys-xc7z020-trd/mys-xc7z020-trd.srcs/sources_1/bd/design_1/hdl/design_1.v
Verilog Output written to : C:/Users/dell/Desktop/mys-xc7z020-trd.xpr/mys-xc7z020-trd/mys-xc7z020-trd.srcs/sources_1/bd/design_1/hdl/design_1_wrapper.v
reset_run synth_1
launch_runs impl_1 -to_step write_bitstream -jobs 4
INFO: [BD 41-1662] The design 'design_1.bd' is already validated. Therefore parameter propagation will not be re-run.
WARNING: [BD 41-235] Width mismatch when connecting pin: '/blk_mem_gen_0/addra'(32) to net 'axi_bram_ctrl_0_BRAM_PORTA_ADDR'(13) - Only lower order bits will be connected.
CRITICAL WARNING: [BD 41-1228] Width mismatch when connecting input pin '/blk_mem_gen_0/dinb'(32) to net 'TLC1543_0_data'(10) - Only lower order bits will be connected, and other input bits of this pin will be left unconnected.
CRITICAL WARNING: [BD 41-1228] Width mismatch when connecting input pin '/xlconcat_1/In1'(30) to net 'TLC1543_0_RAM_ADDR'(11) - Only lower order bits will be connected, and other input bits of this pin will be left unconnected.
Verilog Output written to : C:/Users/dell/Desktop/mys-xc7z020-trd.xpr/mys-xc7z020-trd/mys-xc7z020-trd.srcs/sources_1/bd/design_1/hdl/design_1.v
Verilog Output written to : C:/Users/dell/Desktop/mys-xc7z020-trd.xpr/mys-xc7z020-trd/mys-xc7z020-trd.srcs/sources_1/bd/design_1/hdl/design_1_wrapper.v
INFO: [BD 41-1029] Generation completed for the IP Integrator block processing_system7_0 .
INFO: [BD 41-1029] Generation completed for the IP Integrator block TLC1543_0 .
INFO: [BD 41-1029] Generation completed for the IP Integrator block axi_bram_ctrl_0 .
INFO: [BD 41-1029] Generation completed for the IP Integrator block blk_mem_gen_0 .
INFO: [BD 41-1029] Generation completed for the IP Integrator block rst_ps7_0_100M .
INFO: [BD 41-1029] Generation completed for the IP Integrator block ps7_0_axi_periph/xbar .
INFO: [BD 41-1029] Generation completed for the IP Integrator block xlconcat_1 .
INFO: [BD 41-1029] Generation completed for the IP Integrator block xlconstant_0 .
INFO: [BD 41-1029] Generation completed for the IP Integrator block xlconstant_1 .
INFO: [BD 41-1029] Generation completed for the IP Integrator block xlconstant_2 .
INFO: [BD 41-1029] Generation completed for the IP Integrator block ps7_0_axi_periph/m00_couplers/auto_pc .
INFO: [BD 41-1029] Generation completed for the IP Integrator block ps7_0_axi_periph/s00_couplers/auto_pc .
Exporting to file C:/Users/dell/Desktop/mys-xc7z020-trd.xpr/mys-xc7z020-trd/mys-xc7z020-trd.srcs/sources_1/bd/design_1/hw_handoff/design_1.hwh
INFO: [xilinx.com:ip:axi_bram_ctrl:4.0-2] test_ip: In IP Integrator, please note that memory depth value gets calculated based on the Data Width of the IP and Address range selected in the Address Editor.Incase a validation error occured on the range of this parameter, please check if the selected Data width and the Address Range are valid. For valid Data width and memory depth values, please refer to the AXI BRAM Controller Product Guide.
INFO: [xilinx.com:ip:axi_bram_ctrl:4.0-1] test_ip: In IP Integrator, The Maximum address range supported is 2G. Selecting the address range more than 2G in the address editor may resets the value of Memory depth to default value (1024). please refer to the AXI BRAM Controller Product Guide.
Generated Block Design Tcl file C:/Users/dell/Desktop/mys-xc7z020-trd.xpr/mys-xc7z020-trd/mys-xc7z020-trd.srcs/sources_1/bd/design_1/hw_handoff/design_1_bd.tcl
Generated Hardware Definition File C:/Users/dell/Desktop/mys-xc7z020-trd.xpr/mys-xc7z020-trd/mys-xc7z020-trd.srcs/sources_1/bd/design_1/hdl/design_1.hwdef
[Wed Jul 12 09:58:38 2017] Launched synth_1...
Run output will be captured here: C:/Users/dell/Desktop/mys-xc7z020-trd.xpr/mys-xc7z020-trd/mys-xc7z020-trd.runs/synth_1/runme.log
[Wed Jul 12 09:58:38 2017] Launched impl_1...
Run output will be captured here: C:/Users/dell/Desktop/mys-xc7z020-trd.xpr/mys-xc7z020-trd/mys-xc7z020-trd.runs/impl_1/runme.log
open_bd_design {C:/Users/dell/Desktop/mys-xc7z020-trd.xpr/mys-xc7z020-trd/mys-xc7z020-trd.srcs/sources_1/bd/design_1/design_1.bd}
startgroup
set_property -dict [list CONFIG.PCW_QSPI_PERIPHERAL_ENABLE {1}] [get_bd_cells processing_system7_0]
endgroup
save_bd_design
Wrote  : <C:/Users/dell/Desktop/mys-xc7z020-trd.xpr/mys-xc7z020-trd/mys-xc7z020-trd.srcs/sources_1/bd/design_1/design_1.bd> 
generate_target all [get_files  C:/Users/dell/Desktop/mys-xc7z020-trd.xpr/mys-xc7z020-trd/mys-xc7z020-trd.srcs/sources_1/bd/design_1/design_1.bd]
WARNING: [BD 41-702] Propagation TCL tries to overwrite USER strength parameter In1_width(30) on '/xlconcat_1' with propagated value(11). Command ignored
WARNING: [BD 41-702] Propagation TCL tries to overwrite USER strength parameter In1_width(30) on '/xlconcat_1' with propagated value(11). Command ignored
WARNING: [BD 41-235] Width mismatch when connecting pin: '/blk_mem_gen_0/addra'(32) to net 'axi_bram_ctrl_0_BRAM_PORTA_ADDR'(13) - Only lower order bits will be connected.
CRITICAL WARNING: [BD 41-1228] Width mismatch when connecting input pin '/blk_mem_gen_0/dinb'(32) to net 'TLC1543_0_data'(10) - Only lower order bits will be connected, and other input bits of this pin will be left unconnected.
CRITICAL WARNING: [BD 41-1228] Width mismatch when connecting input pin '/xlconcat_1/In1'(30) to net 'TLC1543_0_RAM_ADDR'(11) - Only lower order bits will be connected, and other input bits of this pin will be left unconnected.
Verilog Output written to : C:/Users/dell/Desktop/mys-xc7z020-trd.xpr/mys-xc7z020-trd/mys-xc7z020-trd.srcs/sources_1/bd/design_1/hdl/design_1.v
Verilog Output written to : C:/Users/dell/Desktop/mys-xc7z020-trd.xpr/mys-xc7z020-trd/mys-xc7z020-trd.srcs/sources_1/bd/design_1/hdl/design_1_wrapper.v
Wrote  : <C:/Users/dell/Desktop/mys-xc7z020-trd.xpr/mys-xc7z020-trd/mys-xc7z020-trd.srcs/sources_1/bd/design_1/design_1.bd> 
WARNING: [xilinx.com:ip:processing_system7:5.5-1] design_1_processing_system7_0_0: The Zynq BFM requires an AXI BFM license to run. Please ensure that you have purchased and setup the AXI BFM license prior to running simulation with this block. Please contact your Xilinx sales office for more information on purchasing this license
INFO: [BD 41-1029] Generation completed for the IP Integrator block processing_system7_0 .
INFO: [BD 41-1029] Generation completed for the IP Integrator block TLC1543_0 .
INFO: [BD 41-1029] Generation completed for the IP Integrator block axi_bram_ctrl_0 .
INFO: [BD 41-1029] Generation completed for the IP Integrator block blk_mem_gen_0 .
INFO: [BD 41-1029] Generation completed for the IP Integrator block rst_ps7_0_100M .
INFO: [BD 41-1029] Generation completed for the IP Integrator block ps7_0_axi_periph/xbar .
INFO: [BD 41-1029] Generation completed for the IP Integrator block xlconcat_1 .
INFO: [BD 41-1029] Generation completed for the IP Integrator block xlconstant_0 .
INFO: [BD 41-1029] Generation completed for the IP Integrator block xlconstant_1 .
INFO: [BD 41-1029] Generation completed for the IP Integrator block xlconstant_2 .
INFO: [BD 41-1029] Generation completed for the IP Integrator block ps7_0_axi_periph/m00_couplers/auto_pc .
INFO: [BD 41-1029] Generation completed for the IP Integrator block ps7_0_axi_periph/s00_couplers/auto_pc .
Exporting to file C:/Users/dell/Desktop/mys-xc7z020-trd.xpr/mys-xc7z020-trd/mys-xc7z020-trd.srcs/sources_1/bd/design_1/hw_handoff/design_1.hwh
INFO: [xilinx.com:ip:axi_bram_ctrl:4.0-2] test_ip: In IP Integrator, please note that memory depth value gets calculated based on the Data Width of the IP and Address range selected in the Address Editor.Incase a validation error occured on the range of this parameter, please check if the selected Data width and the Address Range are valid. For valid Data width and memory depth values, please refer to the AXI BRAM Controller Product Guide.
INFO: [xilinx.com:ip:axi_bram_ctrl:4.0-1] test_ip: In IP Integrator, The Maximum address range supported is 2G. Selecting the address range more than 2G in the address editor may resets the value of Memory depth to default value (1024). please refer to the AXI BRAM Controller Product Guide.
Generated Block Design Tcl file C:/Users/dell/Desktop/mys-xc7z020-trd.xpr/mys-xc7z020-trd/mys-xc7z020-trd.srcs/sources_1/bd/design_1/hw_handoff/design_1_bd.tcl
Generated Hardware Definition File C:/Users/dell/Desktop/mys-xc7z020-trd.xpr/mys-xc7z020-trd/mys-xc7z020-trd.srcs/sources_1/bd/design_1/hdl/design_1.hwdef
generate_target: Time (s): cpu = 00:00:24 ; elapsed = 00:00:24 . Memory (MB): peak = 1595.223 ; gain = 44.930
export_ip_user_files -of_objects [get_files C:/Users/dell/Desktop/mys-xc7z020-trd.xpr/mys-xc7z020-trd/mys-xc7z020-trd.srcs/sources_1/bd/design_1/design_1.bd] -no_script -sync -force -quiet
export_simulation -of_objects [get_files C:/Users/dell/Desktop/mys-xc7z020-trd.xpr/mys-xc7z020-trd/mys-xc7z020-trd.srcs/sources_1/bd/design_1/design_1.bd] -directory C:/Users/dell/Desktop/mys-xc7z020-trd.xpr/mys-xc7z020-trd/mys-xc7z020-trd.ip_user_files/sim_scripts -ip_user_files_dir C:/Users/dell/Desktop/mys-xc7z020-trd.xpr/mys-xc7z020-trd/mys-xc7z020-trd.ip_user_files -ipstatic_source_dir C:/Users/dell/Desktop/mys-xc7z020-trd.xpr/mys-xc7z020-trd/mys-xc7z020-trd.ip_user_files/ipstatic -lib_map_path [list {modelsim=C:/Users/dell/Desktop/mys-xc7z020-trd.xpr/mys-xc7z020-trd/mys-xc7z020-trd.cache/compile_simlib/modelsim} {questa=C:/Users/dell/Desktop/mys-xc7z020-trd.xpr/mys-xc7z020-trd/mys-xc7z020-trd.cache/compile_simlib/questa} {riviera=C:/Users/dell/Desktop/mys-xc7z020-trd.xpr/mys-xc7z020-trd/mys-xc7z020-trd.cache/compile_simlib/riviera} {activehdl=C:/Users/dell/Desktop/mys-xc7z020-trd.xpr/mys-xc7z020-trd/mys-xc7z020-trd.cache/compile_simlib/activehdl}] -use_ip_compiled_libs -force -quiet
make_wrapper -files [get_files C:/Users/dell/Desktop/mys-xc7z020-trd.xpr/mys-xc7z020-trd/mys-xc7z020-trd.srcs/sources_1/bd/design_1/design_1.bd] -top
reset_run synth_1
launch_runs impl_1 -to_step write_bitstream -jobs 4
[Wed Jul 12 10:07:32 2017] Launched synth_1...
Run output will be captured here: C:/Users/dell/Desktop/mys-xc7z020-trd.xpr/mys-xc7z020-trd/mys-xc7z020-trd.runs/synth_1/runme.log
[Wed Jul 12 10:07:32 2017] Launched impl_1...
Run output will be captured here: C:/Users/dell/Desktop/mys-xc7z020-trd.xpr/mys-xc7z020-trd/mys-xc7z020-trd.runs/impl_1/runme.log
file copy -force C:/Users/dell/Desktop/mys-xc7z020-trd.xpr/mys-xc7z020-trd/mys-xc7z020-trd.runs/impl_1/design_1_wrapper.sysdef C:/Users/dell/Desktop/mys-xc7z020-trd.xpr/mys-xc7z020-trd/mys-xc7z020-trd.sdk/design_1_wrapper.hdf

exit
INFO: [Common 17-206] Exiting Vivado at Wed Jul 12 17:46:53 2017...
